        -:    0:Source:/home/runner/work/Hical/Hical/src/core/WsHandshake.h
        -:    1:#pragma once
        -:    2:
        -:    3:#include "FixedBuffer.h"
        -:    4:#include "HeaderMap.h"
        -:    5:#include "HttpRequest.h"
        -:    6:#include "WebSocket.h"
        -:    7:#include <charconv>
        -:    8:#include <cstdint>
        -:    9:#include <openssl/evp.h>
        -:   10:#include <string>
        -:   11:#include <string_view>
        -:   12:
        -:   13:namespace hical
        -:   14:{
        -:   15:
        -:   16:	// permessage-deflate 协商结果
        -:   17:	struct WsDeflateNegotiation
        -:   18:	{
        -:   19:		bool accepted = false;
        -:   20:		int serverMaxWindowBits = 15;
        -:   21:		int clientMaxWindowBits = 15;
        -:   22:		bool serverNoContextTakeover = false;
        -:   23:		bool clientNoContextTakeover = false;
        -:   24:	};
        -:   25:
        -:   26:	/**
        -:   27:	 * @brief 标准 Base64 编码（RFC 4648）
        -:   28:	 * @param data 输入数据
        -:   29:	 * @param len  输入长度
        -:   30:	 * @return Base64 编码字符串
        -:   31:	 */
function _ZN5hical12base64EncodeB5cxx11EPKhm called 4 returned 100% blocks executed 78%
        4:   32:	inline std::string base64Encode(const uint8_t* data, size_t len)
        -:   33:	{
        -:   34:		static constexpr char kTable[] = "ABCDEFGHIJKLMNOPQRSTUVWXYZabcdefghijklmnopqrstuvwxyz0123456789+/";
        -:   35:
        4:   36:		std::string result;
call    0 returned 100%
        4:   37:		result.reserve(((len + 2) / 3) * 4);
call    0 returned 100%
branch  1 taken 100% (fallthrough)
branch  2 taken 0% (throw)
        -:   38:
        4:   39:		size_t i = 0;
       28:   40:		for (; i + 2 < len; i += 3)
branch  0 taken 86%
branch  1 taken 14% (fallthrough)
        -:   41:		{
       24:   42:			uint32_t triplet = (static_cast<uint32_t>(data[i]) << 16) | (static_cast<uint32_t>(data[i + 1]) << 8)
       24:   43:							   | static_cast<uint32_t>(data[i + 2]);
       24:   44:			result.push_back(kTable[(triplet >> 18) & 0x3F]);
call    0 returned 100%
branch  1 taken 100% (fallthrough)
branch  2 taken 0% (throw)
       24:   45:			result.push_back(kTable[(triplet >> 12) & 0x3F]);
call    0 returned 100%
branch  1 taken 100% (fallthrough)
branch  2 taken 0% (throw)
       24:   46:			result.push_back(kTable[(triplet >> 6) & 0x3F]);
call    0 returned 100%
branch  1 taken 100% (fallthrough)
branch  2 taken 0% (throw)
       24:   47:			result.push_back(kTable[triplet & 0x3F]);
call    0 returned 100%
branch  1 taken 100% (fallthrough)
branch  2 taken 0% (throw)
        -:   48:		}
        -:   49:
        4:   50:		if (i + 1 == len)
branch  0 taken 0% (fallthrough)
branch  1 taken 100%
        -:   51:		{
    #####:   52:			uint32_t val = static_cast<uint32_t>(data[i]) << 16;
    #####:   53:			result.push_back(kTable[(val >> 18) & 0x3F]);
call    0 never executed
branch  1 never executed (fallthrough)
branch  2 never executed (throw)
    #####:   54:			result.push_back(kTable[(val >> 12) & 0x3F]);
call    0 never executed
branch  1 never executed (fallthrough)
branch  2 never executed (throw)
    #####:   55:			result.push_back('=');
call    0 never executed
branch  1 never executed (fallthrough)
branch  2 never executed (throw)
    #####:   56:			result.push_back('=');
call    0 never executed
branch  1 never executed (fallthrough)
branch  2 never executed (throw)
        -:   57:		}
        4:   58:		else if (i + 2 == len)
branch  0 taken 100% (fallthrough)
branch  1 taken 0%
        -:   59:		{
        4:   60:			uint32_t val = (static_cast<uint32_t>(data[i]) << 16) | (static_cast<uint32_t>(data[i + 1]) << 8);
        4:   61:			result.push_back(kTable[(val >> 18) & 0x3F]);
call    0 returned 100%
branch  1 taken 100% (fallthrough)
branch  2 taken 0% (throw)
        4:   62:			result.push_back(kTable[(val >> 12) & 0x3F]);
call    0 returned 100%
branch  1 taken 100% (fallthrough)
branch  2 taken 0% (throw)
        4:   63:			result.push_back(kTable[(val >> 6) & 0x3F]);
call    0 returned 100%
branch  1 taken 100% (fallthrough)
branch  2 taken 0% (throw)
        4:   64:			result.push_back('=');
call    0 returned 100%
branch  1 taken 100% (fallthrough)
branch  2 taken 0% (throw)
        -:   65:		}
        -:   66:
        4:   67:		return result;
    =====:   68:	}
call    0 never executed
        -:   69:
        -:   70:	/**
        -:   71:	 * @brief 计算 Sec-WebSocket-Accept（RFC 6455 §4.2.2）
        -:   72:	 * Accept = Base64( SHA1( clientKey + "258EAFA5-E914-47DA-95CA-5AB5DC65C174" ) )
        -:   73:	 * 测试向量：computeWsAcceptKey("dGhlIHNhbXBsZSBub25jZQ==") == "s3pPLMBiTxaQ9kYGzzhZRbK+xOo="
        -:   74:	 * @param clientKey 客户端提供的 Sec-WebSocket-Key 值
        -:   75:	 * @return Sec-WebSocket-Accept 值
        -:   76:	 */
function _ZN5hical18computeWsAcceptKeyB5cxx11ESt17basic_string_viewIcSt11char_traitsIcEE called 4 returned 100% blocks executed 89%
        4:   77:	inline std::string computeWsAcceptKey(std::string_view clientKey)
        -:   78:	{
        -:   79:		static constexpr std::string_view kGuid = "258EAFA5-E914-47DA-95CA-5AB5DC65C174";
        -:   80:
        -:   81:		// 拼接 clientKey + GUID
        4:   82:		std::string concat;
call    0 returned 100%
        4:   83:		concat.reserve(clientKey.size() + kGuid.size());
call    0 returned 100%
call    1 returned 100%
call    2 returned 100%
branch  3 taken 100% (fallthrough)
branch  4 taken 0% (throw)
        4:   84:		concat.append(clientKey);
call    0 returned 100%
branch  1 taken 100% (fallthrough)
branch  2 taken 0% (throw)
        4:   85:		concat.append(kGuid);
call    0 returned 100%
branch  1 taken 100% (fallthrough)
branch  2 taken 0% (throw)
        -:   86:
        -:   87:		// SHA1
        -:   88:		uint8_t hash[EVP_MAX_MD_SIZE];
        4:   89:		unsigned int hashLen = 0;
        4:   90:		EVP_Digest(concat.data(), concat.size(), hash, &hashLen, EVP_sha1(), nullptr);
call    0 returned 100%
branch  1 taken 100% (fallthrough)
branch  2 taken 0% (throw)
call    3 returned 100%
call    4 returned 100%
call    5 returned 100%
branch  6 taken 100% (fallthrough)
branch  7 taken 0% (throw)
        -:   91:
        8:   92:		return base64Encode(hash, hashLen);
call    0 returned 100%
branch  1 taken 100% (fallthrough)
branch  2 taken 0% (throw)
        4:   93:	}
call    0 returned 100%
call    1 never executed
        -:   94:
        -:   95:	/**
        -:   96:	 * @brief 验证 WebSocket 升级请求头部（RFC 6455 §4.2.1）
        -:   97:	 * 前置条件：NativeRequest::isUpgrade() 已返回 true（Connection: Upgrade + Upgrade: websocket 已检查）。
        -:   98:	 * 本函数额外验证 Sec-WebSocket-Version 和 Sec-WebSocket-Key。
        -:   99:	 * @param req 已解析的 NativeRequest
        -:  100:	 * @return Sec-WebSocket-Key 值（成功时非空），验证失败时返回空 string_view
        -:  101:	 */
function _ZN5hical17validateWsUpgradeERKNS_13NativeRequestE called 4 returned 100% blocks executed 70%
        4:  102:	inline std::string_view validateWsUpgrade(const NativeRequest& req)
        -:  103:	{
        -:  104:		// 检查 Sec-WebSocket-Version: 13
        4:  105:		auto version = req.headers.find("Sec-WebSocket-Version");
call    0 returned 100%
call    1 returned 100%
        4:  106:		if (version != "13")
call    0 returned 100%
call    1 returned 100%
branch  2 taken 0% (fallthrough)
branch  3 taken 100%
        -:  107:		{
    #####:  108:			return {};
call    0 never executed
        -:  109:		}
        -:  110:
        -:  111:		// 检查 Sec-WebSocket-Key 存在且为 24 字符 Base64（RFC 6455 §4.2.1：16 字节随机值的 Base64 编码）
        4:  112:		auto key = req.headers.find("Sec-WebSocket-Key");
call    0 returned 100%
call    1 returned 100%
       4*:  113:		if (key.empty() || key.size() != 24)
call    0 returned 100%
branch  1 taken 100% (fallthrough)
branch  2 taken 0%
call    3 returned 100%
branch  4 taken 0% (fallthrough)
branch  5 taken 100%
branch  6 taken 0% (fallthrough)
branch  7 taken 100%
        -:  114:		{
    #####:  115:			return {};
call    0 never executed
        -:  116:		}
        -:  117:
        4:  118:		return key;
        -:  119:	}
        -:  120:
        -:  121:	namespace detail
        -:  122:	{
        -:  123:
        -:  124:		// 辅助：trim 前后空格
function _ZN5hical6detail6trimWsESt17basic_string_viewIcSt11char_traitsIcEE called 0 returned 0% blocks executed 0%
    #####:  125:		inline std::string_view trimWs(std::string_view sv)
        -:  126:		{
    #####:  127:			while (!sv.empty() && sv.front() == ' ')
call    0 never executed
branch  1 never executed (fallthrough)
branch  2 never executed
call    3 never executed
branch  4 never executed (fallthrough)
branch  5 never executed
branch  6 never executed
branch  7 never executed (fallthrough)
        -:  128:			{
    #####:  129:				sv.remove_prefix(1);
call    0 never executed
        -:  130:			}
    #####:  131:			while (!sv.empty() && sv.back() == ' ')
call    0 never executed
branch  1 never executed (fallthrough)
branch  2 never executed
call    3 never executed
branch  4 never executed (fallthrough)
branch  5 never executed
branch  6 never executed
branch  7 never executed (fallthrough)
        -:  132:			{
    #####:  133:				sv.remove_suffix(1);
call    0 never executed
        -:  134:			}
    #####:  135:			return sv;
        -:  136:		}
        -:  137:
        -:  138:		// 辅助：从 "param=value" 中提取 value（不含空格），param 不含 '=' 时返回空
function _ZN5hical6detail17extractParamValueESt17basic_string_viewIcSt11char_traitsIcEE called 0 returned 0% blocks executed 0%
    #####:  139:		inline std::string_view extractParamValue(std::string_view token)
        -:  140:		{
    #####:  141:			auto eq = token.find('=');
call    0 never executed
    #####:  142:			if (eq == std::string_view::npos)
branch  0 never executed (fallthrough)
branch  1 never executed
        -:  143:			{
    #####:  144:				return {};
call    0 never executed
        -:  145:			}
    #####:  146:			return trimWs(token.substr(eq + 1));
call    0 never executed
call    1 never executed
        -:  147:		}
        -:  148:
        -:  149:	} // namespace detail
        -:  150:
        -:  151:	/**
        -:  152:	 * @brief 协商 permessage-deflate 扩展（RFC 7692）
        -:  153:	 * 解析客户端 Sec-WebSocket-Extensions 头部中的 permessage-deflate offer，
        -:  154:	 * 与服务端配置取交集。
        -:  155:	 * @param extHeader  客户端 Sec-WebSocket-Extensions 头部值
        -:  156:	 * @param serverCfg  服务端压缩配置
        -:  157:	 * @return 协商结果，accepted=true 表示压缩可用
        -:  158:	 */
function _ZN5hical16negotiateDeflateESt17basic_string_viewIcSt11char_traitsIcEERKNS_19WsCompressionConfigE called 0 returned 0% blocks executed 0%
    #####:  159:	inline WsDeflateNegotiation negotiateDeflate(std::string_view extHeader, const WsCompressionConfig& serverCfg)
        -:  160:	{
    #####:  161:		WsDeflateNegotiation result;
    #####:  162:		if (extHeader.empty() || !serverCfg.enabled)
call    0 never executed
branch  1 never executed (fallthrough)
branch  2 never executed
branch  3 never executed (fallthrough)
branch  4 never executed
branch  5 never executed (fallthrough)
branch  6 never executed
        -:  163:		{
    #####:  164:			return result;
        -:  165:		}
        -:  166:
        -:  167:		// 按逗号分割多个扩展 offer，找到 permessage-deflate
        -:  168:		// 注意：扩展名和参数之间用分号分隔，多个扩展之间用逗号分隔
        -:  169:		// 例如："permessage-deflate; server_max_window_bits=10, another-ext"
        -:  170:		// 难点：参数值本身不含逗号，所以逗号作为顶层分隔符是安全的
        -:  171:
    #####:  172:		std::string_view remaining = extHeader;
    #####:  173:		while (!remaining.empty())
call    0 never executed
branch  1 never executed
branch  2 never executed (fallthrough)
        -:  174:		{
        -:  175:			// 取一个扩展 offer（逗号分割）
    #####:  176:			auto comma = remaining.find(',');
call    0 never executed
    #####:  177:			auto offer = (comma != std::string_view::npos) ? remaining.substr(0, comma) : remaining;
branch  0 never executed (fallthrough)
branch  1 never executed
call    2 never executed
branch  3 never executed (fallthrough)
branch  4 never executed (throw)
    #####:  178:			remaining = (comma != std::string_view::npos) ? remaining.substr(comma + 1) : std::string_view {};
branch  0 never executed (fallthrough)
branch  1 never executed
call    2 never executed
branch  3 never executed (fallthrough)
branch  4 never executed (throw)
call    5 never executed
        -:  179:
    #####:  180:			offer = detail::trimWs(offer);
call    0 never executed
        -:  181:
        -:  182:			// 检查此 offer 是否以 "permessage-deflate" 开头
    #####:  183:			auto semi = offer.find(';');
call    0 never executed
    #####:  184:			auto extName = detail::trimWs((semi != std::string_view::npos) ? offer.substr(0, semi) : offer);
branch  0 never executed (fallthrough)
branch  1 never executed
call    2 never executed
branch  3 never executed (fallthrough)
branch  4 never executed (throw)
call    5 never executed
        -:  185:
    #####:  186:			if (!HeaderMap::iequals(extName, "permessage-deflate"))
call    0 never executed
call    1 never executed
branch  2 never executed (fallthrough)
branch  3 never executed
        -:  187:			{
    #####:  188:				continue;
        -:  189:			}
        -:  190:
        -:  191:			// 找到 permessage-deflate，解析参数
    #####:  192:			result.accepted = true;
    #####:  193:			result.serverMaxWindowBits = serverCfg.serverMaxWindowBits;
    #####:  194:			result.clientMaxWindowBits = serverCfg.clientMaxWindowBits;
    #####:  195:			result.serverNoContextTakeover = serverCfg.serverNoContextTakeover;
        -:  196:
    #####:  197:			if (semi == std::string_view::npos)
branch  0 never executed (fallthrough)
branch  1 never executed
        -:  198:			{
    #####:  199:				break; // 无参数
        -:  200:			}
        -:  201:
    #####:  202:			auto params = offer.substr(semi + 1);
call    0 never executed
branch  1 never executed (fallthrough)
branch  2 never executed (throw)
    #####:  203:			while (!params.empty())
call    0 never executed
branch  1 never executed
branch  2 never executed (fallthrough)
        -:  204:			{
    #####:  205:				auto nextSemi = params.find(';');
call    0 never executed
    #####:  206:				auto token = detail::trimWs((nextSemi != std::string_view::npos) ? params.substr(0, nextSemi) : params);
branch  0 never executed (fallthrough)
branch  1 never executed
call    2 never executed
branch  3 never executed (fallthrough)
branch  4 never executed (throw)
call    5 never executed
    #####:  207:				params = (nextSemi != std::string_view::npos) ? params.substr(nextSemi + 1) : std::string_view {};
branch  0 never executed (fallthrough)
branch  1 never executed
call    2 never executed
branch  3 never executed (fallthrough)
branch  4 never executed (throw)
call    5 never executed
        -:  208:
    #####:  209:				if (token.starts_with("server_max_window_bits"))
call    0 never executed
branch  1 never executed (fallthrough)
branch  2 never executed
        -:  210:				{
    #####:  211:					auto val = detail::extractParamValue(token);
call    0 never executed
branch  1 never executed (fallthrough)
branch  2 never executed (throw)
    #####:  212:					if (!val.empty())
call    0 never executed
branch  1 never executed (fallthrough)
branch  2 never executed
        -:  213:					{
    #####:  214:						int bits = 0;
    #####:  215:						auto [ptr, ec] = std::from_chars(val.data(), val.data() + val.size(), bits);
call    0 never executed
call    1 never executed
call    2 never executed
call    3 never executed
branch  4 never executed (fallthrough)
branch  5 never executed (throw)
    #####:  216:						if (ec == std::errc {} && bits >= 8 && bits <= 15)
branch  0 never executed (fallthrough)
branch  1 never executed
branch  2 never executed (fallthrough)
branch  3 never executed
branch  4 never executed (fallthrough)
branch  5 never executed
        -:  217:						{
    #####:  218:							result.serverMaxWindowBits = std::min(bits, serverCfg.serverMaxWindowBits);
call    0 never executed
        -:  219:						}
        -:  220:					}
        -:  221:				}
    #####:  222:				else if (token.starts_with("client_max_window_bits"))
call    0 never executed
branch  1 never executed (fallthrough)
branch  2 never executed
        -:  223:				{
    #####:  224:					auto val = detail::extractParamValue(token);
call    0 never executed
branch  1 never executed (fallthrough)
branch  2 never executed (throw)
    #####:  225:					if (!val.empty())
call    0 never executed
branch  1 never executed (fallthrough)
branch  2 never executed
        -:  226:					{
    #####:  227:						int bits = 0;
    #####:  228:						auto [ptr, ec] = std::from_chars(val.data(), val.data() + val.size(), bits);
call    0 never executed
call    1 never executed
call    2 never executed
call    3 never executed
branch  4 never executed (fallthrough)
branch  5 never executed (throw)
    #####:  229:						if (ec == std::errc {} && bits >= 8 && bits <= 15)
branch  0 never executed (fallthrough)
branch  1 never executed
branch  2 never executed (fallthrough)
branch  3 never executed
branch  4 never executed (fallthrough)
branch  5 never executed
        -:  230:						{
    #####:  231:							result.clientMaxWindowBits = std::min(bits, serverCfg.clientMaxWindowBits);
call    0 never executed
        -:  232:						}
        -:  233:					}
        -:  234:					// 无值（"client_max_window_bits" 不带 =N）：使用服务端配置值
        -:  235:				}
    #####:  236:				else if (token == "server_no_context_takeover")
call    0 never executed
call    1 never executed
branch  2 never executed (fallthrough)
branch  3 never executed
        -:  237:				{
    #####:  238:					result.serverNoContextTakeover = true;
        -:  239:				}
    #####:  240:				else if (token == "client_no_context_takeover")
call    0 never executed
call    1 never executed
branch  2 never executed (fallthrough)
branch  3 never executed
        -:  241:				{
    #####:  242:					result.clientNoContextTakeover = true;
        -:  243:				}
        -:  244:			}
    #####:  245:			break; // 只处理第一个匹配的 offer
        -:  246:		}
        -:  247:
    #####:  248:		return result;
        -:  249:	}
        -:  250:
        -:  251:	/**
        -:  252:	 * @brief 构建 WebSocket 101 Switching Protocols 响应
        -:  253:	 * 输出到 FixedBuffer<512>（栈上零堆分配），格式完全符合 RFC 6455 §4.2.2。
        -:  254:	 * @param buf        输出缓冲区
        -:  255:	 * @param acceptKey  Sec-WebSocket-Accept 值
        -:  256:	 * @param deflateNeg permessage-deflate 协商结果（nullptr 或 accepted=false 时跳过扩展头）
        -:  257:	 */
function _ZN5hical21buildWsAcceptResponseERNS_11FixedBufferILm512EEESt17basic_string_viewIcSt11char_traitsIcEEPKNS_20WsDeflateNegotiationE called 4 returned 100% blocks executed 45%
        4:  258:	inline void buildWsAcceptResponse(FixedBuffer<512>& buf,
        -:  259:									  std::string_view acceptKey,
        -:  260:									  const WsDeflateNegotiation* deflateNeg = nullptr)
        -:  261:	{
        4:  262:		buf << "HTTP/1.1 101 Switching Protocols\r\n"
call    0 returned 100%
        4:  263:			<< "Upgrade: websocket\r\n"
call    0 returned 100%
        4:  264:			<< "Connection: Upgrade\r\n"
call    0 returned 100%
        4:  265:			<< "Sec-WebSocket-Accept: " << acceptKey << "\r\n";
call    0 returned 100%
call    1 returned 100%
call    2 returned 100%
        -:  266:
       4*:  267:		if (deflateNeg != nullptr && deflateNeg->accepted)
branch  0 taken 0% (fallthrough)
branch  1 taken 100%
branch  2 never executed (fallthrough)
branch  3 never executed
        -:  268:		{
    #####:  269:			buf << "Sec-WebSocket-Extensions: permessage-deflate"
call    0 never executed
    #####:  270:				<< "; server_max_window_bits=" << deflateNeg->serverMaxWindowBits
call    0 never executed
call    1 never executed
    #####:  271:				<< "; client_max_window_bits=" << deflateNeg->clientMaxWindowBits;
call    0 never executed
call    1 never executed
        -:  272:
    #####:  273:			if (deflateNeg->serverNoContextTakeover)
branch  0 never executed (fallthrough)
branch  1 never executed
        -:  274:			{
    #####:  275:				buf << "; server_no_context_takeover";
call    0 never executed
        -:  276:			}
    #####:  277:			if (deflateNeg->clientNoContextTakeover)
branch  0 never executed (fallthrough)
branch  1 never executed
        -:  278:			{
    #####:  279:				buf << "; client_no_context_takeover";
call    0 never executed
        -:  280:			}
    #####:  281:			buf << "\r\n";
call    0 never executed
        -:  282:		}
        -:  283:
        4:  284:		buf << "\r\n";
call    0 returned 100%
        4:  285:	}
        -:  286:
        -:  287:} // namespace hical
