        -:    0:Source:/home/runner/work/Hical/Hical/tests/test_log.cpp
        -:    1:#include "core/Log.h"
        -:    2:#include "core/LogSink.h"
        -:    3:#include <gtest/gtest.h>
        -:    4:#include <cstdio>
        -:    5:#include <filesystem>
        -:    6:#include <fstream>
        -:    7:#include <sstream>
        -:    8:#include <string>
        -:    9:#include <thread>
        -:   10:
        -:   11:using namespace hical;
        -:   12:
        -:   13:// ============ 测试夹具：每个用例前重置 Logger 状态 ============
        -:   14:
        -:   15:class LogTest : public ::testing::Test
        -:   16:{
        -:   17:protected:
function _ZN7LogTest5SetUpEv called 36 returned 100% blocks executed 100%
       36:   18:	void SetUp() override
        -:   19:	{
        -:   20:		// 重置为默认状态：级别 hInfo，输出到 devNull，flush 阈值 hError
       36:   21:		Logger::instance().setLevel(LogLevel::hInfo);
call    0 returned 100%
call    1 returned 100%
       36:   22:		Logger::instance().setFlushLevel(LogLevel::hError);
call    0 returned 100%
call    1 returned 100%
       36:   23:		Logger::instance().setOutput(m_devNull);
call    0 returned 100%
call    1 returned 100%
       36:   24:	}
        -:   25:
function _ZN7LogTest8TearDownEv called 36 returned 100% blocks executed 100%
       36:   26:	void TearDown() override
        -:   27:	{
        -:   28:		// 恢复为 stderr，避免 fixture 析构后 Logger 持有悬空指针
       36:   29:		Logger::instance().setOutput(std::cerr);
call    0 returned 100%
call    1 returned 100%
       36:   30:		Logger::instance().setLevel(LogLevel::hInfo);
call    0 returned 100%
call    1 returned 100%
       36:   31:		Logger::instance().setFlushLevel(LogLevel::hError);
call    0 returned 100%
call    1 returned 100%
       36:   32:	}
        -:   33:
        -:   34:	std::ostringstream m_ss;
        -:   35:	// 用 /dev/null 等效替代 stderr，避免测试输出噪音
        -:   36:	std::ofstream m_devNull;
        -:   37:};
        -:   38:
        -:   39:// ============ 基础属性测试 ============
        -:   40:
        4:   41:TEST_F(LogTest, DefaultLevelIsInfo)
        -:   42:{
        1:   43:	Logger::instance().setLevel(LogLevel::hInfo);
       1*:   44:	EXPECT_EQ(Logger::instance().level(), LogLevel::hInfo);
        1:   45:}
------------------
_ZN31LogTest_DefaultLevelIsInfo_TestC2Ev:
function _ZN31LogTest_DefaultLevelIsInfo_TestC2Ev called 1 returned 100% blocks executed 100%
        1:   41:TEST_F(LogTest, DefaultLevelIsInfo)
call    0 returned 100%
------------------
_ZN31LogTest_DefaultLevelIsInfo_TestD0Ev:
function _ZN31LogTest_DefaultLevelIsInfo_TestD0Ev called 1 returned 100% blocks executed 100%
        1:   41:TEST_F(LogTest, DefaultLevelIsInfo)
call    0 returned 100%
call    1 returned 100%
------------------
_ZN31LogTest_DefaultLevelIsInfo_TestD2Ev:
function _ZN31LogTest_DefaultLevelIsInfo_TestD2Ev called 1 returned 100% blocks executed 100%
        1:   41:TEST_F(LogTest, DefaultLevelIsInfo)
call    0 returned 100%
------------------
_ZN31LogTest_DefaultLevelIsInfo_Test8TestBodyEv:
function _ZN31LogTest_DefaultLevelIsInfo_Test8TestBodyEv called 1 returned 100% blocks executed 37%
        1:   41:TEST_F(LogTest, DefaultLevelIsInfo)
        -:   42:{
        1:   43:	Logger::instance().setLevel(LogLevel::hInfo);
call    0 returned 100%
call    1 returned 100%
       1*:   44:	EXPECT_EQ(Logger::instance().level(), LogLevel::hInfo);
call    0 returned 100%
branch  1 taken 100% (fallthrough)
branch  2 taken 0% (throw)
call    3 returned 100%
branch  4 taken 100% (fallthrough)
branch  5 taken 0% (throw)
call    6 returned 100%
branch  7 taken 100% (fallthrough)
branch  8 taken 0% (throw)
call    9 returned 100%
branch 10 taken 0% (fallthrough)
branch 11 taken 100%
call   12 never executed
branch 13 never executed (fallthrough)
branch 14 never executed (throw)
call   15 never executed
call   16 never executed
branch 17 never executed (fallthrough)
branch 18 never executed (throw)
call   19 never executed
branch 20 never executed (fallthrough)
branch 21 never executed (throw)
call   22 never executed
call   23 never executed
call   24 returned 100%
call   25 never executed
call   26 never executed
call   27 never executed
        1:   45:}
------------------
        -:   46:
        4:   47:TEST_F(LogTest, SetLevel)
        -:   48:{
        1:   49:	Logger::instance().setLevel(LogLevel::hDebug);
       1*:   50:	EXPECT_EQ(Logger::instance().level(), LogLevel::hDebug);
        -:   51:
        1:   52:	Logger::instance().setLevel(LogLevel::hError);
       1*:   53:	EXPECT_EQ(Logger::instance().level(), LogLevel::hError);
        1:   54:}
------------------
_ZN21LogTest_SetLevel_TestC2Ev:
function _ZN21LogTest_SetLevel_TestC2Ev called 1 returned 100% blocks executed 100%
        1:   47:TEST_F(LogTest, SetLevel)
call    0 returned 100%
------------------
_ZN21LogTest_SetLevel_TestD0Ev:
function _ZN21LogTest_SetLevel_TestD0Ev called 1 returned 100% blocks executed 100%
        1:   47:TEST_F(LogTest, SetLevel)
call    0 returned 100%
call    1 returned 100%
------------------
_ZN21LogTest_SetLevel_TestD2Ev:
function _ZN21LogTest_SetLevel_TestD2Ev called 1 returned 100% blocks executed 100%
        1:   47:TEST_F(LogTest, SetLevel)
call    0 returned 100%
------------------
_ZN21LogTest_SetLevel_Test8TestBodyEv:
function _ZN21LogTest_SetLevel_Test8TestBodyEv called 1 returned 100% blocks executed 34%
        1:   47:TEST_F(LogTest, SetLevel)
        -:   48:{
        1:   49:	Logger::instance().setLevel(LogLevel::hDebug);
call    0 returned 100%
call    1 returned 100%
       1*:   50:	EXPECT_EQ(Logger::instance().level(), LogLevel::hDebug);
call    0 returned 100%
branch  1 taken 100% (fallthrough)
branch  2 taken 0% (throw)
call    3 returned 100%
branch  4 taken 100% (fallthrough)
branch  5 taken 0% (throw)
call    6 returned 100%
branch  7 taken 100% (fallthrough)
branch  8 taken 0% (throw)
call    9 returned 100%
branch 10 taken 0% (fallthrough)
branch 11 taken 100%
call   12 never executed
branch 13 never executed (fallthrough)
branch 14 never executed (throw)
call   15 never executed
call   16 never executed
branch 17 never executed (fallthrough)
branch 18 never executed (throw)
call   19 never executed
branch 20 never executed (fallthrough)
branch 21 never executed (throw)
call   22 never executed
call   23 never executed
call   24 returned 100%
call   25 never executed
call   26 never executed
call   27 never executed
        -:   51:
        1:   52:	Logger::instance().setLevel(LogLevel::hError);
call    0 returned 100%
call    1 returned 100%
       1*:   53:	EXPECT_EQ(Logger::instance().level(), LogLevel::hError);
call    0 returned 100%
branch  1 taken 100% (fallthrough)
branch  2 taken 0% (throw)
call    3 returned 100%
branch  4 taken 100% (fallthrough)
branch  5 taken 0% (throw)
call    6 returned 100%
branch  7 taken 100% (fallthrough)
branch  8 taken 0% (throw)
call    9 returned 100%
branch 10 taken 0% (fallthrough)
branch 11 taken 100%
call   12 never executed
branch 13 never executed (fallthrough)
branch 14 never executed (throw)
call   15 never executed
call   16 never executed
branch 17 never executed (fallthrough)
branch 18 never executed (throw)
call   19 never executed
branch 20 never executed (fallthrough)
branch 21 never executed (throw)
call   22 never executed
call   23 never executed
call   24 returned 100%
call   25 never executed
call   26 never executed
call   27 never executed
        1:   54:}
------------------
        -:   55:
        4:   56:TEST_F(LogTest, SetLevelTrace)
        -:   57:{
        1:   58:	Logger::instance().setLevel(LogLevel::hTrace);
       1*:   59:	EXPECT_EQ(Logger::instance().level(), LogLevel::hTrace);
        1:   60:}
------------------
_ZN26LogTest_SetLevelTrace_TestC2Ev:
function _ZN26LogTest_SetLevelTrace_TestC2Ev called 1 returned 100% blocks executed 100%
        1:   56:TEST_F(LogTest, SetLevelTrace)
call    0 returned 100%
------------------
_ZN26LogTest_SetLevelTrace_TestD0Ev:
function _ZN26LogTest_SetLevelTrace_TestD0Ev called 1 returned 100% blocks executed 100%
        1:   56:TEST_F(LogTest, SetLevelTrace)
call    0 returned 100%
call    1 returned 100%
------------------
_ZN26LogTest_SetLevelTrace_TestD2Ev:
function _ZN26LogTest_SetLevelTrace_TestD2Ev called 1 returned 100% blocks executed 100%
        1:   56:TEST_F(LogTest, SetLevelTrace)
call    0 returned 100%
------------------
_ZN26LogTest_SetLevelTrace_Test8TestBodyEv:
function _ZN26LogTest_SetLevelTrace_Test8TestBodyEv called 1 returned 100% blocks executed 37%
        1:   56:TEST_F(LogTest, SetLevelTrace)
        -:   57:{
        1:   58:	Logger::instance().setLevel(LogLevel::hTrace);
call    0 returned 100%
call    1 returned 100%
       1*:   59:	EXPECT_EQ(Logger::instance().level(), LogLevel::hTrace);
call    0 returned 100%
branch  1 taken 100% (fallthrough)
branch  2 taken 0% (throw)
call    3 returned 100%
branch  4 taken 100% (fallthrough)
branch  5 taken 0% (throw)
call    6 returned 100%
branch  7 taken 100% (fallthrough)
branch  8 taken 0% (throw)
call    9 returned 100%
branch 10 taken 0% (fallthrough)
branch 11 taken 100%
call   12 never executed
branch 13 never executed (fallthrough)
branch 14 never executed (throw)
call   15 never executed
call   16 never executed
branch 17 never executed (fallthrough)
branch 18 never executed (throw)
call   19 never executed
branch 20 never executed (fallthrough)
branch 21 never executed (throw)
call   22 never executed
call   23 never executed
call   24 returned 100%
call   25 never executed
call   26 never executed
call   27 never executed
        1:   60:}
------------------
        -:   61:
        4:   62:TEST_F(LogTest, SetLevelFatal)
        -:   63:{
        1:   64:	Logger::instance().setLevel(LogLevel::hFatal);
       1*:   65:	EXPECT_EQ(Logger::instance().level(), LogLevel::hFatal);
        1:   66:}
------------------
_ZN26LogTest_SetLevelFatal_TestC2Ev:
function _ZN26LogTest_SetLevelFatal_TestC2Ev called 1 returned 100% blocks executed 100%
        1:   62:TEST_F(LogTest, SetLevelFatal)
call    0 returned 100%
------------------
_ZN26LogTest_SetLevelFatal_TestD0Ev:
function _ZN26LogTest_SetLevelFatal_TestD0Ev called 1 returned 100% blocks executed 100%
        1:   62:TEST_F(LogTest, SetLevelFatal)
call    0 returned 100%
call    1 returned 100%
------------------
_ZN26LogTest_SetLevelFatal_TestD2Ev:
function _ZN26LogTest_SetLevelFatal_TestD2Ev called 1 returned 100% blocks executed 100%
        1:   62:TEST_F(LogTest, SetLevelFatal)
call    0 returned 100%
------------------
_ZN26LogTest_SetLevelFatal_Test8TestBodyEv:
function _ZN26LogTest_SetLevelFatal_Test8TestBodyEv called 1 returned 100% blocks executed 37%
        1:   62:TEST_F(LogTest, SetLevelFatal)
        -:   63:{
        1:   64:	Logger::instance().setLevel(LogLevel::hFatal);
call    0 returned 100%
call    1 returned 100%
       1*:   65:	EXPECT_EQ(Logger::instance().level(), LogLevel::hFatal);
call    0 returned 100%
branch  1 taken 100% (fallthrough)
branch  2 taken 0% (throw)
call    3 returned 100%
branch  4 taken 100% (fallthrough)
branch  5 taken 0% (throw)
call    6 returned 100%
branch  7 taken 100% (fallthrough)
branch  8 taken 0% (throw)
call    9 returned 100%
branch 10 taken 0% (fallthrough)
branch 11 taken 100%
call   12 never executed
branch 13 never executed (fallthrough)
branch 14 never executed (throw)
call   15 never executed
call   16 never executed
branch 17 never executed (fallthrough)
branch 18 never executed (throw)
call   19 never executed
branch 20 never executed (fallthrough)
branch 21 never executed (throw)
call   22 never executed
call   23 never executed
call   24 returned 100%
call   25 never executed
call   26 never executed
call   27 never executed
        1:   66:}
------------------
        -:   67:
        -:   68:// ============ flush 级别测试 ============
        -:   69:
        4:   70:TEST_F(LogTest, DefaultFlushLevelIsError)
        -:   71:{
       1*:   72:	EXPECT_EQ(Logger::instance().flushLevel(), LogLevel::hError);
        1:   73:}
------------------
_ZN37LogTest_DefaultFlushLevelIsError_TestC2Ev:
function _ZN37LogTest_DefaultFlushLevelIsError_TestC2Ev called 1 returned 100% blocks executed 100%
        1:   70:TEST_F(LogTest, DefaultFlushLevelIsError)
call    0 returned 100%
------------------
_ZN37LogTest_DefaultFlushLevelIsError_TestD0Ev:
function _ZN37LogTest_DefaultFlushLevelIsError_TestD0Ev called 1 returned 100% blocks executed 100%
        1:   70:TEST_F(LogTest, DefaultFlushLevelIsError)
call    0 returned 100%
call    1 returned 100%
------------------
_ZN37LogTest_DefaultFlushLevelIsError_TestD2Ev:
function _ZN37LogTest_DefaultFlushLevelIsError_TestD2Ev called 1 returned 100% blocks executed 100%
        1:   70:TEST_F(LogTest, DefaultFlushLevelIsError)
call    0 returned 100%
------------------
_ZN37LogTest_DefaultFlushLevelIsError_Test8TestBodyEv:
function _ZN37LogTest_DefaultFlushLevelIsError_Test8TestBodyEv called 1 returned 100% blocks executed 32%
        1:   70:TEST_F(LogTest, DefaultFlushLevelIsError)
        -:   71:{
       1*:   72:	EXPECT_EQ(Logger::instance().flushLevel(), LogLevel::hError);
call    0 returned 100%
branch  1 taken 100% (fallthrough)
branch  2 taken 0% (throw)
call    3 returned 100%
branch  4 taken 100% (fallthrough)
branch  5 taken 0% (throw)
call    6 returned 100%
branch  7 taken 100% (fallthrough)
branch  8 taken 0% (throw)
call    9 returned 100%
branch 10 taken 0% (fallthrough)
branch 11 taken 100%
call   12 never executed
branch 13 never executed (fallthrough)
branch 14 never executed (throw)
call   15 never executed
call   16 never executed
branch 17 never executed (fallthrough)
branch 18 never executed (throw)
call   19 never executed
branch 20 never executed (fallthrough)
branch 21 never executed (throw)
call   22 never executed
call   23 never executed
call   24 returned 100%
call   25 never executed
call   26 never executed
call   27 never executed
        1:   73:}
------------------
        -:   74:
        4:   75:TEST_F(LogTest, SetFlushLevel)
        -:   76:{
        1:   77:	Logger::instance().setFlushLevel(LogLevel::hWarn);
       1*:   78:	EXPECT_EQ(Logger::instance().flushLevel(), LogLevel::hWarn);
        -:   79:
        1:   80:	Logger::instance().setFlushLevel(LogLevel::hFatal);
       1*:   81:	EXPECT_EQ(Logger::instance().flushLevel(), LogLevel::hFatal);
        1:   82:}
------------------
_ZN26LogTest_SetFlushLevel_TestC2Ev:
function _ZN26LogTest_SetFlushLevel_TestC2Ev called 1 returned 100% blocks executed 100%
        1:   75:TEST_F(LogTest, SetFlushLevel)
call    0 returned 100%
------------------
_ZN26LogTest_SetFlushLevel_TestD0Ev:
function _ZN26LogTest_SetFlushLevel_TestD0Ev called 1 returned 100% blocks executed 100%
        1:   75:TEST_F(LogTest, SetFlushLevel)
call    0 returned 100%
call    1 returned 100%
------------------
_ZN26LogTest_SetFlushLevel_TestD2Ev:
function _ZN26LogTest_SetFlushLevel_TestD2Ev called 1 returned 100% blocks executed 100%
        1:   75:TEST_F(LogTest, SetFlushLevel)
call    0 returned 100%
------------------
_ZN26LogTest_SetFlushLevel_Test8TestBodyEv:
function _ZN26LogTest_SetFlushLevel_Test8TestBodyEv called 1 returned 100% blocks executed 34%
        1:   75:TEST_F(LogTest, SetFlushLevel)
        -:   76:{
        1:   77:	Logger::instance().setFlushLevel(LogLevel::hWarn);
call    0 returned 100%
call    1 returned 100%
       1*:   78:	EXPECT_EQ(Logger::instance().flushLevel(), LogLevel::hWarn);
call    0 returned 100%
branch  1 taken 100% (fallthrough)
branch  2 taken 0% (throw)
call    3 returned 100%
branch  4 taken 100% (fallthrough)
branch  5 taken 0% (throw)
call    6 returned 100%
branch  7 taken 100% (fallthrough)
branch  8 taken 0% (throw)
call    9 returned 100%
branch 10 taken 0% (fallthrough)
branch 11 taken 100%
call   12 never executed
branch 13 never executed (fallthrough)
branch 14 never executed (throw)
call   15 never executed
call   16 never executed
branch 17 never executed (fallthrough)
branch 18 never executed (throw)
call   19 never executed
branch 20 never executed (fallthrough)
branch 21 never executed (throw)
call   22 never executed
call   23 never executed
call   24 returned 100%
call   25 never executed
call   26 never executed
call   27 never executed
        -:   79:
        1:   80:	Logger::instance().setFlushLevel(LogLevel::hFatal);
call    0 returned 100%
call    1 returned 100%
       1*:   81:	EXPECT_EQ(Logger::instance().flushLevel(), LogLevel::hFatal);
call    0 returned 100%
branch  1 taken 100% (fallthrough)
branch  2 taken 0% (throw)
call    3 returned 100%
branch  4 taken 100% (fallthrough)
branch  5 taken 0% (throw)
call    6 returned 100%
branch  7 taken 100% (fallthrough)
branch  8 taken 0% (throw)
call    9 returned 100%
branch 10 taken 0% (fallthrough)
branch 11 taken 100%
call   12 never executed
branch 13 never executed (fallthrough)
branch 14 never executed (throw)
call   15 never executed
call   16 never executed
branch 17 never executed (fallthrough)
branch 18 never executed (throw)
call   19 never executed
branch 20 never executed (fallthrough)
branch 21 never executed (throw)
call   22 never executed
call   23 never executed
call   24 returned 100%
call   25 never executed
call   26 never executed
call   27 never executed
        1:   82:}
------------------
        -:   83:
        -:   84:// ============ 级别过滤测试 ============
        -:   85:
        4:   86:TEST_F(LogTest, LevelFilterDebug)
        -:   87:{
        1:   88:	Logger::instance().setLevel(LogLevel::hWarn);
        1:   89:	Logger::instance().setOutput(m_ss);
        -:   90:
        -:   91:	// hWarn 级别下，DEBUG 和 INFO 不应输出
       1*:   92:	HICAL_LOG_DEBUG("should be filtered");
       1*:   93:	HICAL_LOG_INFO("should also be filtered");
        1:   94:	HICAL_LOG_WARN("should appear");
        -:   95:
        1:   96:	std::string out = m_ss.str();
       1*:   97:	EXPECT_EQ(out.find("should be filtered"), std::string::npos);
       1*:   98:	EXPECT_EQ(out.find("should also be filtered"), std::string::npos);
       1*:   99:	EXPECT_NE(out.find("should appear"), std::string::npos);
        1:  100:}
------------------
_ZN29LogTest_LevelFilterDebug_TestC2Ev:
function _ZN29LogTest_LevelFilterDebug_TestC2Ev called 1 returned 100% blocks executed 100%
        1:   86:TEST_F(LogTest, LevelFilterDebug)
call    0 returned 100%
------------------
_ZN29LogTest_LevelFilterDebug_TestD0Ev:
function _ZN29LogTest_LevelFilterDebug_TestD0Ev called 1 returned 100% blocks executed 100%
        1:   86:TEST_F(LogTest, LevelFilterDebug)
call    0 returned 100%
call    1 returned 100%
------------------
_ZN29LogTest_LevelFilterDebug_TestD2Ev:
function _ZN29LogTest_LevelFilterDebug_TestD2Ev called 1 returned 100% blocks executed 100%
        1:   86:TEST_F(LogTest, LevelFilterDebug)
call    0 returned 100%
------------------
_ZN29LogTest_LevelFilterDebug_Test8TestBodyEv:
function _ZN29LogTest_LevelFilterDebug_Test8TestBodyEv called 1 returned 100% blocks executed 37%
        1:   86:TEST_F(LogTest, LevelFilterDebug)
        -:   87:{
        1:   88:	Logger::instance().setLevel(LogLevel::hWarn);
call    0 returned 100%
branch  1 taken 100% (fallthrough)
branch  2 taken 0% (throw)
call    3 returned 100%
branch  4 taken 100% (fallthrough)
branch  5 taken 0% (throw)
        1:   89:	Logger::instance().setOutput(m_ss);
call    0 returned 100%
branch  1 taken 100% (fallthrough)
branch  2 taken 0% (throw)
call    3 returned 100%
branch  4 taken 100% (fallthrough)
branch  5 taken 0% (throw)
        -:   90:
        -:   91:	// hWarn 级别下，DEBUG 和 INFO 不应输出
       1*:   92:	HICAL_LOG_DEBUG("should be filtered");
call    0 returned 100%
branch  1 taken 100% (fallthrough)
branch  2 taken 0% (throw)
call    3 returned 100%
branch  4 taken 100% (fallthrough)
branch  5 taken 0% (throw)
branch  6 taken 0% (fallthrough)
branch  7 taken 100%
call    8 never executed
branch  9 never executed (fallthrough)
branch 10 never executed (throw)
call   11 never executed
branch 12 never executed (fallthrough)
branch 13 never executed (throw)
       1*:   93:	HICAL_LOG_INFO("should also be filtered");
call    0 returned 100%
branch  1 taken 100% (fallthrough)
branch  2 taken 0% (throw)
call    3 returned 100%
branch  4 taken 100% (fallthrough)
branch  5 taken 0% (throw)
branch  6 taken 0% (fallthrough)
branch  7 taken 100%
call    8 never executed
branch  9 never executed (fallthrough)
branch 10 never executed (throw)
call   11 never executed
branch 12 never executed (fallthrough)
branch 13 never executed (throw)
        1:   94:	HICAL_LOG_WARN("should appear");
call    0 returned 100%
branch  1 taken 100% (fallthrough)
branch  2 taken 0% (throw)
call    3 returned 100%
branch  4 taken 100% (fallthrough)
branch  5 taken 0% (throw)
branch  6 taken 100% (fallthrough)
branch  7 taken 0%
call    8 returned 100%
branch  9 taken 100% (fallthrough)
branch 10 taken 0% (throw)
call   11 returned 100%
branch 12 taken 100% (fallthrough)
branch 13 taken 0% (throw)
        -:   95:
        1:   96:	std::string out = m_ss.str();
call    0 returned 100%
branch  1 taken 100% (fallthrough)
branch  2 taken 0% (throw)
       1*:   97:	EXPECT_EQ(out.find("should be filtered"), std::string::npos);
call    0 returned 100%
call    1 returned 100%
branch  2 taken 100% (fallthrough)
branch  3 taken 0% (throw)
call    4 returned 100%
branch  5 taken 0% (fallthrough)
branch  6 taken 100%
call    7 never executed
branch  8 never executed (fallthrough)
branch  9 never executed (throw)
call   10 never executed
call   11 never executed
branch 12 never executed (fallthrough)
branch 13 never executed (throw)
call   14 never executed
branch 15 never executed (fallthrough)
branch 16 never executed (throw)
call   17 never executed
call   18 never executed
call   19 returned 100%
call   20 never executed
call   21 never executed
call   22 never executed
       1*:   98:	EXPECT_EQ(out.find("should also be filtered"), std::string::npos);
call    0 returned 100%
call    1 returned 100%
branch  2 taken 100% (fallthrough)
branch  3 taken 0% (throw)
call    4 returned 100%
branch  5 taken 0% (fallthrough)
branch  6 taken 100%
call    7 never executed
branch  8 never executed (fallthrough)
branch  9 never executed (throw)
call   10 never executed
call   11 never executed
branch 12 never executed (fallthrough)
branch 13 never executed (throw)
call   14 never executed
branch 15 never executed (fallthrough)
branch 16 never executed (throw)
call   17 never executed
call   18 never executed
call   19 returned 100%
call   20 never executed
call   21 never executed
call   22 never executed
       1*:   99:	EXPECT_NE(out.find("should appear"), std::string::npos);
call    0 returned 100%
call    1 returned 100%
branch  2 taken 100% (fallthrough)
branch  3 taken 0% (throw)
call    4 returned 100%
branch  5 taken 0% (fallthrough)
branch  6 taken 100%
call    7 never executed
branch  8 never executed (fallthrough)
branch  9 never executed (throw)
call   10 never executed
call   11 never executed
branch 12 never executed (fallthrough)
branch 13 never executed (throw)
call   14 never executed
branch 15 never executed (fallthrough)
branch 16 never executed (throw)
call   17 never executed
call   18 never executed
call   19 returned 100%
call   20 never executed
call   21 never executed
call   22 never executed
        1:  100:}
call    0 returned 100%
call    1 never executed
------------------
        -:  101:
        4:  102:TEST_F(LogTest, TraceLevelFilter)
        -:  103:{
        1:  104:	Logger::instance().setLevel(LogLevel::hDebug);
        1:  105:	Logger::instance().setOutput(m_ss);
        -:  106:
        -:  107:	// hDebug 级别下，TRACE 不应输出
       1*:  108:	HICAL_LOG_TRACE("trace should be filtered");
        1:  109:	HICAL_LOG_DEBUG("debug should appear");
        -:  110:
        1:  111:	std::string out = m_ss.str();
        -:  112:#ifndef NDEBUG
        -:  113:	// Debug 构建：TRACE 宏有效但被级别过滤
       1*:  114:	EXPECT_EQ(out.find("trace should be filtered"), std::string::npos);
        -:  115:#endif
       1*:  116:	EXPECT_NE(out.find("debug should appear"), std::string::npos);
        1:  117:}
------------------
_ZN29LogTest_TraceLevelFilter_TestC2Ev:
function _ZN29LogTest_TraceLevelFilter_TestC2Ev called 1 returned 100% blocks executed 100%
        1:  102:TEST_F(LogTest, TraceLevelFilter)
call    0 returned 100%
------------------
_ZN29LogTest_TraceLevelFilter_TestD0Ev:
function _ZN29LogTest_TraceLevelFilter_TestD0Ev called 1 returned 100% blocks executed 100%
        1:  102:TEST_F(LogTest, TraceLevelFilter)
call    0 returned 100%
call    1 returned 100%
------------------
_ZN29LogTest_TraceLevelFilter_TestD2Ev:
function _ZN29LogTest_TraceLevelFilter_TestD2Ev called 1 returned 100% blocks executed 100%
        1:  102:TEST_F(LogTest, TraceLevelFilter)
call    0 returned 100%
------------------
_ZN29LogTest_TraceLevelFilter_Test8TestBodyEv:
function _ZN29LogTest_TraceLevelFilter_Test8TestBodyEv called 1 returned 100% blocks executed 41%
        1:  102:TEST_F(LogTest, TraceLevelFilter)
        -:  103:{
        1:  104:	Logger::instance().setLevel(LogLevel::hDebug);
call    0 returned 100%
branch  1 taken 100% (fallthrough)
branch  2 taken 0% (throw)
call    3 returned 100%
branch  4 taken 100% (fallthrough)
branch  5 taken 0% (throw)
        1:  105:	Logger::instance().setOutput(m_ss);
call    0 returned 100%
branch  1 taken 100% (fallthrough)
branch  2 taken 0% (throw)
call    3 returned 100%
branch  4 taken 100% (fallthrough)
branch  5 taken 0% (throw)
        -:  106:
        -:  107:	// hDebug 级别下，TRACE 不应输出
       1*:  108:	HICAL_LOG_TRACE("trace should be filtered");
call    0 returned 100%
branch  1 taken 100% (fallthrough)
branch  2 taken 0% (throw)
call    3 returned 100%
branch  4 taken 100% (fallthrough)
branch  5 taken 0% (throw)
branch  6 taken 0% (fallthrough)
branch  7 taken 100%
call    8 never executed
branch  9 never executed (fallthrough)
branch 10 never executed (throw)
call   11 never executed
branch 12 never executed (fallthrough)
branch 13 never executed (throw)
        1:  109:	HICAL_LOG_DEBUG("debug should appear");
call    0 returned 100%
branch  1 taken 100% (fallthrough)
branch  2 taken 0% (throw)
call    3 returned 100%
branch  4 taken 100% (fallthrough)
branch  5 taken 0% (throw)
branch  6 taken 100% (fallthrough)
branch  7 taken 0%
call    8 returned 100%
branch  9 taken 100% (fallthrough)
branch 10 taken 0% (throw)
call   11 returned 100%
branch 12 taken 100% (fallthrough)
branch 13 taken 0% (throw)
        -:  110:
        1:  111:	std::string out = m_ss.str();
call    0 returned 100%
branch  1 taken 100% (fallthrough)
branch  2 taken 0% (throw)
        -:  112:#ifndef NDEBUG
        -:  113:	// Debug 构建：TRACE 宏有效但被级别过滤
       1*:  114:	EXPECT_EQ(out.find("trace should be filtered"), std::string::npos);
call    0 returned 100%
call    1 returned 100%
branch  2 taken 100% (fallthrough)
branch  3 taken 0% (throw)
call    4 returned 100%
branch  5 taken 0% (fallthrough)
branch  6 taken 100%
call    7 never executed
branch  8 never executed (fallthrough)
branch  9 never executed (throw)
call   10 never executed
call   11 never executed
branch 12 never executed (fallthrough)
branch 13 never executed (throw)
call   14 never executed
branch 15 never executed (fallthrough)
branch 16 never executed (throw)
call   17 never executed
call   18 never executed
call   19 returned 100%
call   20 never executed
call   21 never executed
call   22 never executed
        -:  115:#endif
       1*:  116:	EXPECT_NE(out.find("debug should appear"), std::string::npos);
call    0 returned 100%
call    1 returned 100%
branch  2 taken 100% (fallthrough)
branch  3 taken 0% (throw)
call    4 returned 100%
branch  5 taken 0% (fallthrough)
branch  6 taken 100%
call    7 never executed
branch  8 never executed (fallthrough)
branch  9 never executed (throw)
call   10 never executed
call   11 never executed
branch 12 never executed (fallthrough)
branch 13 never executed (throw)
call   14 never executed
branch 15 never executed (fallthrough)
branch 16 never executed (throw)
call   17 never executed
call   18 never executed
call   19 returned 100%
call   20 never executed
call   21 never executed
call   22 never executed
        1:  117:}
call    0 returned 100%
call    1 never executed
------------------
        -:  118:
        4:  119:TEST_F(LogTest, TraceAppearsAtTraceLevel)
        -:  120:{
        1:  121:	Logger::instance().setLevel(LogLevel::hTrace);
        1:  122:	Logger::instance().setOutput(m_ss);
        -:  123:
        1:  124:	HICAL_LOG_TRACE("trace visible");
        -:  125:
        1:  126:	std::string out = m_ss.str();
        -:  127:#ifndef NDEBUG
       1*:  128:	EXPECT_NE(out.find("trace visible"), std::string::npos);
       1*:  129:	EXPECT_NE(out.find("[TRACE]"), std::string::npos);
        -:  130:#else
        -:  131:	// Release 构建：TRACE 宏编译期消除，不应有输出
        -:  132:	EXPECT_TRUE(out.empty());
        -:  133:#endif
        1:  134:}
------------------
_ZN37LogTest_TraceAppearsAtTraceLevel_TestC2Ev:
function _ZN37LogTest_TraceAppearsAtTraceLevel_TestC2Ev called 1 returned 100% blocks executed 100%
        1:  119:TEST_F(LogTest, TraceAppearsAtTraceLevel)
call    0 returned 100%
------------------
_ZN37LogTest_TraceAppearsAtTraceLevel_TestD0Ev:
function _ZN37LogTest_TraceAppearsAtTraceLevel_TestD0Ev called 1 returned 100% blocks executed 100%
        1:  119:TEST_F(LogTest, TraceAppearsAtTraceLevel)
call    0 returned 100%
call    1 returned 100%
------------------
_ZN37LogTest_TraceAppearsAtTraceLevel_TestD2Ev:
function _ZN37LogTest_TraceAppearsAtTraceLevel_TestD2Ev called 1 returned 100% blocks executed 100%
        1:  119:TEST_F(LogTest, TraceAppearsAtTraceLevel)
call    0 returned 100%
------------------
_ZN37LogTest_TraceAppearsAtTraceLevel_Test8TestBodyEv:
function _ZN37LogTest_TraceAppearsAtTraceLevel_Test8TestBodyEv called 1 returned 100% blocks executed 39%
        1:  119:TEST_F(LogTest, TraceAppearsAtTraceLevel)
        -:  120:{
        1:  121:	Logger::instance().setLevel(LogLevel::hTrace);
call    0 returned 100%
branch  1 taken 100% (fallthrough)
branch  2 taken 0% (throw)
call    3 returned 100%
branch  4 taken 100% (fallthrough)
branch  5 taken 0% (throw)
        1:  122:	Logger::instance().setOutput(m_ss);
call    0 returned 100%
branch  1 taken 100% (fallthrough)
branch  2 taken 0% (throw)
call    3 returned 100%
branch  4 taken 100% (fallthrough)
branch  5 taken 0% (throw)
        -:  123:
        1:  124:	HICAL_LOG_TRACE("trace visible");
call    0 returned 100%
branch  1 taken 100% (fallthrough)
branch  2 taken 0% (throw)
call    3 returned 100%
branch  4 taken 100% (fallthrough)
branch  5 taken 0% (throw)
branch  6 taken 100% (fallthrough)
branch  7 taken 0%
call    8 returned 100%
branch  9 taken 100% (fallthrough)
branch 10 taken 0% (throw)
call   11 returned 100%
branch 12 taken 100% (fallthrough)
branch 13 taken 0% (throw)
        -:  125:
        1:  126:	std::string out = m_ss.str();
call    0 returned 100%
branch  1 taken 100% (fallthrough)
branch  2 taken 0% (throw)
        -:  127:#ifndef NDEBUG
       1*:  128:	EXPECT_NE(out.find("trace visible"), std::string::npos);
call    0 returned 100%
call    1 returned 100%
branch  2 taken 100% (fallthrough)
branch  3 taken 0% (throw)
call    4 returned 100%
branch  5 taken 0% (fallthrough)
branch  6 taken 100%
call    7 never executed
branch  8 never executed (fallthrough)
branch  9 never executed (throw)
call   10 never executed
call   11 never executed
branch 12 never executed (fallthrough)
branch 13 never executed (throw)
call   14 never executed
branch 15 never executed (fallthrough)
branch 16 never executed (throw)
call   17 never executed
call   18 never executed
call   19 returned 100%
call   20 never executed
call   21 never executed
call   22 never executed
       1*:  129:	EXPECT_NE(out.find("[TRACE]"), std::string::npos);
call    0 returned 100%
call    1 returned 100%
branch  2 taken 100% (fallthrough)
branch  3 taken 0% (throw)
call    4 returned 100%
branch  5 taken 0% (fallthrough)
branch  6 taken 100%
call    7 never executed
branch  8 never executed (fallthrough)
branch  9 never executed (throw)
call   10 never executed
call   11 never executed
branch 12 never executed (fallthrough)
branch 13 never executed (throw)
call   14 never executed
branch 15 never executed (fallthrough)
branch 16 never executed (throw)
call   17 never executed
call   18 never executed
call   19 returned 100%
call   20 never executed
call   21 never executed
call   22 never executed
        -:  130:#else
        -:  131:	// Release 构建：TRACE 宏编译期消除，不应有输出
        -:  132:	EXPECT_TRUE(out.empty());
        -:  133:#endif
        1:  134:}
call    0 returned 100%
call    1 never executed
------------------
        -:  135:
        -:  136:// ============ 输出格式测试 ============
        -:  137:
        4:  138:TEST_F(LogTest, OutputToStream)
        -:  139:{
        1:  140:	Logger::instance().setLevel(LogLevel::hDebug);
        1:  141:	Logger::instance().setOutput(m_ss);
        -:  142:
        1:  143:	HICAL_LOG_INFO("hello world");
        -:  144:
        1:  145:	std::string out = m_ss.str();
       1*:  146:	EXPECT_NE(out.find("[INFO]"), std::string::npos);
        -:  147:	// 文件名部分（宏展开后文件名为 test_log.cpp）
       1*:  148:	EXPECT_NE(out.find("test_log.cpp:"), std::string::npos);
       1*:  149:	EXPECT_NE(out.find("hello world"), std::string::npos);
        1:  150:}
------------------
_ZN27LogTest_OutputToStream_TestC2Ev:
function _ZN27LogTest_OutputToStream_TestC2Ev called 1 returned 100% blocks executed 100%
        1:  138:TEST_F(LogTest, OutputToStream)
call    0 returned 100%
------------------
_ZN27LogTest_OutputToStream_TestD0Ev:
function _ZN27LogTest_OutputToStream_TestD0Ev called 1 returned 100% blocks executed 100%
        1:  138:TEST_F(LogTest, OutputToStream)
call    0 returned 100%
call    1 returned 100%
------------------
_ZN27LogTest_OutputToStream_TestD2Ev:
function _ZN27LogTest_OutputToStream_TestD2Ev called 1 returned 100% blocks executed 100%
        1:  138:TEST_F(LogTest, OutputToStream)
call    0 returned 100%
------------------
_ZN27LogTest_OutputToStream_Test8TestBodyEv:
function _ZN27LogTest_OutputToStream_Test8TestBodyEv called 1 returned 100% blocks executed 35%
        1:  138:TEST_F(LogTest, OutputToStream)
        -:  139:{
        1:  140:	Logger::instance().setLevel(LogLevel::hDebug);
call    0 returned 100%
branch  1 taken 100% (fallthrough)
branch  2 taken 0% (throw)
call    3 returned 100%
branch  4 taken 100% (fallthrough)
branch  5 taken 0% (throw)
        1:  141:	Logger::instance().setOutput(m_ss);
call    0 returned 100%
branch  1 taken 100% (fallthrough)
branch  2 taken 0% (throw)
call    3 returned 100%
branch  4 taken 100% (fallthrough)
branch  5 taken 0% (throw)
        -:  142:
        1:  143:	HICAL_LOG_INFO("hello world");
call    0 returned 100%
branch  1 taken 100% (fallthrough)
branch  2 taken 0% (throw)
call    3 returned 100%
branch  4 taken 100% (fallthrough)
branch  5 taken 0% (throw)
branch  6 taken 100% (fallthrough)
branch  7 taken 0%
call    8 returned 100%
branch  9 taken 100% (fallthrough)
branch 10 taken 0% (throw)
call   11 returned 100%
branch 12 taken 100% (fallthrough)
branch 13 taken 0% (throw)
        -:  144:
        1:  145:	std::string out = m_ss.str();
call    0 returned 100%
branch  1 taken 100% (fallthrough)
branch  2 taken 0% (throw)
       1*:  146:	EXPECT_NE(out.find("[INFO]"), std::string::npos);
call    0 returned 100%
call    1 returned 100%
branch  2 taken 100% (fallthrough)
branch  3 taken 0% (throw)
call    4 returned 100%
branch  5 taken 0% (fallthrough)
branch  6 taken 100%
call    7 never executed
branch  8 never executed (fallthrough)
branch  9 never executed (throw)
call   10 never executed
call   11 never executed
branch 12 never executed (fallthrough)
branch 13 never executed (throw)
call   14 never executed
branch 15 never executed (fallthrough)
branch 16 never executed (throw)
call   17 never executed
call   18 never executed
call   19 returned 100%
call   20 never executed
call   21 never executed
call   22 never executed
        -:  147:	// 文件名部分（宏展开后文件名为 test_log.cpp）
       1*:  148:	EXPECT_NE(out.find("test_log.cpp:"), std::string::npos);
call    0 returned 100%
call    1 returned 100%
branch  2 taken 100% (fallthrough)
branch  3 taken 0% (throw)
call    4 returned 100%
branch  5 taken 0% (fallthrough)
branch  6 taken 100%
call    7 never executed
branch  8 never executed (fallthrough)
branch  9 never executed (throw)
call   10 never executed
call   11 never executed
branch 12 never executed (fallthrough)
branch 13 never executed (throw)
call   14 never executed
branch 15 never executed (fallthrough)
branch 16 never executed (throw)
call   17 never executed
call   18 never executed
call   19 returned 100%
call   20 never executed
call   21 never executed
call   22 never executed
       1*:  149:	EXPECT_NE(out.find("hello world"), std::string::npos);
call    0 returned 100%
call    1 returned 100%
branch  2 taken 100% (fallthrough)
branch  3 taken 0% (throw)
call    4 returned 100%
branch  5 taken 0% (fallthrough)
branch  6 taken 100%
call    7 never executed
branch  8 never executed (fallthrough)
branch  9 never executed (throw)
call   10 never executed
call   11 never executed
branch 12 never executed (fallthrough)
branch 13 never executed (throw)
call   14 never executed
branch 15 never executed (fallthrough)
branch 16 never executed (throw)
call   17 never executed
call   18 never executed
call   19 returned 100%
call   20 never executed
call   21 never executed
call   22 never executed
        1:  150:}
call    0 returned 100%
call    1 never executed
------------------
        -:  151:
        4:  152:TEST_F(LogTest, OutputContainsTimestamp)
        -:  153:{
        1:  154:	Logger::instance().setLevel(LogLevel::hDebug);
        1:  155:	Logger::instance().setOutput(m_ss);
        -:  156:
        1:  157:	HICAL_LOG_INFO("ts check");
        -:  158:
        1:  159:	std::string out = m_ss.str();
        -:  160:	// 时间戳以 [20 开头（21 世纪年份）
       1*:  161:	EXPECT_NE(out.find("[20"), std::string::npos);
        1:  162:}
------------------
_ZN36LogTest_OutputContainsTimestamp_TestC2Ev:
function _ZN36LogTest_OutputContainsTimestamp_TestC2Ev called 1 returned 100% blocks executed 100%
        1:  152:TEST_F(LogTest, OutputContainsTimestamp)
call    0 returned 100%
------------------
_ZN36LogTest_OutputContainsTimestamp_TestD0Ev:
function _ZN36LogTest_OutputContainsTimestamp_TestD0Ev called 1 returned 100% blocks executed 100%
        1:  152:TEST_F(LogTest, OutputContainsTimestamp)
call    0 returned 100%
call    1 returned 100%
------------------
_ZN36LogTest_OutputContainsTimestamp_TestD2Ev:
function _ZN36LogTest_OutputContainsTimestamp_TestD2Ev called 1 returned 100% blocks executed 100%
        1:  152:TEST_F(LogTest, OutputContainsTimestamp)
call    0 returned 100%
------------------
_ZN36LogTest_OutputContainsTimestamp_Test8TestBodyEv:
function _ZN36LogTest_OutputContainsTimestamp_Test8TestBodyEv called 1 returned 100% blocks executed 49%
        1:  152:TEST_F(LogTest, OutputContainsTimestamp)
        -:  153:{
        1:  154:	Logger::instance().setLevel(LogLevel::hDebug);
call    0 returned 100%
branch  1 taken 100% (fallthrough)
branch  2 taken 0% (throw)
call    3 returned 100%
branch  4 taken 100% (fallthrough)
branch  5 taken 0% (throw)
        1:  155:	Logger::instance().setOutput(m_ss);
call    0 returned 100%
branch  1 taken 100% (fallthrough)
branch  2 taken 0% (throw)
call    3 returned 100%
branch  4 taken 100% (fallthrough)
branch  5 taken 0% (throw)
        -:  156:
        1:  157:	HICAL_LOG_INFO("ts check");
call    0 returned 100%
branch  1 taken 100% (fallthrough)
branch  2 taken 0% (throw)
call    3 returned 100%
branch  4 taken 100% (fallthrough)
branch  5 taken 0% (throw)
branch  6 taken 100% (fallthrough)
branch  7 taken 0%
call    8 returned 100%
branch  9 taken 100% (fallthrough)
branch 10 taken 0% (throw)
call   11 returned 100%
branch 12 taken 100% (fallthrough)
branch 13 taken 0% (throw)
        -:  158:
        1:  159:	std::string out = m_ss.str();
call    0 returned 100%
branch  1 taken 100% (fallthrough)
branch  2 taken 0% (throw)
        -:  160:	// 时间戳以 [20 开头（21 世纪年份）
       1*:  161:	EXPECT_NE(out.find("[20"), std::string::npos);
call    0 returned 100%
call    1 returned 100%
branch  2 taken 100% (fallthrough)
branch  3 taken 0% (throw)
call    4 returned 100%
branch  5 taken 0% (fallthrough)
branch  6 taken 100%
call    7 never executed
branch  8 never executed (fallthrough)
branch  9 never executed (throw)
call   10 never executed
call   11 never executed
branch 12 never executed (fallthrough)
branch 13 never executed (throw)
call   14 never executed
branch 15 never executed (fallthrough)
branch 16 never executed (throw)
call   17 never executed
call   18 never executed
call   19 returned 100%
call   20 never executed
call   21 never executed
call   22 never executed
        1:  162:}
call    0 returned 100%
call    1 never executed
------------------
        -:  163:
        4:  164:TEST_F(LogTest, OutputContainsThreadId)
        -:  165:{
        1:  166:	Logger::instance().setLevel(LogLevel::hDebug);
        1:  167:	Logger::instance().setOutput(m_ss);
        -:  168:
        1:  169:	HICAL_LOG_INFO("tid check");
        -:  170:
        1:  171:	std::string out = m_ss.str();
        -:  172:	// 格式：[timestamp] [LEVEL] [threadID] [file:line] message
        -:  173:	// 应该有 3 个 ] [ 分隔块在 LEVEL 和 file 之间
        -:  174:	// 验证线程ID字段存在：在 [INFO] 之后、[test_log.cpp 之前应有一个 [...] 块
        1:  175:	auto infoPos = out.find("[INFO]");
        1:  176:	auto filePos = out.find("[test_log.cpp:");
       1*:  177:	ASSERT_NE(infoPos, std::string::npos);
       1*:  178:	ASSERT_NE(filePos, std::string::npos);
        -:  179:	// [INFO] 和 [test_log.cpp: 之间应该有 [threadID]
        1:  180:	auto between = out.substr(infoPos + 6, filePos - infoPos - 6);
        -:  181:	// 应包含 [...]
       1*:  182:	EXPECT_NE(between.find('['), std::string::npos);
       1*:  183:	EXPECT_NE(between.find(']'), std::string::npos);
        1:  184:}
------------------
_ZN35LogTest_OutputContainsThreadId_TestC2Ev:
function _ZN35LogTest_OutputContainsThreadId_TestC2Ev called 1 returned 100% blocks executed 100%
        1:  164:TEST_F(LogTest, OutputContainsThreadId)
call    0 returned 100%
------------------
_ZN35LogTest_OutputContainsThreadId_TestD0Ev:
function _ZN35LogTest_OutputContainsThreadId_TestD0Ev called 1 returned 100% blocks executed 100%
        1:  164:TEST_F(LogTest, OutputContainsThreadId)
call    0 returned 100%
call    1 returned 100%
------------------
_ZN35LogTest_OutputContainsThreadId_TestD2Ev:
function _ZN35LogTest_OutputContainsThreadId_TestD2Ev called 1 returned 100% blocks executed 100%
        1:  164:TEST_F(LogTest, OutputContainsThreadId)
call    0 returned 100%
------------------
_ZN35LogTest_OutputContainsThreadId_Test8TestBodyEv:
function _ZN35LogTest_OutputContainsThreadId_Test8TestBodyEv called 1 returned 100% blocks executed 38%
        1:  164:TEST_F(LogTest, OutputContainsThreadId)
        -:  165:{
        1:  166:	Logger::instance().setLevel(LogLevel::hDebug);
call    0 returned 100%
branch  1 taken 100% (fallthrough)
branch  2 taken 0% (throw)
call    3 returned 100%
branch  4 taken 100% (fallthrough)
branch  5 taken 0% (throw)
        1:  167:	Logger::instance().setOutput(m_ss);
call    0 returned 100%
branch  1 taken 100% (fallthrough)
branch  2 taken 0% (throw)
call    3 returned 100%
branch  4 taken 100% (fallthrough)
branch  5 taken 0% (throw)
        -:  168:
        1:  169:	HICAL_LOG_INFO("tid check");
call    0 returned 100%
branch  1 taken 100% (fallthrough)
branch  2 taken 0% (throw)
call    3 returned 100%
branch  4 taken 100% (fallthrough)
branch  5 taken 0% (throw)
branch  6 taken 100% (fallthrough)
branch  7 taken 0%
call    8 returned 100%
branch  9 taken 100% (fallthrough)
branch 10 taken 0% (throw)
call   11 returned 100%
branch 12 taken 100% (fallthrough)
branch 13 taken 0% (throw)
        -:  170:
        1:  171:	std::string out = m_ss.str();
call    0 returned 100%
branch  1 taken 100% (fallthrough)
branch  2 taken 0% (throw)
        -:  172:	// 格式：[timestamp] [LEVEL] [threadID] [file:line] message
        -:  173:	// 应该有 3 个 ] [ 分隔块在 LEVEL 和 file 之间
        -:  174:	// 验证线程ID字段存在：在 [INFO] 之后、[test_log.cpp 之前应有一个 [...] 块
        1:  175:	auto infoPos = out.find("[INFO]");
call    0 returned 100%
        1:  176:	auto filePos = out.find("[test_log.cpp:");
call    0 returned 100%
       1*:  177:	ASSERT_NE(infoPos, std::string::npos);
call    0 returned 100%
branch  1 taken 100% (fallthrough)
branch  2 taken 0% (throw)
call    3 returned 100%
branch  4 taken 0% (fallthrough)
branch  5 taken 100%
call    6 never executed
branch  7 never executed (fallthrough)
branch  8 never executed (throw)
call    9 never executed
call   10 never executed
branch 11 never executed (fallthrough)
branch 12 never executed (throw)
call   13 never executed
branch 14 never executed (fallthrough)
branch 15 never executed (throw)
call   16 never executed
call   17 never executed
call   18 returned 100%
branch 19 taken 100% (fallthrough)
branch 20 taken 0%
call   21 never executed
call   22 never executed
call   23 never executed
       1*:  178:	ASSERT_NE(filePos, std::string::npos);
call    0 returned 100%
branch  1 taken 100% (fallthrough)
branch  2 taken 0% (throw)
call    3 returned 100%
branch  4 taken 0% (fallthrough)
branch  5 taken 100%
call    6 never executed
branch  7 never executed (fallthrough)
branch  8 never executed (throw)
call    9 never executed
call   10 never executed
branch 11 never executed (fallthrough)
branch 12 never executed (throw)
call   13 never executed
branch 14 never executed (fallthrough)
branch 15 never executed (throw)
call   16 never executed
call   17 never executed
call   18 returned 100%
branch 19 taken 100% (fallthrough)
branch 20 taken 0%
call   21 never executed
call   22 never executed
call   23 never executed
        -:  179:	// [INFO] 和 [test_log.cpp: 之间应该有 [threadID]
        1:  180:	auto between = out.substr(infoPos + 6, filePos - infoPos - 6);
call    0 returned 100%
branch  1 taken 100% (fallthrough)
branch  2 taken 0% (throw)
        -:  181:	// 应包含 [...]
       1*:  182:	EXPECT_NE(between.find('['), std::string::npos);
call    0 returned 100%
call    1 returned 100%
branch  2 taken 100% (fallthrough)
branch  3 taken 0% (throw)
call    4 returned 100%
branch  5 taken 0% (fallthrough)
branch  6 taken 100%
call    7 never executed
branch  8 never executed (fallthrough)
branch  9 never executed (throw)
call   10 never executed
call   11 never executed
branch 12 never executed (fallthrough)
branch 13 never executed (throw)
call   14 never executed
branch 15 never executed (fallthrough)
branch 16 never executed (throw)
call   17 never executed
call   18 never executed
call   19 returned 100%
call   20 never executed
call   21 never executed
call   22 never executed
       1*:  183:	EXPECT_NE(between.find(']'), std::string::npos);
call    0 returned 100%
call    1 returned 100%
branch  2 taken 100% (fallthrough)
branch  3 taken 0% (throw)
call    4 returned 100%
branch  5 taken 0% (fallthrough)
branch  6 taken 100%
call    7 never executed
branch  8 never executed (fallthrough)
branch  9 never executed (throw)
call   10 never executed
call   11 never executed
branch 12 never executed (fallthrough)
branch 13 never executed (throw)
call   14 never executed
branch 15 never executed (fallthrough)
branch 16 never executed (throw)
call   17 never executed
call   18 never executed
call   19 returned 100%
call   20 never executed
call   21 never executed
call   22 never executed
        1:  184:}
call    0 returned 100%
call    1 returned 100%
branch  2 taken 100% (fallthrough)
branch  3 taken 0%
call    4 never executed
call    5 never executed
------------------
        -:  185:
        -:  186:// ============ 所有级别输出测试 ============
        -:  187:
        4:  188:TEST_F(LogTest, AllLevels)
        -:  189:{
        1:  190:	Logger::instance().setLevel(LogLevel::hTrace);
        1:  191:	Logger::instance().setOutput(m_ss);
        -:  192:
        1:  193:	HICAL_LOG_TRACE("msg trace");
        1:  194:	HICAL_LOG_DEBUG("msg debug");
        1:  195:	HICAL_LOG_INFO("msg info");
        1:  196:	HICAL_LOG_WARN("msg warn");
        1:  197:	HICAL_LOG_ERROR("msg error");
        -:  198:
        1:  199:	std::string out = m_ss.str();
        -:  200:#ifndef NDEBUG
       1*:  201:	EXPECT_NE(out.find("TRACE"), std::string::npos);
        -:  202:#endif
       1*:  203:	EXPECT_NE(out.find("DEBUG"), std::string::npos);
       1*:  204:	EXPECT_NE(out.find("INFO"), std::string::npos);
       1*:  205:	EXPECT_NE(out.find("WARN"), std::string::npos);
       1*:  206:	EXPECT_NE(out.find("ERROR"), std::string::npos);
        1:  207:}
------------------
_ZN22LogTest_AllLevels_TestC2Ev:
function _ZN22LogTest_AllLevels_TestC2Ev called 1 returned 100% blocks executed 100%
        1:  188:TEST_F(LogTest, AllLevels)
call    0 returned 100%
------------------
_ZN22LogTest_AllLevels_TestD0Ev:
function _ZN22LogTest_AllLevels_TestD0Ev called 1 returned 100% blocks executed 100%
        1:  188:TEST_F(LogTest, AllLevels)
call    0 returned 100%
call    1 returned 100%
------------------
_ZN22LogTest_AllLevels_TestD2Ev:
function _ZN22LogTest_AllLevels_TestD2Ev called 1 returned 100% blocks executed 100%
        1:  188:TEST_F(LogTest, AllLevels)
call    0 returned 100%
------------------
_ZN22LogTest_AllLevels_Test8TestBodyEv:
function _ZN22LogTest_AllLevels_Test8TestBodyEv called 1 returned 100% blocks executed 40%
        1:  188:TEST_F(LogTest, AllLevels)
        -:  189:{
        1:  190:	Logger::instance().setLevel(LogLevel::hTrace);
call    0 returned 100%
branch  1 taken 100% (fallthrough)
branch  2 taken 0% (throw)
call    3 returned 100%
branch  4 taken 100% (fallthrough)
branch  5 taken 0% (throw)
        1:  191:	Logger::instance().setOutput(m_ss);
call    0 returned 100%
branch  1 taken 100% (fallthrough)
branch  2 taken 0% (throw)
call    3 returned 100%
branch  4 taken 100% (fallthrough)
branch  5 taken 0% (throw)
        -:  192:
        1:  193:	HICAL_LOG_TRACE("msg trace");
call    0 returned 100%
branch  1 taken 100% (fallthrough)
branch  2 taken 0% (throw)
call    3 returned 100%
branch  4 taken 100% (fallthrough)
branch  5 taken 0% (throw)
branch  6 taken 100% (fallthrough)
branch  7 taken 0%
call    8 returned 100%
branch  9 taken 100% (fallthrough)
branch 10 taken 0% (throw)
call   11 returned 100%
branch 12 taken 100% (fallthrough)
branch 13 taken 0% (throw)
        1:  194:	HICAL_LOG_DEBUG("msg debug");
call    0 returned 100%
branch  1 taken 100% (fallthrough)
branch  2 taken 0% (throw)
call    3 returned 100%
branch  4 taken 100% (fallthrough)
branch  5 taken 0% (throw)
branch  6 taken 100% (fallthrough)
branch  7 taken 0%
call    8 returned 100%
branch  9 taken 100% (fallthrough)
branch 10 taken 0% (throw)
call   11 returned 100%
branch 12 taken 100% (fallthrough)
branch 13 taken 0% (throw)
        1:  195:	HICAL_LOG_INFO("msg info");
call    0 returned 100%
branch  1 taken 100% (fallthrough)
branch  2 taken 0% (throw)
call    3 returned 100%
branch  4 taken 100% (fallthrough)
branch  5 taken 0% (throw)
branch  6 taken 100% (fallthrough)
branch  7 taken 0%
call    8 returned 100%
branch  9 taken 100% (fallthrough)
branch 10 taken 0% (throw)
call   11 returned 100%
branch 12 taken 100% (fallthrough)
branch 13 taken 0% (throw)
        1:  196:	HICAL_LOG_WARN("msg warn");
call    0 returned 100%
branch  1 taken 100% (fallthrough)
branch  2 taken 0% (throw)
call    3 returned 100%
branch  4 taken 100% (fallthrough)
branch  5 taken 0% (throw)
branch  6 taken 100% (fallthrough)
branch  7 taken 0%
call    8 returned 100%
branch  9 taken 100% (fallthrough)
branch 10 taken 0% (throw)
call   11 returned 100%
branch 12 taken 100% (fallthrough)
branch 13 taken 0% (throw)
        1:  197:	HICAL_LOG_ERROR("msg error");
call    0 returned 100%
branch  1 taken 100% (fallthrough)
branch  2 taken 0% (throw)
call    3 returned 100%
branch  4 taken 100% (fallthrough)
branch  5 taken 0% (throw)
branch  6 taken 100% (fallthrough)
branch  7 taken 0%
call    8 returned 100%
branch  9 taken 100% (fallthrough)
branch 10 taken 0% (throw)
call   11 returned 100%
branch 12 taken 100% (fallthrough)
branch 13 taken 0% (throw)
        -:  198:
        1:  199:	std::string out = m_ss.str();
call    0 returned 100%
branch  1 taken 100% (fallthrough)
branch  2 taken 0% (throw)
        -:  200:#ifndef NDEBUG
       1*:  201:	EXPECT_NE(out.find("TRACE"), std::string::npos);
call    0 returned 100%
call    1 returned 100%
branch  2 taken 100% (fallthrough)
branch  3 taken 0% (throw)
call    4 returned 100%
branch  5 taken 0% (fallthrough)
branch  6 taken 100%
call    7 never executed
branch  8 never executed (fallthrough)
branch  9 never executed (throw)
call   10 never executed
call   11 never executed
branch 12 never executed (fallthrough)
branch 13 never executed (throw)
call   14 never executed
branch 15 never executed (fallthrough)
branch 16 never executed (throw)
call   17 never executed
call   18 never executed
call   19 returned 100%
call   20 never executed
call   21 never executed
call   22 never executed
        -:  202:#endif
       1*:  203:	EXPECT_NE(out.find("DEBUG"), std::string::npos);
call    0 returned 100%
call    1 returned 100%
branch  2 taken 100% (fallthrough)
branch  3 taken 0% (throw)
call    4 returned 100%
branch  5 taken 0% (fallthrough)
branch  6 taken 100%
call    7 never executed
branch  8 never executed (fallthrough)
branch  9 never executed (throw)
call   10 never executed
call   11 never executed
branch 12 never executed (fallthrough)
branch 13 never executed (throw)
call   14 never executed
branch 15 never executed (fallthrough)
branch 16 never executed (throw)
call   17 never executed
call   18 never executed
call   19 returned 100%
call   20 never executed
call   21 never executed
call   22 never executed
       1*:  204:	EXPECT_NE(out.find("INFO"), std::string::npos);
call    0 returned 100%
call    1 returned 100%
branch  2 taken 100% (fallthrough)
branch  3 taken 0% (throw)
call    4 returned 100%
branch  5 taken 0% (fallthrough)
branch  6 taken 100%
call    7 never executed
branch  8 never executed (fallthrough)
branch  9 never executed (throw)
call   10 never executed
call   11 never executed
branch 12 never executed (fallthrough)
branch 13 never executed (throw)
call   14 never executed
branch 15 never executed (fallthrough)
branch 16 never executed (throw)
call   17 never executed
call   18 never executed
call   19 returned 100%
call   20 never executed
call   21 never executed
call   22 never executed
       1*:  205:	EXPECT_NE(out.find("WARN"), std::string::npos);
call    0 returned 100%
call    1 returned 100%
branch  2 taken 100% (fallthrough)
branch  3 taken 0% (throw)
call    4 returned 100%
branch  5 taken 0% (fallthrough)
branch  6 taken 100%
call    7 never executed
branch  8 never executed (fallthrough)
branch  9 never executed (throw)
call   10 never executed
call   11 never executed
branch 12 never executed (fallthrough)
branch 13 never executed (throw)
call   14 never executed
branch 15 never executed (fallthrough)
branch 16 never executed (throw)
call   17 never executed
call   18 never executed
call   19 returned 100%
call   20 never executed
call   21 never executed
call   22 never executed
       1*:  206:	EXPECT_NE(out.find("ERROR"), std::string::npos);
call    0 returned 100%
call    1 returned 100%
branch  2 taken 100% (fallthrough)
branch  3 taken 0% (throw)
call    4 returned 100%
branch  5 taken 0% (fallthrough)
branch  6 taken 100%
call    7 never executed
branch  8 never executed (fallthrough)
branch  9 never executed (throw)
call   10 never executed
call   11 never executed
branch 12 never executed (fallthrough)
branch 13 never executed (throw)
call   14 never executed
branch 15 never executed (fallthrough)
branch 16 never executed (throw)
call   17 never executed
call   18 never executed
call   19 returned 100%
call   20 never executed
call   21 never executed
call   22 never executed
        1:  207:}
call    0 returned 100%
call    1 never executed
------------------
        -:  208:
        -:  209:// ============ std::format 风格测试 ============
        -:  210:
        4:  211:TEST_F(LogTest, FormatStyleBasic)
        -:  212:{
        1:  213:	Logger::instance().setLevel(LogLevel::hDebug);
        1:  214:	Logger::instance().setOutput(m_ss);
        -:  215:
        1:  216:	HICAL_LOG_INFO("port={}", 8080);
        -:  217:
        1:  218:	std::string out = m_ss.str();
       1*:  219:	EXPECT_NE(out.find("port=8080"), std::string::npos);
        1:  220:}
------------------
_ZN29LogTest_FormatStyleBasic_TestC2Ev:
function _ZN29LogTest_FormatStyleBasic_TestC2Ev called 1 returned 100% blocks executed 100%
        1:  211:TEST_F(LogTest, FormatStyleBasic)
call    0 returned 100%
------------------
_ZN29LogTest_FormatStyleBasic_TestD0Ev:
function _ZN29LogTest_FormatStyleBasic_TestD0Ev called 1 returned 100% blocks executed 100%
        1:  211:TEST_F(LogTest, FormatStyleBasic)
call    0 returned 100%
call    1 returned 100%
------------------
_ZN29LogTest_FormatStyleBasic_TestD2Ev:
function _ZN29LogTest_FormatStyleBasic_TestD2Ev called 1 returned 100% blocks executed 100%
        1:  211:TEST_F(LogTest, FormatStyleBasic)
call    0 returned 100%
------------------
_ZN29LogTest_FormatStyleBasic_Test8TestBodyEv:
function _ZN29LogTest_FormatStyleBasic_Test8TestBodyEv called 1 returned 100% blocks executed 49%
        1:  211:TEST_F(LogTest, FormatStyleBasic)
        -:  212:{
        1:  213:	Logger::instance().setLevel(LogLevel::hDebug);
call    0 returned 100%
branch  1 taken 100% (fallthrough)
branch  2 taken 0% (throw)
call    3 returned 100%
branch  4 taken 100% (fallthrough)
branch  5 taken 0% (throw)
        1:  214:	Logger::instance().setOutput(m_ss);
call    0 returned 100%
branch  1 taken 100% (fallthrough)
branch  2 taken 0% (throw)
call    3 returned 100%
branch  4 taken 100% (fallthrough)
branch  5 taken 0% (throw)
        -:  215:
        1:  216:	HICAL_LOG_INFO("port={}", 8080);
call    0 returned 100%
branch  1 taken 100% (fallthrough)
branch  2 taken 0% (throw)
call    3 returned 100%
branch  4 taken 100% (fallthrough)
branch  5 taken 0% (throw)
branch  6 taken 100% (fallthrough)
branch  7 taken 0%
call    8 returned 100%
branch  9 taken 100% (fallthrough)
branch 10 taken 0% (throw)
call   11 returned 100%
branch 12 taken 100% (fallthrough)
branch 13 taken 0% (throw)
        -:  217:
        1:  218:	std::string out = m_ss.str();
call    0 returned 100%
branch  1 taken 100% (fallthrough)
branch  2 taken 0% (throw)
       1*:  219:	EXPECT_NE(out.find("port=8080"), std::string::npos);
call    0 returned 100%
call    1 returned 100%
branch  2 taken 100% (fallthrough)
branch  3 taken 0% (throw)
call    4 returned 100%
branch  5 taken 0% (fallthrough)
branch  6 taken 100%
call    7 never executed
branch  8 never executed (fallthrough)
branch  9 never executed (throw)
call   10 never executed
call   11 never executed
branch 12 never executed (fallthrough)
branch 13 never executed (throw)
call   14 never executed
branch 15 never executed (fallthrough)
branch 16 never executed (throw)
call   17 never executed
call   18 never executed
call   19 returned 100%
call   20 never executed
call   21 never executed
call   22 never executed
        1:  220:}
call    0 returned 100%
call    1 never executed
------------------
        -:  221:
        4:  222:TEST_F(LogTest, FormatStyleMultipleArgs)
        -:  223:{
        1:  224:	Logger::instance().setLevel(LogLevel::hDebug);
        1:  225:	Logger::instance().setOutput(m_ss);
        -:  226:
        1:  227:	HICAL_LOG_INFO("host={} port={}", "localhost", 8080);
        -:  228:
        1:  229:	std::string out = m_ss.str();
       1*:  230:	EXPECT_NE(out.find("host=localhost port=8080"), std::string::npos);
        1:  231:}
------------------
_ZN36LogTest_FormatStyleMultipleArgs_TestC2Ev:
function _ZN36LogTest_FormatStyleMultipleArgs_TestC2Ev called 1 returned 100% blocks executed 100%
        1:  222:TEST_F(LogTest, FormatStyleMultipleArgs)
call    0 returned 100%
------------------
_ZN36LogTest_FormatStyleMultipleArgs_TestD0Ev:
function _ZN36LogTest_FormatStyleMultipleArgs_TestD0Ev called 1 returned 100% blocks executed 100%
        1:  222:TEST_F(LogTest, FormatStyleMultipleArgs)
call    0 returned 100%
call    1 returned 100%
------------------
_ZN36LogTest_FormatStyleMultipleArgs_TestD2Ev:
function _ZN36LogTest_FormatStyleMultipleArgs_TestD2Ev called 1 returned 100% blocks executed 100%
        1:  222:TEST_F(LogTest, FormatStyleMultipleArgs)
call    0 returned 100%
------------------
_ZN36LogTest_FormatStyleMultipleArgs_Test8TestBodyEv:
function _ZN36LogTest_FormatStyleMultipleArgs_Test8TestBodyEv called 1 returned 100% blocks executed 49%
        1:  222:TEST_F(LogTest, FormatStyleMultipleArgs)
        -:  223:{
        1:  224:	Logger::instance().setLevel(LogLevel::hDebug);
call    0 returned 100%
branch  1 taken 100% (fallthrough)
branch  2 taken 0% (throw)
call    3 returned 100%
branch  4 taken 100% (fallthrough)
branch  5 taken 0% (throw)
        1:  225:	Logger::instance().setOutput(m_ss);
call    0 returned 100%
branch  1 taken 100% (fallthrough)
branch  2 taken 0% (throw)
call    3 returned 100%
branch  4 taken 100% (fallthrough)
branch  5 taken 0% (throw)
        -:  226:
        1:  227:	HICAL_LOG_INFO("host={} port={}", "localhost", 8080);
call    0 returned 100%
branch  1 taken 100% (fallthrough)
branch  2 taken 0% (throw)
call    3 returned 100%
branch  4 taken 100% (fallthrough)
branch  5 taken 0% (throw)
branch  6 taken 100% (fallthrough)
branch  7 taken 0%
call    8 returned 100%
branch  9 taken 100% (fallthrough)
branch 10 taken 0% (throw)
call   11 returned 100%
branch 12 taken 100% (fallthrough)
branch 13 taken 0% (throw)
        -:  228:
        1:  229:	std::string out = m_ss.str();
call    0 returned 100%
branch  1 taken 100% (fallthrough)
branch  2 taken 0% (throw)
       1*:  230:	EXPECT_NE(out.find("host=localhost port=8080"), std::string::npos);
call    0 returned 100%
call    1 returned 100%
branch  2 taken 100% (fallthrough)
branch  3 taken 0% (throw)
call    4 returned 100%
branch  5 taken 0% (fallthrough)
branch  6 taken 100%
call    7 never executed
branch  8 never executed (fallthrough)
branch  9 never executed (throw)
call   10 never executed
call   11 never executed
branch 12 never executed (fallthrough)
branch 13 never executed (throw)
call   14 never executed
branch 15 never executed (fallthrough)
branch 16 never executed (throw)
call   17 never executed
call   18 never executed
call   19 returned 100%
call   20 never executed
call   21 never executed
call   22 never executed
        1:  231:}
call    0 returned 100%
call    1 never executed
------------------
        -:  232:
        4:  233:TEST_F(LogTest, FormatStyleNoArgs)
        -:  234:{
        1:  235:	Logger::instance().setLevel(LogLevel::hDebug);
        1:  236:	Logger::instance().setOutput(m_ss);
        -:  237:
        -:  238:	// 无额外参数：std::format("hello") 直接返回 "hello"
        1:  239:	HICAL_LOG_INFO("hello");
        -:  240:
        1:  241:	std::string out = m_ss.str();
       1*:  242:	EXPECT_NE(out.find("hello"), std::string::npos);
        1:  243:}
------------------
_ZN30LogTest_FormatStyleNoArgs_TestC2Ev:
function _ZN30LogTest_FormatStyleNoArgs_TestC2Ev called 1 returned 100% blocks executed 100%
        1:  233:TEST_F(LogTest, FormatStyleNoArgs)
call    0 returned 100%
------------------
_ZN30LogTest_FormatStyleNoArgs_TestD0Ev:
function _ZN30LogTest_FormatStyleNoArgs_TestD0Ev called 1 returned 100% blocks executed 100%
        1:  233:TEST_F(LogTest, FormatStyleNoArgs)
call    0 returned 100%
call    1 returned 100%
------------------
_ZN30LogTest_FormatStyleNoArgs_TestD2Ev:
function _ZN30LogTest_FormatStyleNoArgs_TestD2Ev called 1 returned 100% blocks executed 100%
        1:  233:TEST_F(LogTest, FormatStyleNoArgs)
call    0 returned 100%
------------------
_ZN30LogTest_FormatStyleNoArgs_Test8TestBodyEv:
function _ZN30LogTest_FormatStyleNoArgs_Test8TestBodyEv called 1 returned 100% blocks executed 49%
        1:  233:TEST_F(LogTest, FormatStyleNoArgs)
        -:  234:{
        1:  235:	Logger::instance().setLevel(LogLevel::hDebug);
call    0 returned 100%
branch  1 taken 100% (fallthrough)
branch  2 taken 0% (throw)
call    3 returned 100%
branch  4 taken 100% (fallthrough)
branch  5 taken 0% (throw)
        1:  236:	Logger::instance().setOutput(m_ss);
call    0 returned 100%
branch  1 taken 100% (fallthrough)
branch  2 taken 0% (throw)
call    3 returned 100%
branch  4 taken 100% (fallthrough)
branch  5 taken 0% (throw)
        -:  237:
        -:  238:	// 无额外参数：std::format("hello") 直接返回 "hello"
        1:  239:	HICAL_LOG_INFO("hello");
call    0 returned 100%
branch  1 taken 100% (fallthrough)
branch  2 taken 0% (throw)
call    3 returned 100%
branch  4 taken 100% (fallthrough)
branch  5 taken 0% (throw)
branch  6 taken 100% (fallthrough)
branch  7 taken 0%
call    8 returned 100%
branch  9 taken 100% (fallthrough)
branch 10 taken 0% (throw)
call   11 returned 100%
branch 12 taken 100% (fallthrough)
branch 13 taken 0% (throw)
        -:  240:
        1:  241:	std::string out = m_ss.str();
call    0 returned 100%
branch  1 taken 100% (fallthrough)
branch  2 taken 0% (throw)
       1*:  242:	EXPECT_NE(out.find("hello"), std::string::npos);
call    0 returned 100%
call    1 returned 100%
branch  2 taken 100% (fallthrough)
branch  3 taken 0% (throw)
call    4 returned 100%
branch  5 taken 0% (fallthrough)
branch  6 taken 100%
call    7 never executed
branch  8 never executed (fallthrough)
branch  9 never executed (throw)
call   10 never executed
call   11 never executed
branch 12 never executed (fallthrough)
branch 13 never executed (throw)
call   14 never executed
branch 15 never executed (fallthrough)
branch 16 never executed (throw)
call   17 never executed
call   18 never executed
call   19 returned 100%
call   20 never executed
call   21 never executed
call   22 never executed
        1:  243:}
call    0 returned 100%
call    1 never executed
------------------
        -:  244:
        4:  245:TEST_F(LogTest, FormatStyleWithTypes)
        -:  246:{
        1:  247:	Logger::instance().setLevel(LogLevel::hDebug);
        1:  248:	Logger::instance().setOutput(m_ss);
        -:  249:
        1:  250:	HICAL_LOG_DEBUG("int={} double={:.2f} bool={}", 42, 3.14, true);
        -:  251:
        1:  252:	std::string out = m_ss.str();
       1*:  253:	EXPECT_NE(out.find("int=42"), std::string::npos);
       1*:  254:	EXPECT_NE(out.find("double=3.14"), std::string::npos);
       1*:  255:	EXPECT_NE(out.find("bool=true"), std::string::npos);
        1:  256:}
------------------
_ZN33LogTest_FormatStyleWithTypes_TestC2Ev:
function _ZN33LogTest_FormatStyleWithTypes_TestC2Ev called 1 returned 100% blocks executed 100%
        1:  245:TEST_F(LogTest, FormatStyleWithTypes)
call    0 returned 100%
------------------
_ZN33LogTest_FormatStyleWithTypes_TestD0Ev:
function _ZN33LogTest_FormatStyleWithTypes_TestD0Ev called 1 returned 100% blocks executed 100%
        1:  245:TEST_F(LogTest, FormatStyleWithTypes)
call    0 returned 100%
call    1 returned 100%
------------------
_ZN33LogTest_FormatStyleWithTypes_TestD2Ev:
function _ZN33LogTest_FormatStyleWithTypes_TestD2Ev called 1 returned 100% blocks executed 100%
        1:  245:TEST_F(LogTest, FormatStyleWithTypes)
call    0 returned 100%
------------------
_ZN33LogTest_FormatStyleWithTypes_Test8TestBodyEv:
function _ZN33LogTest_FormatStyleWithTypes_Test8TestBodyEv called 1 returned 100% blocks executed 34%
        1:  245:TEST_F(LogTest, FormatStyleWithTypes)
        -:  246:{
        1:  247:	Logger::instance().setLevel(LogLevel::hDebug);
call    0 returned 100%
branch  1 taken 100% (fallthrough)
branch  2 taken 0% (throw)
call    3 returned 100%
branch  4 taken 100% (fallthrough)
branch  5 taken 0% (throw)
        1:  248:	Logger::instance().setOutput(m_ss);
call    0 returned 100%
branch  1 taken 100% (fallthrough)
branch  2 taken 0% (throw)
call    3 returned 100%
branch  4 taken 100% (fallthrough)
branch  5 taken 0% (throw)
        -:  249:
        1:  250:	HICAL_LOG_DEBUG("int={} double={:.2f} bool={}", 42, 3.14, true);
call    0 returned 100%
branch  1 taken 100% (fallthrough)
branch  2 taken 0% (throw)
call    3 returned 100%
branch  4 taken 100% (fallthrough)
branch  5 taken 0% (throw)
branch  6 taken 100% (fallthrough)
branch  7 taken 0%
call    8 returned 100%
branch  9 taken 100% (fallthrough)
branch 10 taken 0% (throw)
call   11 returned 100%
branch 12 taken 100% (fallthrough)
branch 13 taken 0% (throw)
        -:  251:
        1:  252:	std::string out = m_ss.str();
call    0 returned 100%
branch  1 taken 100% (fallthrough)
branch  2 taken 0% (throw)
       1*:  253:	EXPECT_NE(out.find("int=42"), std::string::npos);
call    0 returned 100%
call    1 returned 100%
branch  2 taken 100% (fallthrough)
branch  3 taken 0% (throw)
call    4 returned 100%
branch  5 taken 0% (fallthrough)
branch  6 taken 100%
call    7 never executed
branch  8 never executed (fallthrough)
branch  9 never executed (throw)
call   10 never executed
call   11 never executed
branch 12 never executed (fallthrough)
branch 13 never executed (throw)
call   14 never executed
branch 15 never executed (fallthrough)
branch 16 never executed (throw)
call   17 never executed
call   18 never executed
call   19 returned 100%
call   20 never executed
call   21 never executed
call   22 never executed
       1*:  254:	EXPECT_NE(out.find("double=3.14"), std::string::npos);
call    0 returned 100%
call    1 returned 100%
branch  2 taken 100% (fallthrough)
branch  3 taken 0% (throw)
call    4 returned 100%
branch  5 taken 0% (fallthrough)
branch  6 taken 100%
call    7 never executed
branch  8 never executed (fallthrough)
branch  9 never executed (throw)
call   10 never executed
call   11 never executed
branch 12 never executed (fallthrough)
branch 13 never executed (throw)
call   14 never executed
branch 15 never executed (fallthrough)
branch 16 never executed (throw)
call   17 never executed
call   18 never executed
call   19 returned 100%
call   20 never executed
call   21 never executed
call   22 never executed
       1*:  255:	EXPECT_NE(out.find("bool=true"), std::string::npos);
call    0 returned 100%
call    1 returned 100%
branch  2 taken 100% (fallthrough)
branch  3 taken 0% (throw)
call    4 returned 100%
branch  5 taken 0% (fallthrough)
branch  6 taken 100%
call    7 never executed
branch  8 never executed (fallthrough)
branch  9 never executed (throw)
call   10 never executed
call   11 never executed
branch 12 never executed (fallthrough)
branch 13 never executed (throw)
call   14 never executed
branch 15 never executed (fallthrough)
branch 16 never executed (throw)
call   17 never executed
call   18 never executed
call   19 returned 100%
call   20 never executed
call   21 never executed
call   22 never executed
        1:  256:}
call    0 returned 100%
call    1 never executed
------------------
        -:  257:
        -:  258:// ============ 条件日志宏测试 ============
        -:  259:
        4:  260:TEST_F(LogTest, ConditionalMacroTrue)
        -:  261:{
        1:  262:	Logger::instance().setLevel(LogLevel::hDebug);
        1:  263:	Logger::instance().setOutput(m_ss);
        -:  264:
        1:  265:	HICAL_LOG_INFO_IF(true, "condition met");
        -:  266:
        1:  267:	std::string out = m_ss.str();
       1*:  268:	EXPECT_NE(out.find("condition met"), std::string::npos);
        1:  269:}
------------------
_ZN33LogTest_ConditionalMacroTrue_TestC2Ev:
function _ZN33LogTest_ConditionalMacroTrue_TestC2Ev called 1 returned 100% blocks executed 100%
        1:  260:TEST_F(LogTest, ConditionalMacroTrue)
call    0 returned 100%
------------------
_ZN33LogTest_ConditionalMacroTrue_TestD0Ev:
function _ZN33LogTest_ConditionalMacroTrue_TestD0Ev called 1 returned 100% blocks executed 100%
        1:  260:TEST_F(LogTest, ConditionalMacroTrue)
call    0 returned 100%
call    1 returned 100%
------------------
_ZN33LogTest_ConditionalMacroTrue_TestD2Ev:
function _ZN33LogTest_ConditionalMacroTrue_TestD2Ev called 1 returned 100% blocks executed 100%
        1:  260:TEST_F(LogTest, ConditionalMacroTrue)
call    0 returned 100%
------------------
_ZN33LogTest_ConditionalMacroTrue_Test8TestBodyEv:
function _ZN33LogTest_ConditionalMacroTrue_Test8TestBodyEv called 1 returned 100% blocks executed 49%
        1:  260:TEST_F(LogTest, ConditionalMacroTrue)
        -:  261:{
        1:  262:	Logger::instance().setLevel(LogLevel::hDebug);
call    0 returned 100%
branch  1 taken 100% (fallthrough)
branch  2 taken 0% (throw)
call    3 returned 100%
branch  4 taken 100% (fallthrough)
branch  5 taken 0% (throw)
        1:  263:	Logger::instance().setOutput(m_ss);
call    0 returned 100%
branch  1 taken 100% (fallthrough)
branch  2 taken 0% (throw)
call    3 returned 100%
branch  4 taken 100% (fallthrough)
branch  5 taken 0% (throw)
        -:  264:
        1:  265:	HICAL_LOG_INFO_IF(true, "condition met");
call    0 returned 100%
branch  1 taken 100% (fallthrough)
branch  2 taken 0% (throw)
call    3 returned 100%
branch  4 taken 100% (fallthrough)
branch  5 taken 0% (throw)
branch  6 taken 100% (fallthrough)
branch  7 taken 0%
call    8 returned 100%
branch  9 taken 100% (fallthrough)
branch 10 taken 0% (throw)
call   11 returned 100%
branch 12 taken 100% (fallthrough)
branch 13 taken 0% (throw)
        -:  266:
        1:  267:	std::string out = m_ss.str();
call    0 returned 100%
branch  1 taken 100% (fallthrough)
branch  2 taken 0% (throw)
       1*:  268:	EXPECT_NE(out.find("condition met"), std::string::npos);
call    0 returned 100%
call    1 returned 100%
branch  2 taken 100% (fallthrough)
branch  3 taken 0% (throw)
call    4 returned 100%
branch  5 taken 0% (fallthrough)
branch  6 taken 100%
call    7 never executed
branch  8 never executed (fallthrough)
branch  9 never executed (throw)
call   10 never executed
call   11 never executed
branch 12 never executed (fallthrough)
branch 13 never executed (throw)
call   14 never executed
branch 15 never executed (fallthrough)
branch 16 never executed (throw)
call   17 never executed
call   18 never executed
call   19 returned 100%
call   20 never executed
call   21 never executed
call   22 never executed
        1:  269:}
call    0 returned 100%
call    1 never executed
------------------
        -:  270:
        4:  271:TEST_F(LogTest, ConditionalMacroFalse)
        -:  272:{
        1:  273:	Logger::instance().setLevel(LogLevel::hDebug);
        1:  274:	Logger::instance().setOutput(m_ss);
        -:  275:
        -:  276:	HICAL_LOG_INFO_IF(false, "should not appear");
        -:  277:
        1:  278:	std::string out = m_ss.str();
       1*:  279:	EXPECT_EQ(out.find("should not appear"), std::string::npos);
        1:  280:}
------------------
_ZN34LogTest_ConditionalMacroFalse_TestC2Ev:
function _ZN34LogTest_ConditionalMacroFalse_TestC2Ev called 1 returned 100% blocks executed 100%
        1:  271:TEST_F(LogTest, ConditionalMacroFalse)
call    0 returned 100%
------------------
_ZN34LogTest_ConditionalMacroFalse_TestD0Ev:
function _ZN34LogTest_ConditionalMacroFalse_TestD0Ev called 1 returned 100% blocks executed 100%
        1:  271:TEST_F(LogTest, ConditionalMacroFalse)
call    0 returned 100%
call    1 returned 100%
------------------
_ZN34LogTest_ConditionalMacroFalse_TestD2Ev:
function _ZN34LogTest_ConditionalMacroFalse_TestD2Ev called 1 returned 100% blocks executed 100%
        1:  271:TEST_F(LogTest, ConditionalMacroFalse)
call    0 returned 100%
------------------
_ZN34LogTest_ConditionalMacroFalse_Test8TestBodyEv:
function _ZN34LogTest_ConditionalMacroFalse_Test8TestBodyEv called 1 returned 100% blocks executed 41%
        1:  271:TEST_F(LogTest, ConditionalMacroFalse)
        -:  272:{
        1:  273:	Logger::instance().setLevel(LogLevel::hDebug);
call    0 returned 100%
branch  1 taken 100% (fallthrough)
branch  2 taken 0% (throw)
call    3 returned 100%
branch  4 taken 100% (fallthrough)
branch  5 taken 0% (throw)
        1:  274:	Logger::instance().setOutput(m_ss);
call    0 returned 100%
branch  1 taken 100% (fallthrough)
branch  2 taken 0% (throw)
call    3 returned 100%
branch  4 taken 100% (fallthrough)
branch  5 taken 0% (throw)
        -:  275:
        -:  276:	HICAL_LOG_INFO_IF(false, "should not appear");
        -:  277:
        1:  278:	std::string out = m_ss.str();
call    0 returned 100%
branch  1 taken 100% (fallthrough)
branch  2 taken 0% (throw)
       1*:  279:	EXPECT_EQ(out.find("should not appear"), std::string::npos);
call    0 returned 100%
call    1 returned 100%
branch  2 taken 100% (fallthrough)
branch  3 taken 0% (throw)
call    4 returned 100%
branch  5 taken 0% (fallthrough)
branch  6 taken 100%
call    7 never executed
branch  8 never executed (fallthrough)
branch  9 never executed (throw)
call   10 never executed
call   11 never executed
branch 12 never executed (fallthrough)
branch 13 never executed (throw)
call   14 never executed
branch 15 never executed (fallthrough)
branch 16 never executed (throw)
call   17 never executed
call   18 never executed
call   19 returned 100%
call   20 never executed
call   21 never executed
call   22 never executed
        1:  280:}
call    0 returned 100%
call    1 never executed
------------------
        -:  281:
        4:  282:TEST_F(LogTest, ConditionalMacroWithFormat)
        -:  283:{
        1:  284:	Logger::instance().setLevel(LogLevel::hDebug);
        1:  285:	Logger::instance().setOutput(m_ss);
        -:  286:
        1:  287:	int x = 100;
        1:  288:	HICAL_LOG_WARN_IF(x > 50, "x={} exceeded threshold", x);
        -:  289:
        1:  290:	std::string out = m_ss.str();
       1*:  291:	EXPECT_NE(out.find("x=100 exceeded threshold"), std::string::npos);
        1:  292:}
------------------
_ZN39LogTest_ConditionalMacroWithFormat_TestC2Ev:
function _ZN39LogTest_ConditionalMacroWithFormat_TestC2Ev called 1 returned 100% blocks executed 100%
        1:  282:TEST_F(LogTest, ConditionalMacroWithFormat)
call    0 returned 100%
------------------
_ZN39LogTest_ConditionalMacroWithFormat_TestD0Ev:
function _ZN39LogTest_ConditionalMacroWithFormat_TestD0Ev called 1 returned 100% blocks executed 100%
        1:  282:TEST_F(LogTest, ConditionalMacroWithFormat)
call    0 returned 100%
call    1 returned 100%
------------------
_ZN39LogTest_ConditionalMacroWithFormat_TestD2Ev:
function _ZN39LogTest_ConditionalMacroWithFormat_TestD2Ev called 1 returned 100% blocks executed 100%
        1:  282:TEST_F(LogTest, ConditionalMacroWithFormat)
call    0 returned 100%
------------------
_ZN39LogTest_ConditionalMacroWithFormat_Test8TestBodyEv:
function _ZN39LogTest_ConditionalMacroWithFormat_Test8TestBodyEv called 1 returned 100% blocks executed 50%
        1:  282:TEST_F(LogTest, ConditionalMacroWithFormat)
        -:  283:{
        1:  284:	Logger::instance().setLevel(LogLevel::hDebug);
call    0 returned 100%
branch  1 taken 100% (fallthrough)
branch  2 taken 0% (throw)
call    3 returned 100%
branch  4 taken 100% (fallthrough)
branch  5 taken 0% (throw)
        1:  285:	Logger::instance().setOutput(m_ss);
call    0 returned 100%
branch  1 taken 100% (fallthrough)
branch  2 taken 0% (throw)
call    3 returned 100%
branch  4 taken 100% (fallthrough)
branch  5 taken 0% (throw)
        -:  286:
        1:  287:	int x = 100;
        1:  288:	HICAL_LOG_WARN_IF(x > 50, "x={} exceeded threshold", x);
[...]
call    0 returned 100%
call    1 returned 100%
------------------
_ZN34LogTest_ClearSinksStopsOutput_TestD2Ev:
function _ZN34LogTest_ClearSinksStopsOutput_TestD2Ev called 1 returned 100% blocks executed 100%
        1:  519:TEST_F(LogTest, ClearSinksStopsOutput)
call    0 returned 100%
------------------
_ZN34LogTest_ClearSinksStopsOutput_Test8TestBodyEv:
function _ZN34LogTest_ClearSinksStopsOutput_Test8TestBodyEv called 1 returned 100% blocks executed 47%
        1:  519:TEST_F(LogTest, ClearSinksStopsOutput)
        -:  520:{
        1:  521:	auto sink = std::make_shared<MemorySink>();
call    0 returned 100%
branch  1 taken 100% (fallthrough)
branch  2 taken 0% (throw)
        1:  522:	Logger::instance().setLevel(LogLevel::hDebug);
call    0 returned 100%
branch  1 taken 100% (fallthrough)
branch  2 taken 0% (throw)
call    3 returned 100%
branch  4 taken 100% (fallthrough)
branch  5 taken 0% (throw)
        1:  523:	Logger::instance().clearSinks();
call    0 returned 100%
branch  1 taken 100% (fallthrough)
branch  2 taken 0% (throw)
call    3 returned 100%
branch  4 taken 100% (fallthrough)
branch  5 taken 0% (throw)
        1:  524:	Logger::instance().addSink(sink);
call    0 returned 100%
branch  1 taken 100% (fallthrough)
branch  2 taken 0% (throw)
call    3 returned 100%
call    4 returned 100%
branch  5 taken 100% (fallthrough)
branch  6 taken 0% (throw)
call    7 returned 100%
call    8 never executed
        -:  525:
        1:  526:	HICAL_LOG_INFO("before clear");
call    0 returned 100%
branch  1 taken 100% (fallthrough)
branch  2 taken 0% (throw)
call    3 returned 100%
branch  4 taken 100% (fallthrough)
branch  5 taken 0% (throw)
branch  6 taken 100% (fallthrough)
branch  7 taken 0%
call    8 returned 100%
branch  9 taken 100% (fallthrough)
branch 10 taken 0% (throw)
call   11 returned 100%
branch 12 taken 100% (fallthrough)
branch 13 taken 0% (throw)
        1:  527:	Logger::instance().clearSinks();
call    0 returned 100%
branch  1 taken 100% (fallthrough)
branch  2 taken 0% (throw)
call    3 returned 100%
branch  4 taken 100% (fallthrough)
branch  5 taken 0% (throw)
        1:  528:	HICAL_LOG_INFO("after clear");
call    0 returned 100%
branch  1 taken 100% (fallthrough)
branch  2 taken 0% (throw)
call    3 returned 100%
branch  4 taken 100% (fallthrough)
branch  5 taken 0% (throw)
branch  6 taken 100% (fallthrough)
branch  7 taken 0%
call    8 returned 100%
branch  9 taken 100% (fallthrough)
branch 10 taken 0% (throw)
call   11 returned 100%
branch 12 taken 100% (fallthrough)
branch 13 taken 0% (throw)
        -:  529:
        1:  530:	auto data = sink->data();
call    0 returned 100%
call    1 returned 100%
branch  2 taken 100% (fallthrough)
branch  3 taken 0% (throw)
       1*:  531:	EXPECT_NE(data.find("before clear"), std::string::npos);
call    0 returned 100%
call    1 returned 100%
branch  2 taken 100% (fallthrough)
branch  3 taken 0% (throw)
call    4 returned 100%
branch  5 taken 0% (fallthrough)
branch  6 taken 100%
call    7 never executed
branch  8 never executed (fallthrough)
branch  9 never executed (throw)
call   10 never executed
call   11 never executed
branch 12 never executed (fallthrough)
branch 13 never executed (throw)
call   14 never executed
branch 15 never executed (fallthrough)
branch 16 never executed (throw)
call   17 never executed
call   18 never executed
call   19 returned 100%
call   20 never executed
call   21 never executed
call   22 never executed
       1*:  532:	EXPECT_EQ(data.find("after clear"), std::string::npos);
call    0 returned 100%
call    1 returned 100%
branch  2 taken 100% (fallthrough)
branch  3 taken 0% (throw)
call    4 returned 100%
branch  5 taken 0% (fallthrough)
branch  6 taken 100%
call    7 never executed
branch  8 never executed (fallthrough)
branch  9 never executed (throw)
call   10 never executed
call   11 never executed
branch 12 never executed (fallthrough)
branch 13 never executed (throw)
call   14 never executed
branch 15 never executed (fallthrough)
branch 16 never executed (throw)
call   17 never executed
call   18 never executed
call   19 returned 100%
call   20 never executed
call   21 never executed
call   22 never executed
        1:  533:}
call    0 returned 100%
call    1 returned 100%
call    2 never executed
call    3 never executed
------------------
        -:  534:
        4:  535:TEST_F(LogTest, SetSinkReplacesExisting)
        -:  536:{
        1:  537:	auto sink1 = std::make_shared<MemorySink>();
        1:  538:	auto sink2 = std::make_shared<MemorySink>();
        1:  539:	Logger::instance().setLevel(LogLevel::hDebug);
        1:  540:	Logger::instance().setSink(sink1);
        -:  541:
        1:  542:	HICAL_LOG_INFO("to sink1");
        -:  543:
        1:  544:	Logger::instance().setSink(sink2);
        -:  545:
        1:  546:	HICAL_LOG_INFO("to sink2");
        -:  547:
       1*:  548:	EXPECT_NE(sink1->data().find("to sink1"), std::string::npos);
       1*:  549:	EXPECT_EQ(sink1->data().find("to sink2"), std::string::npos);
       1*:  550:	EXPECT_NE(sink2->data().find("to sink2"), std::string::npos);
        1:  551:}
------------------
_ZN36LogTest_SetSinkReplacesExisting_TestC2Ev:
function _ZN36LogTest_SetSinkReplacesExisting_TestC2Ev called 1 returned 100% blocks executed 100%
        1:  535:TEST_F(LogTest, SetSinkReplacesExisting)
call    0 returned 100%
------------------
_ZN36LogTest_SetSinkReplacesExisting_TestD0Ev:
function _ZN36LogTest_SetSinkReplacesExisting_TestD0Ev called 1 returned 100% blocks executed 100%
        1:  535:TEST_F(LogTest, SetSinkReplacesExisting)
call    0 returned 100%
call    1 returned 100%
------------------
_ZN36LogTest_SetSinkReplacesExisting_TestD2Ev:
function _ZN36LogTest_SetSinkReplacesExisting_TestD2Ev called 1 returned 100% blocks executed 100%
        1:  535:TEST_F(LogTest, SetSinkReplacesExisting)
call    0 returned 100%
------------------
_ZN36LogTest_SetSinkReplacesExisting_Test8TestBodyEv:
function _ZN36LogTest_SetSinkReplacesExisting_Test8TestBodyEv called 1 returned 100% blocks executed 42%
        1:  535:TEST_F(LogTest, SetSinkReplacesExisting)
        -:  536:{
        1:  537:	auto sink1 = std::make_shared<MemorySink>();
call    0 returned 100%
branch  1 taken 100% (fallthrough)
branch  2 taken 0% (throw)
        1:  538:	auto sink2 = std::make_shared<MemorySink>();
call    0 returned 100%
branch  1 taken 100% (fallthrough)
branch  2 taken 0% (throw)
        1:  539:	Logger::instance().setLevel(LogLevel::hDebug);
call    0 returned 100%
branch  1 taken 100% (fallthrough)
branch  2 taken 0% (throw)
call    3 returned 100%
branch  4 taken 100% (fallthrough)
branch  5 taken 0% (throw)
        1:  540:	Logger::instance().setSink(sink1);
call    0 returned 100%
branch  1 taken 100% (fallthrough)
branch  2 taken 0% (throw)
call    3 returned 100%
call    4 returned 100%
branch  5 taken 100% (fallthrough)
branch  6 taken 0% (throw)
call    7 returned 100%
call    8 never executed
        -:  541:
        1:  542:	HICAL_LOG_INFO("to sink1");
call    0 returned 100%
branch  1 taken 100% (fallthrough)
branch  2 taken 0% (throw)
call    3 returned 100%
branch  4 taken 100% (fallthrough)
branch  5 taken 0% (throw)
branch  6 taken 100% (fallthrough)
branch  7 taken 0%
call    8 returned 100%
branch  9 taken 100% (fallthrough)
branch 10 taken 0% (throw)
call   11 returned 100%
branch 12 taken 100% (fallthrough)
branch 13 taken 0% (throw)
        -:  543:
        1:  544:	Logger::instance().setSink(sink2);
call    0 returned 100%
branch  1 taken 100% (fallthrough)
branch  2 taken 0% (throw)
call    3 returned 100%
call    4 returned 100%
branch  5 taken 100% (fallthrough)
branch  6 taken 0% (throw)
call    7 returned 100%
call    8 never executed
        -:  545:
        1:  546:	HICAL_LOG_INFO("to sink2");
call    0 returned 100%
branch  1 taken 100% (fallthrough)
branch  2 taken 0% (throw)
call    3 returned 100%
branch  4 taken 100% (fallthrough)
branch  5 taken 0% (throw)
branch  6 taken 100% (fallthrough)
branch  7 taken 0%
call    8 returned 100%
branch  9 taken 100% (fallthrough)
branch 10 taken 0% (throw)
call   11 returned 100%
branch 12 taken 100% (fallthrough)
branch 13 taken 0% (throw)
        -:  547:
       1*:  548:	EXPECT_NE(sink1->data().find("to sink1"), std::string::npos);
call    0 returned 100%
call    1 returned 100%
branch  2 taken 100% (fallthrough)
branch  3 taken 0% (throw)
call    4 returned 100%
call    5 returned 100%
branch  6 taken 100% (fallthrough)
branch  7 taken 0% (throw)
call    8 returned 100%
call    9 returned 100%
branch 10 taken 0% (fallthrough)
branch 11 taken 100%
call   12 never executed
branch 13 never executed (fallthrough)
branch 14 never executed (throw)
call   15 never executed
call   16 never executed
branch 17 never executed (fallthrough)
branch 18 never executed (throw)
call   19 never executed
branch 20 never executed (fallthrough)
branch 21 never executed (throw)
call   22 never executed
call   23 never executed
call   24 returned 100%
call   25 never executed
call   26 never executed
call   27 never executed
call   28 never executed
       1*:  549:	EXPECT_EQ(sink1->data().find("to sink2"), std::string::npos);
call    0 returned 100%
call    1 returned 100%
branch  2 taken 100% (fallthrough)
branch  3 taken 0% (throw)
call    4 returned 100%
call    5 returned 100%
branch  6 taken 100% (fallthrough)
branch  7 taken 0% (throw)
call    8 returned 100%
call    9 returned 100%
branch 10 taken 0% (fallthrough)
branch 11 taken 100%
call   12 never executed
branch 13 never executed (fallthrough)
branch 14 never executed (throw)
call   15 never executed
call   16 never executed
branch 17 never executed (fallthrough)
branch 18 never executed (throw)
call   19 never executed
branch 20 never executed (fallthrough)
branch 21 never executed (throw)
call   22 never executed
call   23 never executed
call   24 returned 100%
call   25 never executed
call   26 never executed
call   27 never executed
call   28 never executed
       1*:  550:	EXPECT_NE(sink2->data().find("to sink2"), std::string::npos);
call    0 returned 100%
call    1 returned 100%
branch  2 taken 100% (fallthrough)
branch  3 taken 0% (throw)
call    4 returned 100%
call    5 returned 100%
branch  6 taken 100% (fallthrough)
branch  7 taken 0% (throw)
call    8 returned 100%
call    9 returned 100%
branch 10 taken 0% (fallthrough)
branch 11 taken 100%
call   12 never executed
branch 13 never executed (fallthrough)
branch 14 never executed (throw)
call   15 never executed
call   16 never executed
branch 17 never executed (fallthrough)
branch 18 never executed (throw)
call   19 never executed
branch 20 never executed (fallthrough)
branch 21 never executed (throw)
call   22 never executed
call   23 never executed
call   24 returned 100%
call   25 never executed
call   26 never executed
call   27 never executed
call   28 never executed
        1:  551:}
call    0 returned 100%
call    1 returned 100%
call    2 never executed
call    3 never executed
------------------
        -:  552:
        4:  553:TEST_F(LogTest, SinkLevelFilter)
        -:  554:{
        1:  555:	auto sink = std::make_shared<MemorySink>();
        1:  556:	sink->setLevel(LogLevel::hError); // Sink 只接受 Error+
        1:  557:	Logger::instance().setLevel(LogLevel::hDebug);
        1:  558:	Logger::instance().clearSinks();
        1:  559:	Logger::instance().addSink(sink);
        -:  560:
        1:  561:	HICAL_LOG_INFO("info should be filtered by sink");
        1:  562:	HICAL_LOG_ERROR("error should pass");
        -:  563:
        1:  564:	auto data = sink->data();
       1*:  565:	EXPECT_EQ(data.find("info should be filtered"), std::string::npos);
       1*:  566:	EXPECT_NE(data.find("error should pass"), std::string::npos);
        1:  567:}
------------------
_ZN28LogTest_SinkLevelFilter_TestC2Ev:
function _ZN28LogTest_SinkLevelFilter_TestC2Ev called 1 returned 100% blocks executed 100%
        1:  553:TEST_F(LogTest, SinkLevelFilter)
call    0 returned 100%
------------------
_ZN28LogTest_SinkLevelFilter_TestD0Ev:
function _ZN28LogTest_SinkLevelFilter_TestD0Ev called 1 returned 100% blocks executed 100%
        1:  553:TEST_F(LogTest, SinkLevelFilter)
call    0 returned 100%
call    1 returned 100%
------------------
_ZN28LogTest_SinkLevelFilter_TestD2Ev:
function _ZN28LogTest_SinkLevelFilter_TestD2Ev called 1 returned 100% blocks executed 100%
        1:  553:TEST_F(LogTest, SinkLevelFilter)
call    0 returned 100%
------------------
_ZN28LogTest_SinkLevelFilter_Test8TestBodyEv:
function _ZN28LogTest_SinkLevelFilter_Test8TestBodyEv called 1 returned 100% blocks executed 47%
        1:  553:TEST_F(LogTest, SinkLevelFilter)
        -:  554:{
        1:  555:	auto sink = std::make_shared<MemorySink>();
call    0 returned 100%
branch  1 taken 100% (fallthrough)
branch  2 taken 0% (throw)
        1:  556:	sink->setLevel(LogLevel::hError); // Sink 只接受 Error+
call    0 returned 100%
call    1 returned 100%
        1:  557:	Logger::instance().setLevel(LogLevel::hDebug);
call    0 returned 100%
branch  1 taken 100% (fallthrough)
branch  2 taken 0% (throw)
call    3 returned 100%
branch  4 taken 100% (fallthrough)
branch  5 taken 0% (throw)
        1:  558:	Logger::instance().clearSinks();
call    0 returned 100%
branch  1 taken 100% (fallthrough)
branch  2 taken 0% (throw)
call    3 returned 100%
branch  4 taken 100% (fallthrough)
branch  5 taken 0% (throw)
        1:  559:	Logger::instance().addSink(sink);
call    0 returned 100%
branch  1 taken 100% (fallthrough)
branch  2 taken 0% (throw)
call    3 returned 100%
call    4 returned 100%
branch  5 taken 100% (fallthrough)
branch  6 taken 0% (throw)
call    7 returned 100%
call    8 never executed
        -:  560:
        1:  561:	HICAL_LOG_INFO("info should be filtered by sink");
call    0 returned 100%
branch  1 taken 100% (fallthrough)
branch  2 taken 0% (throw)
call    3 returned 100%
branch  4 taken 100% (fallthrough)
branch  5 taken 0% (throw)
branch  6 taken 100% (fallthrough)
branch  7 taken 0%
call    8 returned 100%
branch  9 taken 100% (fallthrough)
branch 10 taken 0% (throw)
call   11 returned 100%
branch 12 taken 100% (fallthrough)
branch 13 taken 0% (throw)
        1:  562:	HICAL_LOG_ERROR("error should pass");
call    0 returned 100%
branch  1 taken 100% (fallthrough)
branch  2 taken 0% (throw)
call    3 returned 100%
branch  4 taken 100% (fallthrough)
branch  5 taken 0% (throw)
branch  6 taken 100% (fallthrough)
branch  7 taken 0%
call    8 returned 100%
branch  9 taken 100% (fallthrough)
branch 10 taken 0% (throw)
call   11 returned 100%
branch 12 taken 100% (fallthrough)
branch 13 taken 0% (throw)
        -:  563:
        1:  564:	auto data = sink->data();
call    0 returned 100%
call    1 returned 100%
branch  2 taken 100% (fallthrough)
branch  3 taken 0% (throw)
       1*:  565:	EXPECT_EQ(data.find("info should be filtered"), std::string::npos);
call    0 returned 100%
call    1 returned 100%
branch  2 taken 100% (fallthrough)
branch  3 taken 0% (throw)
call    4 returned 100%
branch  5 taken 0% (fallthrough)
branch  6 taken 100%
call    7 never executed
branch  8 never executed (fallthrough)
branch  9 never executed (throw)
call   10 never executed
call   11 never executed
branch 12 never executed (fallthrough)
branch 13 never executed (throw)
call   14 never executed
branch 15 never executed (fallthrough)
branch 16 never executed (throw)
call   17 never executed
call   18 never executed
call   19 returned 100%
call   20 never executed
call   21 never executed
call   22 never executed
       1*:  566:	EXPECT_NE(data.find("error should pass"), std::string::npos);
call    0 returned 100%
call    1 returned 100%
branch  2 taken 100% (fallthrough)
branch  3 taken 0% (throw)
call    4 returned 100%
branch  5 taken 0% (fallthrough)
branch  6 taken 100%
call    7 never executed
branch  8 never executed (fallthrough)
branch  9 never executed (throw)
call   10 never executed
call   11 never executed
branch 12 never executed (fallthrough)
branch 13 never executed (throw)
call   14 never executed
branch 15 never executed (fallthrough)
branch 16 never executed (throw)
call   17 never executed
call   18 never executed
call   19 returned 100%
call   20 never executed
call   21 never executed
call   22 never executed
        1:  567:}
call    0 returned 100%
call    1 returned 100%
call    2 never executed
call    3 never executed
------------------
        -:  568:
        4:  569:TEST_F(LogTest, SetOutputOstreamCompatibility)
        -:  570:{
        -:  571:	// setOutput(ostream&) 应该通过内部 OStreamSink 桥接正常工作
        1:  572:	Logger::instance().setLevel(LogLevel::hDebug);
        1:  573:	Logger::instance().setOutput(m_ss);
        -:  574:
        1:  575:	HICAL_LOG_INFO("ostream compat");
        -:  576:
        1:  577:	std::string out = m_ss.str();
       1*:  578:	EXPECT_NE(out.find("ostream compat"), std::string::npos);
        1:  579:}
------------------
_ZN42LogTest_SetOutputOstreamCompatibility_TestC2Ev:
function _ZN42LogTest_SetOutputOstreamCompatibility_TestC2Ev called 1 returned 100% blocks executed 100%
        1:  569:TEST_F(LogTest, SetOutputOstreamCompatibility)
call    0 returned 100%
------------------
_ZN42LogTest_SetOutputOstreamCompatibility_TestD0Ev:
function _ZN42LogTest_SetOutputOstreamCompatibility_TestD0Ev called 1 returned 100% blocks executed 100%
        1:  569:TEST_F(LogTest, SetOutputOstreamCompatibility)
call    0 returned 100%
call    1 returned 100%
------------------
_ZN42LogTest_SetOutputOstreamCompatibility_TestD2Ev:
function _ZN42LogTest_SetOutputOstreamCompatibility_TestD2Ev called 1 returned 100% blocks executed 100%
        1:  569:TEST_F(LogTest, SetOutputOstreamCompatibility)
call    0 returned 100%
------------------
_ZN42LogTest_SetOutputOstreamCompatibility_Test8TestBodyEv:
function _ZN42LogTest_SetOutputOstreamCompatibility_Test8TestBodyEv called 1 returned 100% blocks executed 49%
        1:  569:TEST_F(LogTest, SetOutputOstreamCompatibility)
        -:  570:{
        -:  571:	// setOutput(ostream&) 应该通过内部 OStreamSink 桥接正常工作
        1:  572:	Logger::instance().setLevel(LogLevel::hDebug);
call    0 returned 100%
branch  1 taken 100% (fallthrough)
branch  2 taken 0% (throw)
call    3 returned 100%
branch  4 taken 100% (fallthrough)
branch  5 taken 0% (throw)
        1:  573:	Logger::instance().setOutput(m_ss);
call    0 returned 100%
branch  1 taken 100% (fallthrough)
branch  2 taken 0% (throw)
call    3 returned 100%
branch  4 taken 100% (fallthrough)
branch  5 taken 0% (throw)
        -:  574:
        1:  575:	HICAL_LOG_INFO("ostream compat");
call    0 returned 100%
branch  1 taken 100% (fallthrough)
branch  2 taken 0% (throw)
call    3 returned 100%
branch  4 taken 100% (fallthrough)
branch  5 taken 0% (throw)
branch  6 taken 100% (fallthrough)
branch  7 taken 0%
call    8 returned 100%
branch  9 taken 100% (fallthrough)
branch 10 taken 0% (throw)
call   11 returned 100%
branch 12 taken 100% (fallthrough)
branch 13 taken 0% (throw)
        -:  576:
        1:  577:	std::string out = m_ss.str();
call    0 returned 100%
branch  1 taken 100% (fallthrough)
branch  2 taken 0% (throw)
       1*:  578:	EXPECT_NE(out.find("ostream compat"), std::string::npos);
call    0 returned 100%
call    1 returned 100%
branch  2 taken 100% (fallthrough)
branch  3 taken 0% (throw)
call    4 returned 100%
branch  5 taken 0% (fallthrough)
branch  6 taken 100%
call    7 never executed
branch  8 never executed (fallthrough)
branch  9 never executed (throw)
call   10 never executed
call   11 never executed
branch 12 never executed (fallthrough)
branch 13 never executed (throw)
call   14 never executed
branch 15 never executed (fallthrough)
branch 16 never executed (throw)
call   17 never executed
call   18 never executed
call   19 returned 100%
call   20 never executed
call   21 never executed
call   22 never executed
        1:  579:}
call    0 returned 100%
call    1 never executed
------------------
