        -:    0:Source:/usr/include/boost/json/impl/value_ref.hpp
        -:    1://
        -:    2:// Copyright (c) 2019 Vinnie Falco (vinnie.falco@gmail.com)
        -:    3://
        -:    4:// Distributed under the Boost Software License, Version 1.0. (See accompanying
        -:    5:// file LICENSE_1_0.txt or copy at http://www.boost.org/LICENSE_1_0.txt)
        -:    6://
        -:    7:// Official repository: https://github.com/boostorg/json
        -:    8://
        -:    9:
        -:   10:#ifndef BOOST_JSON_IMPL_VALUE_REF_HPP
        -:   11:#define BOOST_JSON_IMPL_VALUE_REF_HPP
        -:   12:
        -:   13:namespace boost {
        -:   14:namespace json {
        -:   15:
        -:   16:template<class T>
        -:   17:value
      12*:   18:value_ref::
        -:   19:from_builtin(
        -:   20:    void const* p,
        -:   21:    storage_ptr sp) noexcept
        -:   22:{
      24*:   23:    return value(
        -:   24:        *reinterpret_cast<
        -:   25:            T const*>(p),
      24*:   26:        std::move(sp));
        -:   27:}
------------------
_ZN5boost4json9value_ref12from_builtinIiEENS0_5valueEPKvNS0_11storage_ptrE:
function _ZN5boost4json9value_ref12from_builtinIiEENS0_5valueEPKvNS0_11storage_ptrE called 1 returned 100% blocks executed 100%
        1:   18:value_ref::
        -:   19:from_builtin(
        -:   20:    void const* p,
        -:   21:    storage_ptr sp) noexcept
        -:   22:{
        2:   23:    return value(
call    0 returned 100%
call    1 returned 100%
        -:   24:        *reinterpret_cast<
        -:   25:            T const*>(p),
        2:   26:        std::move(sp));
call    0 returned 100%
call    1 returned 100%
        -:   27:}
------------------
_ZN5boost4json9value_ref12from_builtinIyEENS0_5valueEPKvNS0_11storage_ptrE:
function _ZN5boost4json9value_ref12from_builtinIyEENS0_5valueEPKvNS0_11storage_ptrE called 2 returned 100% blocks executed 100%
        2:   18:value_ref::
        -:   19:from_builtin(
        -:   20:    void const* p,
        -:   21:    storage_ptr sp) noexcept
        -:   22:{
        4:   23:    return value(
call    0 returned 100%
call    1 returned 100%
        -:   24:        *reinterpret_cast<
        -:   25:            T const*>(p),
        4:   26:        std::move(sp));
call    0 returned 100%
call    1 returned 100%
        -:   27:}
------------------
_ZN5boost4json9value_ref12from_builtinIiEENS0_5valueEPKvNS0_11storage_ptrE:
function _ZN5boost4json9value_ref12from_builtinIiEENS0_5valueEPKvNS0_11storage_ptrE called 9 returned 100% blocks executed 100%
        9:   18:value_ref::
        -:   19:from_builtin(
        -:   20:    void const* p,
        -:   21:    storage_ptr sp) noexcept
        -:   22:{
       18:   23:    return value(
call    0 returned 100%
call    1 returned 100%
        -:   24:        *reinterpret_cast<
        -:   25:            T const*>(p),
       18:   26:        std::move(sp));
call    0 returned 100%
call    1 returned 100%
        -:   27:}
------------------
_ZN5boost4json9value_ref12from_builtinIiEENS0_5valueEPKvNS0_11storage_ptrE:
function _ZN5boost4json9value_ref12from_builtinIiEENS0_5valueEPKvNS0_11storage_ptrE called 0 returned 0% blocks executed 0%
    #####:   18:value_ref::
        -:   19:from_builtin(
        -:   20:    void const* p,
        -:   21:    storage_ptr sp) noexcept
        -:   22:{
    #####:   23:    return value(
call    0 never executed
call    1 never executed
        -:   24:        *reinterpret_cast<
        -:   25:            T const*>(p),
    #####:   26:        std::move(sp));
call    0 never executed
call    1 never executed
        -:   27:}
------------------
_ZN5boost4json9value_ref12from_builtinIiEENS0_5valueEPKvNS0_11storage_ptrE:
function _ZN5boost4json9value_ref12from_builtinIiEENS0_5valueEPKvNS0_11storage_ptrE called 0 returned 0% blocks executed 0%
    #####:   18:value_ref::
        -:   19:from_builtin(
        -:   20:    void const* p,
        -:   21:    storage_ptr sp) noexcept
        -:   22:{
    #####:   23:    return value(
call    0 never executed
call    1 never executed
        -:   24:        *reinterpret_cast<
        -:   25:            T const*>(p),
    #####:   26:        std::move(sp));
call    0 never executed
call    1 never executed
        -:   27:}
------------------
        -:   28:
        -:   29:template<class T>
        -:   30:value
function _ZN5boost4json9value_ref10from_constINS0_5arrayEEENS0_5valueEPKvNS0_11storage_ptrE called 0 returned 0% blocks executed 0%
    #####:   31:value_ref::
        -:   32:from_const(
        -:   33:    void const* p,
        -:   34:    storage_ptr sp)
        -:   35:{
    #####:   36:    return value(
call    0 never executed
call    1 never executed
call    2 never executed
        -:   37:        *reinterpret_cast<
        -:   38:            T const*>(p),
    #####:   39:        std::move(sp));
call    0 never executed
call    1 never executed
branch  2 never executed (fallthrough)
branch  3 never executed (throw)
        -:   40:}
        -:   41:
        -:   42:template<class T>
        -:   43:value
    #####:   44:value_ref::
        -:   45:from_rvalue(
        -:   46:    void* p,
        -:   47:    storage_ptr sp)
        -:   48:{
    #####:   49:    return value(
    #####:   50:        std::move(
        -:   51:            *reinterpret_cast<T*>(p)),
    #####:   52:        std::move(sp));
        -:   53:}
        -:   54:
        -:   55:} // namespace json
        -:   56:} // namespace boost
        -:   57:
        -:   58:#endif
