        -:    0:Source:/usr/include/boost/asio/detail/tss_ptr.hpp
        -:    1://
        -:    2:// detail/tss_ptr.hpp
        -:    3:// ~~~~~~~~~~~~~~~~~~
        -:    4://
        -:    5:// Copyright (c) 2003-2023 Christopher M. Kohlhoff (chris at kohlhoff dot com)
        -:    6://
        -:    7:// Distributed under the Boost Software License, Version 1.0. (See accompanying
        -:    8:// file LICENSE_1_0.txt or copy at http://www.boost.org/LICENSE_1_0.txt)
        -:    9://
        -:   10:
        -:   11:#ifndef BOOST_ASIO_DETAIL_TSS_PTR_HPP
        -:   12:#define BOOST_ASIO_DETAIL_TSS_PTR_HPP
        -:   13:
        -:   14:#if defined(_MSC_VER) && (_MSC_VER >= 1200)
        -:   15:# pragma once
        -:   16:#endif // defined(_MSC_VER) && (_MSC_VER >= 1200)
        -:   17:
        -:   18:#include <boost/asio/detail/config.hpp>
        -:   19:
        -:   20:#if !defined(BOOST_ASIO_HAS_THREADS)
        -:   21:# include <boost/asio/detail/null_tss_ptr.hpp>
        -:   22:#elif defined(BOOST_ASIO_HAS_THREAD_KEYWORD_EXTENSION)
        -:   23:# include <boost/asio/detail/keyword_tss_ptr.hpp>
        -:   24:#elif defined(BOOST_ASIO_WINDOWS)
        -:   25:# include <boost/asio/detail/win_tss_ptr.hpp>
        -:   26:#elif defined(BOOST_ASIO_HAS_PTHREADS)
        -:   27:# include <boost/asio/detail/posix_tss_ptr.hpp>
        -:   28:#else
        -:   29:# error Only Windows and POSIX are supported!
        -:   30:#endif
        -:   31:
        -:   32:#include <boost/asio/detail/push_options.hpp>
        -:   33:
        -:   34:namespace boost {
        -:   35:namespace asio {
        -:   36:namespace detail {
        -:   37:
        -:   38:template <typename T>
        -:   39:class tss_ptr
        -:   40:#if !defined(BOOST_ASIO_HAS_THREADS)
        -:   41:  : public null_tss_ptr<T>
        -:   42:#elif defined(BOOST_ASIO_HAS_THREAD_KEYWORD_EXTENSION)
        -:   43:  : public keyword_tss_ptr<T>
        -:   44:#elif defined(BOOST_ASIO_WINDOWS)
        -:   45:  : public win_tss_ptr<T>
        -:   46:#elif defined(BOOST_ASIO_HAS_PTHREADS)
        -:   47:  : public posix_tss_ptr<T>
        -:   48:#endif
        -:   49:{
        -:   50:public:
     314*:   51:  void operator=(T* value)
        -:   52:  {
        -:   53:#if !defined(BOOST_ASIO_HAS_THREADS)
        -:   54:    null_tss_ptr<T>::operator=(value);
        -:   55:#elif defined(BOOST_ASIO_HAS_THREAD_KEYWORD_EXTENSION)
     314*:   56:    keyword_tss_ptr<T>::operator=(value);
        -:   57:#elif defined(BOOST_ASIO_WINDOWS)
        -:   58:    win_tss_ptr<T>::operator=(value);
        -:   59:#elif defined(BOOST_ASIO_HAS_PTHREADS)
        -:   60:    posix_tss_ptr<T>::operator=(value);
        -:   61:#endif
     314*:   62:  }
------------------
_ZN5boost4asio6detail7tss_ptrINS1_10call_stackINS1_14thread_contextENS1_16thread_info_baseEE7contextEEaSEPS7_:
function _ZN5boost4asio6detail7tss_ptrINS1_10call_stackINS1_14thread_contextENS1_16thread_info_baseEE7contextEEaSEPS7_ called 10 returned 100% blocks executed 100%
       10:   51:  void operator=(T* value)
        -:   52:  {
        -:   53:#if !defined(BOOST_ASIO_HAS_THREADS)
        -:   54:    null_tss_ptr<T>::operator=(value);
        -:   55:#elif defined(BOOST_ASIO_HAS_THREAD_KEYWORD_EXTENSION)
       10:   56:    keyword_tss_ptr<T>::operator=(value);
call    0 returned 100%
        -:   57:#elif defined(BOOST_ASIO_WINDOWS)
        -:   58:    win_tss_ptr<T>::operator=(value);
        -:   59:#elif defined(BOOST_ASIO_HAS_PTHREADS)
        -:   60:    posix_tss_ptr<T>::operator=(value);
        -:   61:#endif
       10:   62:  }
------------------
_ZN5boost4asio6detail7tss_ptrINS1_10call_stackINS1_14thread_contextENS1_16thread_info_baseEE7contextEEaSEPS7_:
function _ZN5boost4asio6detail7tss_ptrINS1_10call_stackINS1_14thread_contextENS1_16thread_info_baseEE7contextEEaSEPS7_ called 0 returned 0% blocks executed 0%
    #####:   51:  void operator=(T* value)
        -:   52:  {
        -:   53:#if !defined(BOOST_ASIO_HAS_THREADS)
        -:   54:    null_tss_ptr<T>::operator=(value);
        -:   55:#elif defined(BOOST_ASIO_HAS_THREAD_KEYWORD_EXTENSION)
    #####:   56:    keyword_tss_ptr<T>::operator=(value);
call    0 never executed
        -:   57:#elif defined(BOOST_ASIO_WINDOWS)
        -:   58:    win_tss_ptr<T>::operator=(value);
        -:   59:#elif defined(BOOST_ASIO_HAS_PTHREADS)
        -:   60:    posix_tss_ptr<T>::operator=(value);
        -:   61:#endif
    #####:   62:  }
------------------
_ZN5boost4asio6detail7tss_ptrINS1_10call_stackINS1_14thread_contextENS1_16thread_info_baseEE7contextEEaSEPS7_:
function _ZN5boost4asio6detail7tss_ptrINS1_10call_stackINS1_14thread_contextENS1_16thread_info_baseEE7contextEEaSEPS7_ called 10 returned 100% blocks executed 100%
       10:   51:  void operator=(T* value)
        -:   52:  {
        -:   53:#if !defined(BOOST_ASIO_HAS_THREADS)
        -:   54:    null_tss_ptr<T>::operator=(value);
        -:   55:#elif defined(BOOST_ASIO_HAS_THREAD_KEYWORD_EXTENSION)
       10:   56:    keyword_tss_ptr<T>::operator=(value);
call    0 returned 100%
        -:   57:#elif defined(BOOST_ASIO_WINDOWS)
        -:   58:    win_tss_ptr<T>::operator=(value);
        -:   59:#elif defined(BOOST_ASIO_HAS_PTHREADS)
        -:   60:    posix_tss_ptr<T>::operator=(value);
        -:   61:#endif
       10:   62:  }
------------------
_ZN5boost4asio6detail7tss_ptrINS1_10call_stackINS1_14thread_contextENS1_16thread_info_baseEE7contextEEaSEPS7_:
function _ZN5boost4asio6detail7tss_ptrINS1_10call_stackINS1_14thread_contextENS1_16thread_info_baseEE7contextEEaSEPS7_ called 0 returned 0% blocks executed 0%
    #####:   51:  void operator=(T* value)
        -:   52:  {
        -:   53:#if !defined(BOOST_ASIO_HAS_THREADS)
        -:   54:    null_tss_ptr<T>::operator=(value);
        -:   55:#elif defined(BOOST_ASIO_HAS_THREAD_KEYWORD_EXTENSION)
    #####:   56:    keyword_tss_ptr<T>::operator=(value);
call    0 never executed
        -:   57:#elif defined(BOOST_ASIO_WINDOWS)
        -:   58:    win_tss_ptr<T>::operator=(value);
        -:   59:#elif defined(BOOST_ASIO_HAS_PTHREADS)
        -:   60:    posix_tss_ptr<T>::operator=(value);
        -:   61:#endif
    #####:   62:  }
------------------
_ZN5boost4asio6detail7tss_ptrINS1_10call_stackINS1_14thread_contextENS1_16thread_info_baseEE7contextEEaSEPS7_:
function _ZN5boost4asio6detail7tss_ptrINS1_10call_stackINS1_14thread_contextENS1_16thread_info_baseEE7contextEEaSEPS7_ called 8 returned 100% blocks executed 100%
        8:   51:  void operator=(T* value)
        -:   52:  {
        -:   53:#if !defined(BOOST_ASIO_HAS_THREADS)
        -:   54:    null_tss_ptr<T>::operator=(value);
        -:   55:#elif defined(BOOST_ASIO_HAS_THREAD_KEYWORD_EXTENSION)
        8:   56:    keyword_tss_ptr<T>::operator=(value);
call    0 returned 100%
        -:   57:#elif defined(BOOST_ASIO_WINDOWS)
        -:   58:    win_tss_ptr<T>::operator=(value);
        -:   59:#elif defined(BOOST_ASIO_HAS_PTHREADS)
        -:   60:    posix_tss_ptr<T>::operator=(value);
        -:   61:#endif
        8:   62:  }
------------------
_ZN5boost4asio6detail7tss_ptrINS1_10call_stackINS1_14thread_contextENS1_16thread_info_baseEE7contextEEaSEPS7_:
function _ZN5boost4asio6detail7tss_ptrINS1_10call_stackINS1_14thread_contextENS1_16thread_info_baseEE7contextEEaSEPS7_ called 12 returned 100% blocks executed 100%
       12:   51:  void operator=(T* value)
        -:   52:  {
        -:   53:#if !defined(BOOST_ASIO_HAS_THREADS)
        -:   54:    null_tss_ptr<T>::operator=(value);
        -:   55:#elif defined(BOOST_ASIO_HAS_THREAD_KEYWORD_EXTENSION)
       12:   56:    keyword_tss_ptr<T>::operator=(value);
call    0 returned 100%
        -:   57:#elif defined(BOOST_ASIO_WINDOWS)
        -:   58:    win_tss_ptr<T>::operator=(value);
        -:   59:#elif defined(BOOST_ASIO_HAS_PTHREADS)
        -:   60:    posix_tss_ptr<T>::operator=(value);
        -:   61:#endif
       12:   62:  }
------------------
_ZN5boost4asio6detail7tss_ptrINS1_10call_stackINS1_14thread_contextENS1_16thread_info_baseEE7contextEEaSEPS7_:
function _ZN5boost4asio6detail7tss_ptrINS1_10call_stackINS1_14thread_contextENS1_16thread_info_baseEE7contextEEaSEPS7_ called 10 returned 100% blocks executed 100%
       10:   51:  void operator=(T* value)
        -:   52:  {
        -:   53:#if !defined(BOOST_ASIO_HAS_THREADS)
        -:   54:    null_tss_ptr<T>::operator=(value);
        -:   55:#elif defined(BOOST_ASIO_HAS_THREAD_KEYWORD_EXTENSION)
       10:   56:    keyword_tss_ptr<T>::operator=(value);
call    0 returned 100%
        -:   57:#elif defined(BOOST_ASIO_WINDOWS)
        -:   58:    win_tss_ptr<T>::operator=(value);
        -:   59:#elif defined(BOOST_ASIO_HAS_PTHREADS)
        -:   60:    posix_tss_ptr<T>::operator=(value);
        -:   61:#endif
       10:   62:  }
------------------
_ZN5boost4asio6detail7tss_ptrINS1_10call_stackINS1_14thread_contextENS1_16thread_info_baseEE7contextEEaSEPS7_:
function _ZN5boost4asio6detail7tss_ptrINS1_10call_stackINS1_14thread_contextENS1_16thread_info_baseEE7contextEEaSEPS7_ called 0 returned 0% blocks executed 0%
    #####:   51:  void operator=(T* value)
        -:   52:  {
        -:   53:#if !defined(BOOST_ASIO_HAS_THREADS)
        -:   54:    null_tss_ptr<T>::operator=(value);
        -:   55:#elif defined(BOOST_ASIO_HAS_THREAD_KEYWORD_EXTENSION)
    #####:   56:    keyword_tss_ptr<T>::operator=(value);
call    0 never executed
        -:   57:#elif defined(BOOST_ASIO_WINDOWS)
        -:   58:    win_tss_ptr<T>::operator=(value);
        -:   59:#elif defined(BOOST_ASIO_HAS_PTHREADS)
        -:   60:    posix_tss_ptr<T>::operator=(value);
        -:   61:#endif
    #####:   62:  }
------------------
_ZN5boost4asio6detail7tss_ptrINS1_10call_stackINS1_14thread_contextENS1_16thread_info_baseEE7contextEEaSEPS7_:
function _ZN5boost4asio6detail7tss_ptrINS1_10call_stackINS1_14thread_contextENS1_16thread_info_baseEE7contextEEaSEPS7_ called 0 returned 0% blocks executed 0%
    #####:   51:  void operator=(T* value)
        -:   52:  {
        -:   53:#if !defined(BOOST_ASIO_HAS_THREADS)
        -:   54:    null_tss_ptr<T>::operator=(value);
        -:   55:#elif defined(BOOST_ASIO_HAS_THREAD_KEYWORD_EXTENSION)
    #####:   56:    keyword_tss_ptr<T>::operator=(value);
call    0 never executed
        -:   57:#elif defined(BOOST_ASIO_WINDOWS)
        -:   58:    win_tss_ptr<T>::operator=(value);
        -:   59:#elif defined(BOOST_ASIO_HAS_PTHREADS)
        -:   60:    posix_tss_ptr<T>::operator=(value);
        -:   61:#endif
    #####:   62:  }
------------------
_ZN5boost4asio6detail7tss_ptrINS1_10call_stackINS1_14thread_contextENS1_16thread_info_baseEE7contextEEaSEPS7_:
function _ZN5boost4asio6detail7tss_ptrINS1_10call_stackINS1_14thread_contextENS1_16thread_info_baseEE7contextEEaSEPS7_ called 28 returned 100% blocks executed 100%
       28:   51:  void operator=(T* value)
        -:   52:  {
        -:   53:#if !defined(BOOST_ASIO_HAS_THREADS)
        -:   54:    null_tss_ptr<T>::operator=(value);
        -:   55:#elif defined(BOOST_ASIO_HAS_THREAD_KEYWORD_EXTENSION)
       28:   56:    keyword_tss_ptr<T>::operator=(value);
call    0 returned 100%
        -:   57:#elif defined(BOOST_ASIO_WINDOWS)
        -:   58:    win_tss_ptr<T>::operator=(value);
        -:   59:#elif defined(BOOST_ASIO_HAS_PTHREADS)
        -:   60:    posix_tss_ptr<T>::operator=(value);
        -:   61:#endif
       28:   62:  }
------------------
_ZN5boost4asio6detail7tss_ptrINS1_10call_stackINS1_14thread_contextENS1_16thread_info_baseEE7contextEEaSEPS7_:
function _ZN5boost4asio6detail7tss_ptrINS1_10call_stackINS1_14thread_contextENS1_16thread_info_baseEE7contextEEaSEPS7_ called 32 returned 100% blocks executed 100%
       32:   51:  void operator=(T* value)
        -:   52:  {
        -:   53:#if !defined(BOOST_ASIO_HAS_THREADS)
        -:   54:    null_tss_ptr<T>::operator=(value);
        -:   55:#elif defined(BOOST_ASIO_HAS_THREAD_KEYWORD_EXTENSION)
       32:   56:    keyword_tss_ptr<T>::operator=(value);
call    0 returned 100%
        -:   57:#elif defined(BOOST_ASIO_WINDOWS)
        -:   58:    win_tss_ptr<T>::operator=(value);
        -:   59:#elif defined(BOOST_ASIO_HAS_PTHREADS)
        -:   60:    posix_tss_ptr<T>::operator=(value);
        -:   61:#endif
       32:   62:  }
------------------
_ZN5boost4asio6detail7tss_ptrINS1_10call_stackINS1_14thread_contextENS1_16thread_info_baseEE7contextEEaSEPS7_:
function _ZN5boost4asio6detail7tss_ptrINS1_10call_stackINS1_14thread_contextENS1_16thread_info_baseEE7contextEEaSEPS7_ called 10 returned 100% blocks executed 100%
       10:   51:  void operator=(T* value)
        -:   52:  {
        -:   53:#if !defined(BOOST_ASIO_HAS_THREADS)
        -:   54:    null_tss_ptr<T>::operator=(value);
        -:   55:#elif defined(BOOST_ASIO_HAS_THREAD_KEYWORD_EXTENSION)
       10:   56:    keyword_tss_ptr<T>::operator=(value);
call    0 returned 100%
        -:   57:#elif defined(BOOST_ASIO_WINDOWS)
        -:   58:    win_tss_ptr<T>::operator=(value);
        -:   59:#elif defined(BOOST_ASIO_HAS_PTHREADS)
        -:   60:    posix_tss_ptr<T>::operator=(value);
        -:   61:#endif
       10:   62:  }
------------------
_ZN5boost4asio6detail7tss_ptrINS1_10call_stackINS1_14thread_contextENS1_16thread_info_baseEE7contextEEaSEPS7_:
function _ZN5boost4asio6detail7tss_ptrINS1_10call_stackINS1_14thread_contextENS1_16thread_info_baseEE7contextEEaSEPS7_ called 28 returned 100% blocks executed 100%
       28:   51:  void operator=(T* value)
        -:   52:  {
        -:   53:#if !defined(BOOST_ASIO_HAS_THREADS)
        -:   54:    null_tss_ptr<T>::operator=(value);
        -:   55:#elif defined(BOOST_ASIO_HAS_THREAD_KEYWORD_EXTENSION)
       28:   56:    keyword_tss_ptr<T>::operator=(value);
call    0 returned 100%
        -:   57:#elif defined(BOOST_ASIO_WINDOWS)
        -:   58:    win_tss_ptr<T>::operator=(value);
        -:   59:#elif defined(BOOST_ASIO_HAS_PTHREADS)
        -:   60:    posix_tss_ptr<T>::operator=(value);
        -:   61:#endif
       28:   62:  }
------------------
_ZN5boost4asio6detail7tss_ptrINS1_10call_stackINS1_14thread_contextENS1_16thread_info_baseEE7contextEEaSEPS7_:
function _ZN5boost4asio6detail7tss_ptrINS1_10call_stackINS1_14thread_contextENS1_16thread_info_baseEE7contextEEaSEPS7_ called 24 returned 100% blocks executed 100%
       24:   51:  void operator=(T* value)
        -:   52:  {
        -:   53:#if !defined(BOOST_ASIO_HAS_THREADS)
        -:   54:    null_tss_ptr<T>::operator=(value);
        -:   55:#elif defined(BOOST_ASIO_HAS_THREAD_KEYWORD_EXTENSION)
       24:   56:    keyword_tss_ptr<T>::operator=(value);
call    0 returned 100%
        -:   57:#elif defined(BOOST_ASIO_WINDOWS)
        -:   58:    win_tss_ptr<T>::operator=(value);
        -:   59:#elif defined(BOOST_ASIO_HAS_PTHREADS)
        -:   60:    posix_tss_ptr<T>::operator=(value);
        -:   61:#endif
       24:   62:  }
------------------
_ZN5boost4asio6detail7tss_ptrINS1_10call_stackINS1_14thread_contextENS1_16thread_info_baseEE7contextEEaSEPS7_:
function _ZN5boost4asio6detail7tss_ptrINS1_10call_stackINS1_14thread_contextENS1_16thread_info_baseEE7contextEEaSEPS7_ called 14 returned 100% blocks executed 100%
       14:   51:  void operator=(T* value)
        -:   52:  {
        -:   53:#if !defined(BOOST_ASIO_HAS_THREADS)
        -:   54:    null_tss_ptr<T>::operator=(value);
        -:   55:#elif defined(BOOST_ASIO_HAS_THREAD_KEYWORD_EXTENSION)
       14:   56:    keyword_tss_ptr<T>::operator=(value);
call    0 returned 100%
        -:   57:#elif defined(BOOST_ASIO_WINDOWS)
        -:   58:    win_tss_ptr<T>::operator=(value);
        -:   59:#elif defined(BOOST_ASIO_HAS_PTHREADS)
        -:   60:    posix_tss_ptr<T>::operator=(value);
        -:   61:#endif
       14:   62:  }
------------------
_ZN5boost4asio6detail7tss_ptrINS1_10call_stackINS1_14thread_contextENS1_16thread_info_baseEE7contextEEaSEPS7_:
function _ZN5boost4asio6detail7tss_ptrINS1_10call_stackINS1_14thread_contextENS1_16thread_info_baseEE7contextEEaSEPS7_ called 0 returned 0% blocks executed 0%
    #####:   51:  void operator=(T* value)
        -:   52:  {
        -:   53:#if !defined(BOOST_ASIO_HAS_THREADS)
        -:   54:    null_tss_ptr<T>::operator=(value);
        -:   55:#elif defined(BOOST_ASIO_HAS_THREAD_KEYWORD_EXTENSION)
    #####:   56:    keyword_tss_ptr<T>::operator=(value);
call    0 never executed
        -:   57:#elif defined(BOOST_ASIO_WINDOWS)
        -:   58:    win_tss_ptr<T>::operator=(value);
        -:   59:#elif defined(BOOST_ASIO_HAS_PTHREADS)
        -:   60:    posix_tss_ptr<T>::operator=(value);
        -:   61:#endif
    #####:   62:  }
------------------
_ZN5boost4asio6detail7tss_ptrINS1_10call_stackINS1_14thread_contextENS1_16thread_info_baseEE7contextEEaSEPS7_:
function _ZN5boost4asio6detail7tss_ptrINS1_10call_stackINS1_14thread_contextENS1_16thread_info_baseEE7contextEEaSEPS7_ called 0 returned 0% blocks executed 0%
    #####:   51:  void operator=(T* value)
        -:   52:  {
        -:   53:#if !defined(BOOST_ASIO_HAS_THREADS)
        -:   54:    null_tss_ptr<T>::operator=(value);
        -:   55:#elif defined(BOOST_ASIO_HAS_THREAD_KEYWORD_EXTENSION)
    #####:   56:    keyword_tss_ptr<T>::operator=(value);
call    0 never executed
        -:   57:#elif defined(BOOST_ASIO_WINDOWS)
        -:   58:    win_tss_ptr<T>::operator=(value);
        -:   59:#elif defined(BOOST_ASIO_HAS_PTHREADS)
        -:   60:    posix_tss_ptr<T>::operator=(value);
        -:   61:#endif
    #####:   62:  }
------------------
_ZN5boost4asio6detail7tss_ptrINS1_10call_stackINS1_14thread_contextENS1_16thread_info_baseEE7contextEEaSEPS7_:
function _ZN5boost4asio6detail7tss_ptrINS1_10call_stackINS1_14thread_contextENS1_16thread_info_baseEE7contextEEaSEPS7_ called 0 returned 0% blocks executed 0%
    #####:   51:  void operator=(T* value)
        -:   52:  {
        -:   53:#if !defined(BOOST_ASIO_HAS_THREADS)
        -:   54:    null_tss_ptr<T>::operator=(value);
        -:   55:#elif defined(BOOST_ASIO_HAS_THREAD_KEYWORD_EXTENSION)
    #####:   56:    keyword_tss_ptr<T>::operator=(value);
call    0 never executed
        -:   57:#elif defined(BOOST_ASIO_WINDOWS)
        -:   58:    win_tss_ptr<T>::operator=(value);
        -:   59:#elif defined(BOOST_ASIO_HAS_PTHREADS)
        -:   60:    posix_tss_ptr<T>::operator=(value);
        -:   61:#endif
    #####:   62:  }
------------------
_ZN5boost4asio6detail7tss_ptrINS1_10call_stackINS1_14thread_contextENS1_16thread_info_baseEE7contextEEaSEPS7_:
function _ZN5boost4asio6detail7tss_ptrINS1_10call_stackINS1_14thread_contextENS1_16thread_info_baseEE7contextEEaSEPS7_ called 0 returned 0% blocks executed 0%
    #####:   51:  void operator=(T* value)
        -:   52:  {
        -:   53:#if !defined(BOOST_ASIO_HAS_THREADS)
        -:   54:    null_tss_ptr<T>::operator=(value);
        -:   55:#elif defined(BOOST_ASIO_HAS_THREAD_KEYWORD_EXTENSION)
    #####:   56:    keyword_tss_ptr<T>::operator=(value);
call    0 never executed
        -:   57:#elif defined(BOOST_ASIO_WINDOWS)
        -:   58:    win_tss_ptr<T>::operator=(value);
        -:   59:#elif defined(BOOST_ASIO_HAS_PTHREADS)
        -:   60:    posix_tss_ptr<T>::operator=(value);
        -:   61:#endif
    #####:   62:  }
------------------
_ZN5boost4asio6detail7tss_ptrINS1_10call_stackINS1_14thread_contextENS1_16thread_info_baseEE7contextEEaSEPS7_:
function _ZN5boost4asio6detail7tss_ptrINS1_10call_stackINS1_14thread_contextENS1_16thread_info_baseEE7contextEEaSEPS7_ called 0 returned 0% blocks executed 0%
    #####:   51:  void operator=(T* value)
        -:   52:  {
        -:   53:#if !defined(BOOST_ASIO_HAS_THREADS)
        -:   54:    null_tss_ptr<T>::operator=(value);
        -:   55:#elif defined(BOOST_ASIO_HAS_THREAD_KEYWORD_EXTENSION)
    #####:   56:    keyword_tss_ptr<T>::operator=(value);
call    0 never executed
        -:   57:#elif defined(BOOST_ASIO_WINDOWS)
        -:   58:    win_tss_ptr<T>::operator=(value);
        -:   59:#elif defined(BOOST_ASIO_HAS_PTHREADS)
        -:   60:    posix_tss_ptr<T>::operator=(value);
        -:   61:#endif
    #####:   62:  }
------------------
_ZN5boost4asio6detail7tss_ptrINS1_10call_stackINS1_14thread_contextENS1_16thread_info_baseEE7contextEEaSEPS7_:
function _ZN5boost4asio6detail7tss_ptrINS1_10call_stackINS1_14thread_contextENS1_16thread_info_baseEE7contextEEaSEPS7_ called 0 returned 0% blocks executed 0%
    #####:   51:  void operator=(T* value)
        -:   52:  {
        -:   53:#if !defined(BOOST_ASIO_HAS_THREADS)
        -:   54:    null_tss_ptr<T>::operator=(value);
        -:   55:#elif defined(BOOST_ASIO_HAS_THREAD_KEYWORD_EXTENSION)
    #####:   56:    keyword_tss_ptr<T>::operator=(value);
call    0 never executed
        -:   57:#elif defined(BOOST_ASIO_WINDOWS)
        -:   58:    win_tss_ptr<T>::operator=(value);
        -:   59:#elif defined(BOOST_ASIO_HAS_PTHREADS)
        -:   60:    posix_tss_ptr<T>::operator=(value);
        -:   61:#endif
    #####:   62:  }
------------------
_ZN5boost4asio6detail7tss_ptrINS1_10call_stackINS1_14thread_contextENS1_16thread_info_baseEE7contextEEaSEPS7_:
function _ZN5boost4asio6detail7tss_ptrINS1_10call_stackINS1_14thread_contextENS1_16thread_info_baseEE7contextEEaSEPS7_ called 0 returned 0% blocks executed 0%
    #####:   51:  void operator=(T* value)
        -:   52:  {
        -:   53:#if !defined(BOOST_ASIO_HAS_THREADS)
        -:   54:    null_tss_ptr<T>::operator=(value);
        -:   55:#elif defined(BOOST_ASIO_HAS_THREAD_KEYWORD_EXTENSION)
    #####:   56:    keyword_tss_ptr<T>::operator=(value);
call    0 never executed
        -:   57:#elif defined(BOOST_ASIO_WINDOWS)
        -:   58:    win_tss_ptr<T>::operator=(value);
        -:   59:#elif defined(BOOST_ASIO_HAS_PTHREADS)
        -:   60:    posix_tss_ptr<T>::operator=(value);
        -:   61:#endif
    #####:   62:  }
------------------
_ZN5boost4asio6detail7tss_ptrINS1_10call_stackINS1_14thread_contextENS1_16thread_info_baseEE7contextEEaSEPS7_:
function _ZN5boost4asio6detail7tss_ptrINS1_10call_stackINS1_14thread_contextENS1_16thread_info_baseEE7contextEEaSEPS7_ called 0 returned 0% blocks executed 0%
    #####:   51:  void operator=(T* value)
        -:   52:  {
        -:   53:#if !defined(BOOST_ASIO_HAS_THREADS)
        -:   54:    null_tss_ptr<T>::operator=(value);
        -:   55:#elif defined(BOOST_ASIO_HAS_THREAD_KEYWORD_EXTENSION)
    #####:   56:    keyword_tss_ptr<T>::operator=(value);
call    0 never executed
        -:   57:#elif defined(BOOST_ASIO_WINDOWS)
        -:   58:    win_tss_ptr<T>::operator=(value);
        -:   59:#elif defined(BOOST_ASIO_HAS_PTHREADS)
        -:   60:    posix_tss_ptr<T>::operator=(value);
        -:   61:#endif
    #####:   62:  }
------------------
_ZN5boost4asio6detail7tss_ptrINS1_10call_stackINS1_14thread_contextENS1_16thread_info_baseEE7contextEEaSEPS7_:
function _ZN5boost4asio6detail7tss_ptrINS1_10call_stackINS1_14thread_contextENS1_16thread_info_baseEE7contextEEaSEPS7_ called 0 returned 0% blocks executed 0%
    #####:   51:  void operator=(T* value)
        -:   52:  {
        -:   53:#if !defined(BOOST_ASIO_HAS_THREADS)
        -:   54:    null_tss_ptr<T>::operator=(value);
        -:   55:#elif defined(BOOST_ASIO_HAS_THREAD_KEYWORD_EXTENSION)
    #####:   56:    keyword_tss_ptr<T>::operator=(value);
call    0 never executed
        -:   57:#elif defined(BOOST_ASIO_WINDOWS)
        -:   58:    win_tss_ptr<T>::operator=(value);
        -:   59:#elif defined(BOOST_ASIO_HAS_PTHREADS)
        -:   60:    posix_tss_ptr<T>::operator=(value);
        -:   61:#endif
    #####:   62:  }
------------------
_ZN5boost4asio6detail7tss_ptrINS1_10call_stackINS1_14thread_contextENS1_16thread_info_baseEE7contextEEaSEPS7_:
function _ZN5boost4asio6detail7tss_ptrINS1_10call_stackINS1_14thread_contextENS1_16thread_info_baseEE7contextEEaSEPS7_ called 30 returned 100% blocks executed 100%
       30:   51:  void operator=(T* value)
        -:   52:  {
        -:   53:#if !defined(BOOST_ASIO_HAS_THREADS)
        -:   54:    null_tss_ptr<T>::operator=(value);
        -:   55:#elif defined(BOOST_ASIO_HAS_THREAD_KEYWORD_EXTENSION)
       30:   56:    keyword_tss_ptr<T>::operator=(value);
call    0 returned 100%
        -:   57:#elif defined(BOOST_ASIO_WINDOWS)
        -:   58:    win_tss_ptr<T>::operator=(value);
        -:   59:#elif defined(BOOST_ASIO_HAS_PTHREADS)
        -:   60:    posix_tss_ptr<T>::operator=(value);
        -:   61:#endif
       30:   62:  }
------------------
_ZN5boost4asio6detail7tss_ptrINS1_10call_stackINS1_14thread_contextENS1_16thread_info_baseEE7contextEEaSEPS7_:
function _ZN5boost4asio6detail7tss_ptrINS1_10call_stackINS1_14thread_contextENS1_16thread_info_baseEE7contextEEaSEPS7_ called 0 returned 0% blocks executed 0%
    #####:   51:  void operator=(T* value)
        -:   52:  {
        -:   53:#if !defined(BOOST_ASIO_HAS_THREADS)
        -:   54:    null_tss_ptr<T>::operator=(value);
        -:   55:#elif defined(BOOST_ASIO_HAS_THREAD_KEYWORD_EXTENSION)
    #####:   56:    keyword_tss_ptr<T>::operator=(value);
call    0 never executed
        -:   57:#elif defined(BOOST_ASIO_WINDOWS)
        -:   58:    win_tss_ptr<T>::operator=(value);
        -:   59:#elif defined(BOOST_ASIO_HAS_PTHREADS)
        -:   60:    posix_tss_ptr<T>::operator=(value);
        -:   61:#endif
    #####:   62:  }
------------------
_ZN5boost4asio6detail7tss_ptrINS1_10call_stackINS1_14thread_contextENS1_16thread_info_baseEE7contextEEaSEPS7_:
function _ZN5boost4asio6detail7tss_ptrINS1_10call_stackINS1_14thread_contextENS1_16thread_info_baseEE7contextEEaSEPS7_ called 0 returned 0% blocks executed 0%
    #####:   51:  void operator=(T* value)
        -:   52:  {
        -:   53:#if !defined(BOOST_ASIO_HAS_THREADS)
        -:   54:    null_tss_ptr<T>::operator=(value);
        -:   55:#elif defined(BOOST_ASIO_HAS_THREAD_KEYWORD_EXTENSION)
    #####:   56:    keyword_tss_ptr<T>::operator=(value);
call    0 never executed
        -:   57:#elif defined(BOOST_ASIO_WINDOWS)
        -:   58:    win_tss_ptr<T>::operator=(value);
        -:   59:#elif defined(BOOST_ASIO_HAS_PTHREADS)
        -:   60:    posix_tss_ptr<T>::operator=(value);
        -:   61:#endif
    #####:   62:  }
------------------
_ZN5boost4asio6detail7tss_ptrINS1_10call_stackINS1_14thread_contextENS1_16thread_info_baseEE7contextEEaSEPS7_:
function _ZN5boost4asio6detail7tss_ptrINS1_10call_stackINS1_14thread_contextENS1_16thread_info_baseEE7contextEEaSEPS7_ called 0 returned 0% blocks executed 0%
    #####:   51:  void operator=(T* value)
        -:   52:  {
        -:   53:#if !defined(BOOST_ASIO_HAS_THREADS)
        -:   54:    null_tss_ptr<T>::operator=(value);
        -:   55:#elif defined(BOOST_ASIO_HAS_THREAD_KEYWORD_EXTENSION)
    #####:   56:    keyword_tss_ptr<T>::operator=(value);
call    0 never executed
        -:   57:#elif defined(BOOST_ASIO_WINDOWS)
        -:   58:    win_tss_ptr<T>::operator=(value);
        -:   59:#elif defined(BOOST_ASIO_HAS_PTHREADS)
        -:   60:    posix_tss_ptr<T>::operator=(value);
        -:   61:#endif
    #####:   62:  }
------------------
_ZN5boost4asio6detail7tss_ptrINS1_10call_stackINS1_14thread_contextENS1_16thread_info_baseEE7contextEEaSEPS7_:
function _ZN5boost4asio6detail7tss_ptrINS1_10call_stackINS1_14thread_contextENS1_16thread_info_baseEE7contextEEaSEPS7_ called 0 returned 0% blocks executed 0%
    #####:   51:  void operator=(T* value)
        -:   52:  {
        -:   53:#if !defined(BOOST_ASIO_HAS_THREADS)
        -:   54:    null_tss_ptr<T>::operator=(value);
        -:   55:#elif defined(BOOST_ASIO_HAS_THREAD_KEYWORD_EXTENSION)
    #####:   56:    keyword_tss_ptr<T>::operator=(value);
call    0 never executed
        -:   57:#elif defined(BOOST_ASIO_WINDOWS)
        -:   58:    win_tss_ptr<T>::operator=(value);
        -:   59:#elif defined(BOOST_ASIO_HAS_PTHREADS)
        -:   60:    posix_tss_ptr<T>::operator=(value);
        -:   61:#endif
    #####:   62:  }
------------------
_ZN5boost4asio6detail7tss_ptrINS1_10call_stackINS1_14thread_contextENS1_16thread_info_baseEE7contextEEaSEPS7_:
function _ZN5boost4asio6detail7tss_ptrINS1_10call_stackINS1_14thread_contextENS1_16thread_info_baseEE7contextEEaSEPS7_ called 0 returned 0% blocks executed 0%
    #####:   51:  void operator=(T* value)
        -:   52:  {
        -:   53:#if !defined(BOOST_ASIO_HAS_THREADS)
        -:   54:    null_tss_ptr<T>::operator=(value);
        -:   55:#elif defined(BOOST_ASIO_HAS_THREAD_KEYWORD_EXTENSION)
    #####:   56:    keyword_tss_ptr<T>::operator=(value);
call    0 never executed
        -:   57:#elif defined(BOOST_ASIO_WINDOWS)
        -:   58:    win_tss_ptr<T>::operator=(value);
        -:   59:#elif defined(BOOST_ASIO_HAS_PTHREADS)
        -:   60:    posix_tss_ptr<T>::operator=(value);
        -:   61:#endif
    #####:   62:  }
------------------
_ZN5boost4asio6detail7tss_ptrINS1_10call_stackINS1_14thread_contextENS1_16thread_info_baseEE7contextEEaSEPS7_:
function _ZN5boost4asio6detail7tss_ptrINS1_10call_stackINS1_14thread_contextENS1_16thread_info_baseEE7contextEEaSEPS7_ called 0 returned 0% blocks executed 0%
    #####:   51:  void operator=(T* value)
        -:   52:  {
        -:   53:#if !defined(BOOST_ASIO_HAS_THREADS)
        -:   54:    null_tss_ptr<T>::operator=(value);
        -:   55:#elif defined(BOOST_ASIO_HAS_THREAD_KEYWORD_EXTENSION)
    #####:   56:    keyword_tss_ptr<T>::operator=(value);
call    0 never executed
        -:   57:#elif defined(BOOST_ASIO_WINDOWS)
        -:   58:    win_tss_ptr<T>::operator=(value);
        -:   59:#elif defined(BOOST_ASIO_HAS_PTHREADS)
        -:   60:    posix_tss_ptr<T>::operator=(value);
        -:   61:#endif
    #####:   62:  }
------------------
_ZN5boost4asio6detail7tss_ptrINS1_10call_stackINS1_14thread_contextENS1_16thread_info_baseEE7contextEEaSEPS7_:
function _ZN5boost4asio6detail7tss_ptrINS1_10call_stackINS1_14thread_contextENS1_16thread_info_baseEE7contextEEaSEPS7_ called 0 returned 0% blocks executed 0%
    #####:   51:  void operator=(T* value)
        -:   52:  {
        -:   53:#if !defined(BOOST_ASIO_HAS_THREADS)
        -:   54:    null_tss_ptr<T>::operator=(value);
        -:   55:#elif defined(BOOST_ASIO_HAS_THREAD_KEYWORD_EXTENSION)
    #####:   56:    keyword_tss_ptr<T>::operator=(value);
call    0 never executed
        -:   57:#elif defined(BOOST_ASIO_WINDOWS)
        -:   58:    win_tss_ptr<T>::operator=(value);
        -:   59:#elif defined(BOOST_ASIO_HAS_PTHREADS)
        -:   60:    posix_tss_ptr<T>::operator=(value);
        -:   61:#endif
    #####:   62:  }
------------------
_ZN5boost4asio6detail7tss_ptrINS1_10call_stackINS1_14thread_contextENS1_16thread_info_baseEE7contextEEaSEPS7_:
function _ZN5boost4asio6detail7tss_ptrINS1_10call_stackINS1_14thread_contextENS1_16thread_info_baseEE7contextEEaSEPS7_ called 0 returned 0% blocks executed 0%
    #####:   51:  void operator=(T* value)
        -:   52:  {
        -:   53:#if !defined(BOOST_ASIO_HAS_THREADS)
        -:   54:    null_tss_ptr<T>::operator=(value);
        -:   55:#elif defined(BOOST_ASIO_HAS_THREAD_KEYWORD_EXTENSION)
    #####:   56:    keyword_tss_ptr<T>::operator=(value);
call    0 never executed
        -:   57:#elif defined(BOOST_ASIO_WINDOWS)
        -:   58:    win_tss_ptr<T>::operator=(value);
        -:   59:#elif defined(BOOST_ASIO_HAS_PTHREADS)
        -:   60:    posix_tss_ptr<T>::operator=(value);
        -:   61:#endif
    #####:   62:  }
------------------
_ZN5boost4asio6detail7tss_ptrINS1_10call_stackINS1_14thread_contextENS1_16thread_info_baseEE7contextEEaSEPS7_:
function _ZN5boost4asio6detail7tss_ptrINS1_10call_stackINS1_14thread_contextENS1_16thread_info_baseEE7contextEEaSEPS7_ called 0 returned 0% blocks executed 0%
    #####:   51:  void operator=(T* value)
        -:   52:  {
        -:   53:#if !defined(BOOST_ASIO_HAS_THREADS)
        -:   54:    null_tss_ptr<T>::operator=(value);
        -:   55:#elif defined(BOOST_ASIO_HAS_THREAD_KEYWORD_EXTENSION)
    #####:   56:    keyword_tss_ptr<T>::operator=(value);
call    0 never executed
        -:   57:#elif defined(BOOST_ASIO_WINDOWS)
        -:   58:    win_tss_ptr<T>::operator=(value);
        -:   59:#elif defined(BOOST_ASIO_HAS_PTHREADS)
        -:   60:    posix_tss_ptr<T>::operator=(value);
        -:   61:#endif
    #####:   62:  }
------------------
_ZN5boost4asio6detail7tss_ptrINS1_10call_stackINS1_14thread_contextENS1_16thread_info_baseEE7contextEEaSEPS7_:
function _ZN5boost4asio6detail7tss_ptrINS1_10call_stackINS1_14thread_contextENS1_16thread_info_baseEE7contextEEaSEPS7_ called 0 returned 0% blocks executed 0%
    #####:   51:  void operator=(T* value)
        -:   52:  {
        -:   53:#if !defined(BOOST_ASIO_HAS_THREADS)
        -:   54:    null_tss_ptr<T>::operator=(value);
        -:   55:#elif defined(BOOST_ASIO_HAS_THREAD_KEYWORD_EXTENSION)
    #####:   56:    keyword_tss_ptr<T>::operator=(value);
call    0 never executed
        -:   57:#elif defined(BOOST_ASIO_WINDOWS)
        -:   58:    win_tss_ptr<T>::operator=(value);
        -:   59:#elif defined(BOOST_ASIO_HAS_PTHREADS)
        -:   60:    posix_tss_ptr<T>::operator=(value);
        -:   61:#endif
    #####:   62:  }
------------------
_ZN5boost4asio6detail7tss_ptrINS1_10call_stackINS1_14thread_contextENS1_16thread_info_baseEE7contextEEaSEPS7_:
function _ZN5boost4asio6detail7tss_ptrINS1_10call_stackINS1_14thread_contextENS1_16thread_info_baseEE7contextEEaSEPS7_ called 0 returned 0% blocks executed 0%
    #####:   51:  void operator=(T* value)
        -:   52:  {
        -:   53:#if !defined(BOOST_ASIO_HAS_THREADS)
        -:   54:    null_tss_ptr<T>::operator=(value);
        -:   55:#elif defined(BOOST_ASIO_HAS_THREAD_KEYWORD_EXTENSION)
    #####:   56:    keyword_tss_ptr<T>::operator=(value);
call    0 never executed
        -:   57:#elif defined(BOOST_ASIO_WINDOWS)
        -:   58:    win_tss_ptr<T>::operator=(value);
        -:   59:#elif defined(BOOST_ASIO_HAS_PTHREADS)
        -:   60:    posix_tss_ptr<T>::operator=(value);
        -:   61:#endif
    #####:   62:  }
------------------
_ZN5boost4asio6detail7tss_ptrINS1_10call_stackINS1_14thread_contextENS1_16thread_info_baseEE7contextEEaSEPS7_:
function _ZN5boost4asio6detail7tss_ptrINS1_10call_stackINS1_14thread_contextENS1_16thread_info_baseEE7contextEEaSEPS7_ called 0 returned 0% blocks executed 0%
    #####:   51:  void operator=(T* value)
        -:   52:  {
        -:   53:#if !defined(BOOST_ASIO_HAS_THREADS)
        -:   54:    null_tss_ptr<T>::operator=(value);
        -:   55:#elif defined(BOOST_ASIO_HAS_THREAD_KEYWORD_EXTENSION)
    #####:   56:    keyword_tss_ptr<T>::operator=(value);
call    0 never executed
        -:   57:#elif defined(BOOST_ASIO_WINDOWS)
        -:   58:    win_tss_ptr<T>::operator=(value);
        -:   59:#elif defined(BOOST_ASIO_HAS_PTHREADS)
        -:   60:    posix_tss_ptr<T>::operator=(value);
        -:   61:#endif
    #####:   62:  }
------------------
_ZN5boost4asio6detail7tss_ptrINS1_10call_stackINS1_14thread_contextENS1_16thread_info_baseEE7contextEEaSEPS7_:
function _ZN5boost4asio6detail7tss_ptrINS1_10call_stackINS1_14thread_contextENS1_16thread_info_baseEE7contextEEaSEPS7_ called 0 returned 0% blocks executed 0%
    #####:   51:  void operator=(T* value)
        -:   52:  {
        -:   53:#if !defined(BOOST_ASIO_HAS_THREADS)
        -:   54:    null_tss_ptr<T>::operator=(value);
        -:   55:#elif defined(BOOST_ASIO_HAS_THREAD_KEYWORD_EXTENSION)
    #####:   56:    keyword_tss_ptr<T>::operator=(value);
call    0 never executed
        -:   57:#elif defined(BOOST_ASIO_WINDOWS)
        -:   58:    win_tss_ptr<T>::operator=(value);
        -:   59:#elif defined(BOOST_ASIO_HAS_PTHREADS)
        -:   60:    posix_tss_ptr<T>::operator=(value);
        -:   61:#endif
    #####:   62:  }
------------------
_ZN5boost4asio6detail7tss_ptrINS1_10call_stackINS1_14thread_contextENS1_16thread_info_baseEE7contextEEaSEPS7_:
function _ZN5boost4asio6detail7tss_ptrINS1_10call_stackINS1_14thread_contextENS1_16thread_info_baseEE7contextEEaSEPS7_ called 0 returned 0% blocks executed 0%
    #####:   51:  void operator=(T* value)
        -:   52:  {
        -:   53:#if !defined(BOOST_ASIO_HAS_THREADS)
        -:   54:    null_tss_ptr<T>::operator=(value);
        -:   55:#elif defined(BOOST_ASIO_HAS_THREAD_KEYWORD_EXTENSION)
    #####:   56:    keyword_tss_ptr<T>::operator=(value);
call    0 never executed
        -:   57:#elif defined(BOOST_ASIO_WINDOWS)
        -:   58:    win_tss_ptr<T>::operator=(value);
        -:   59:#elif defined(BOOST_ASIO_HAS_PTHREADS)
        -:   60:    posix_tss_ptr<T>::operator=(value);
        -:   61:#endif
    #####:   62:  }
------------------
_ZN5boost4asio6detail7tss_ptrINS1_10call_stackINS1_14thread_contextENS1_16thread_info_baseEE7contextEEaSEPS7_:
function _ZN5boost4asio6detail7tss_ptrINS1_10call_stackINS1_14thread_contextENS1_16thread_info_baseEE7contextEEaSEPS7_ called 26 returned 100% blocks executed 100%
       26:   51:  void operator=(T* value)
        -:   52:  {
        -:   53:#if !defined(BOOST_ASIO_HAS_THREADS)
        -:   54:    null_tss_ptr<T>::operator=(value);
        -:   55:#elif defined(BOOST_ASIO_HAS_THREAD_KEYWORD_EXTENSION)
       26:   56:    keyword_tss_ptr<T>::operator=(value);
call    0 returned 100%
        -:   57:#elif defined(BOOST_ASIO_WINDOWS)
        -:   58:    win_tss_ptr<T>::operator=(value);
        -:   59:#elif defined(BOOST_ASIO_HAS_PTHREADS)
        -:   60:    posix_tss_ptr<T>::operator=(value);
        -:   61:#endif
       26:   62:  }
------------------
_ZN5boost4asio6detail7tss_ptrINS1_10call_stackINS1_14thread_contextENS1_16thread_info_baseEE7contextEEaSEPS7_:
function _ZN5boost4asio6detail7tss_ptrINS1_10call_stackINS1_14thread_contextENS1_16thread_info_baseEE7contextEEaSEPS7_ called 0 returned 0% blocks executed 0%
    #####:   51:  void operator=(T* value)
        -:   52:  {
        -:   53:#if !defined(BOOST_ASIO_HAS_THREADS)
        -:   54:    null_tss_ptr<T>::operator=(value);
        -:   55:#elif defined(BOOST_ASIO_HAS_THREAD_KEYWORD_EXTENSION)
    #####:   56:    keyword_tss_ptr<T>::operator=(value);
call    0 never executed
        -:   57:#elif defined(BOOST_ASIO_WINDOWS)
        -:   58:    win_tss_ptr<T>::operator=(value);
        -:   59:#elif defined(BOOST_ASIO_HAS_PTHREADS)
        -:   60:    posix_tss_ptr<T>::operator=(value);
        -:   61:#endif
    #####:   62:  }
------------------
_ZN5boost4asio6detail7tss_ptrINS1_10call_stackINS1_14thread_contextENS1_16thread_info_baseEE7contextEEaSEPS7_:
function _ZN5boost4asio6detail7tss_ptrINS1_10call_stackINS1_14thread_contextENS1_16thread_info_baseEE7contextEEaSEPS7_ called 36 returned 100% blocks executed 100%
       36:   51:  void operator=(T* value)
        -:   52:  {
        -:   53:#if !defined(BOOST_ASIO_HAS_THREADS)
        -:   54:    null_tss_ptr<T>::operator=(value);
        -:   55:#elif defined(BOOST_ASIO_HAS_THREAD_KEYWORD_EXTENSION)
       36:   56:    keyword_tss_ptr<T>::operator=(value);
call    0 returned 100%
        -:   57:#elif defined(BOOST_ASIO_WINDOWS)
        -:   58:    win_tss_ptr<T>::operator=(value);
        -:   59:#elif defined(BOOST_ASIO_HAS_PTHREADS)
        -:   60:    posix_tss_ptr<T>::operator=(value);
        -:   61:#endif
       36:   62:  }
------------------
_ZN5boost4asio6detail7tss_ptrINS1_10call_stackINS1_14thread_contextENS1_16thread_info_baseEE7contextEEaSEPS7_:
function _ZN5boost4asio6detail7tss_ptrINS1_10call_stackINS1_14thread_contextENS1_16thread_info_baseEE7contextEEaSEPS7_ called 36 returned 100% blocks executed 100%
       36:   51:  void operator=(T* value)
        -:   52:  {
        -:   53:#if !defined(BOOST_ASIO_HAS_THREADS)
        -:   54:    null_tss_ptr<T>::operator=(value);
        -:   55:#elif defined(BOOST_ASIO_HAS_THREAD_KEYWORD_EXTENSION)
       36:   56:    keyword_tss_ptr<T>::operator=(value);
call    0 returned 100%
        -:   57:#elif defined(BOOST_ASIO_WINDOWS)
        -:   58:    win_tss_ptr<T>::operator=(value);
        -:   59:#elif defined(BOOST_ASIO_HAS_PTHREADS)
        -:   60:    posix_tss_ptr<T>::operator=(value);
        -:   61:#endif
       36:   62:  }
------------------
        -:   63:};
        -:   64:
        -:   65:} // namespace detail
        -:   66:} // namespace asio
        -:   67:} // namespace boost
        -:   68:
        -:   69:#include <boost/asio/detail/pop_options.hpp>
        -:   70:
        -:   71:#endif // BOOST_ASIO_DETAIL_TSS_PTR_HPP
