<?xml version='1.0' encoding='UTF-8'?>
<!DOCTYPE coverage SYSTEM 'http://cobertura.sourceforge.net/xml/coverage-04.dtd'>
<coverage line-rate="0.696875" branch-rate="0.4100453552830506" lines-covered="3122" lines-valid="4480" branches-covered="2441" branches-valid="5953" complexity="0.0" timestamp="1778525667" version="gcovr 7.0"><sources><source>.</source></sources><packages><package name="src.asio" line-rate="0.7760617760617761" branch-rate="0.3596330275229358" complexity="0.0"><classes><class name="AsioEventLoop_cpp" filename="src/asio/AsioEventLoop.cpp" line-rate="0.9871794871794872" branch-rate="0.5535714285714286" complexity="0.0"><methods/><lines><line number="7" hits="120" branch="false"/><line number="8" hits="120" branch="true" condition-coverage="50% (1/2)"><conditions><condition number="0" type="jump" coverage="50%"/></conditions></line><line number="9" hits="240" branch="true" condition-coverage="50% (1/2)"><conditions><condition number="0" type="jump" coverage="50%"/></conditions></line><line number="11" hits="120" branch="false"/><line number="13" hits="266" branch="false"/><line number="15" hits="240" branch="true" condition-coverage="50% (1/2)"><conditions><condition number="0" type="jump" coverage="50%"/></conditions></line><line number="17" hits="0" branch="false"/><line number="19" hits="266" branch="false"/><line number="23" hits="102" branch="false"/><line number="25" hits="102" branch="false"/><line number="26" hits="102" branch="false"/><line number="27" hits="102" branch="false"/><line number="30" hits="102" branch="false"/><line number="34" hits="102" branch="true" condition-coverage="50% (1/2)"><conditions><condition number="0" type="jump" coverage="50%"/></conditions></line><line number="35" hits="104" branch="true" condition-coverage="100% (2/2)"><conditions><condition number="0" type="jump" coverage="100%"/></conditions></line><line number="37" hits="2" branch="true" condition-coverage="50% (1/2)"><conditions><condition number="0" type="jump" coverage="50%"/></conditions></line><line number="39" hits="102" branch="false"/><line number="40" hits="102" branch="false"/><line number="42" hits="102" branch="false"/><line number="43" hits="102" branch="false"/><line number="45" hits="107" branch="false"/><line number="47" hits="107" branch="false"/><line number="48" hits="107" branch="false"/><line number="49" hits="107" branch="false"/><line number="50" hits="107" branch="false"/><line number="52" hits="4" branch="false"/><line number="54" hits="4" branch="true" condition-coverage="75% (3/4)"><conditions><condition number="0" type="jump" coverage="75%"/></conditions></line><line number="59" hits="35" branch="false"/><line number="61" hits="35" branch="true" condition-coverage="100% (2/2)"><conditions><condition number="0" type="jump" coverage="100%"/></conditions></line><line number="63" hits="13" branch="false"/><line number="67" hits="22" branch="true" condition-coverage="50% (1/2)"><conditions><condition number="0" type="jump" coverage="50%"/></conditions></line><line number="69" hits="35" branch="false"/><line number="71" hits="1020" branch="false"/><line number="73" hits="1020" branch="false"/><line number="74" hits="1029" branch="false"/><line number="78" hits="4" branch="false"/><line number="80" hits="4" branch="false"/><line number="82" hits="4" branch="true" condition-coverage="50% (1/2)"><conditions><condition number="0" type="jump" coverage="50%"/></conditions></line><line number="85" hits="8" branch="true" condition-coverage="50% (1/2)"><conditions><condition number="0" type="jump" coverage="50%"/></conditions></line><line number="86" hits="4" branch="false"/><line number="88" hits="2" branch="true" condition-coverage="50% (1/2)"><conditions><condition number="0" type="jump" coverage="50%"/></conditions></line><line number="89" hits="2" branch="true" condition-coverage="50% (1/2)"><conditions><condition number="0" type="jump" coverage="50%"/></conditions></line><line number="90" hits="2" branch="false"/><line number="93" hits="4" branch="true" condition-coverage="50% (1/2)"><conditions><condition number="0" type="jump" coverage="50%"/></conditions></line><line number="94" hits="4" branch="true" condition-coverage="50% (1/2)"><conditions><condition number="0" type="jump" coverage="50%"/></conditions></line><line number="95" hits="4" branch="false"/><line number="97" hits="4" branch="true" condition-coverage="50% (1/2)"><conditions><condition number="0" type="jump" coverage="50%"/></conditions></line><line number="98" hits="4" branch="false"/><line number="99" hits="4" branch="false"/><line number="101" hits="1" branch="false"/><line number="103" hits="1" branch="false"/><line number="105" hits="1" branch="true" condition-coverage="50% (1/2)"><conditions><condition number="0" type="jump" coverage="50%"/></conditions></line><line number="108" hits="1" branch="true" condition-coverage="50% (1/2)"><conditions><condition number="0" type="jump" coverage="50%"/></conditions></line><line number="109" hits="1" branch="true" condition-coverage="50% (1/2)"><conditions><condition number="0" type="jump" coverage="50%"/></conditions></line><line number="110" hits="1" branch="false"/><line number="112" hits="1" branch="true" condition-coverage="50% (1/2)"><conditions><condition number="0" type="jump" coverage="50%"/></conditions></line><line number="113" hits="1" branch="false"/><line number="114" hits="1" branch="false"/><line number="116" hits="3" branch="false"/><line number="118" hits="3" branch="true" condition-coverage="50% (1/2)"><conditions><condition number="0" type="jump" coverage="50%"/></conditions></line><line number="119" hits="3" branch="true" condition-coverage="50% (1/2)"><conditions><condition number="0" type="jump" coverage="50%"/></conditions></line><line number="120" hits="3" branch="true" condition-coverage="50% (1/2)"><conditions><condition number="0" type="jump" coverage="50%"/></conditions></line><line number="122" hits="3" branch="true" condition-coverage="50% (1/2)"><conditions><condition number="0" type="jump" coverage="50%"/></conditions></line><line number="123" hits="3" branch="true" condition-coverage="50% (1/2)"><conditions><condition number="0" type="jump" coverage="50%"/></conditions></line><line number="125" hits="3" branch="false"/><line number="129" hits="38" branch="false"/><line number="131" hits="38" branch="false"/><line number="134" hits="4" branch="false"/><line number="136" hits="4" branch="false"/><line number="139" hits="15" branch="false"/><line number="141" hits="15" branch="false"/><line number="142" hits="15" branch="false"/><line number="146" hits="2" branch="false"/><line number="148" hits="2" branch="true" condition-coverage="50% (1/2)"><conditions><condition number="0" type="jump" coverage="50%"/></conditions></line><line number="149" hits="2" branch="true" condition-coverage="50% (1/2)"><conditions><condition number="0" type="jump" coverage="50%"/></conditions></line><line number="150" hits="2" branch="false"/><line number="154" hits="3" branch="false"/><line number="156" hits="3" branch="false"/></lines></class><class name="AsioEventLoop_h" filename="src/asio/AsioEventLoop.h" line-rate="1.0" branch-rate="1.0" complexity="0.0"><methods/><lines><line number="66" hits="170" branch="false"/><line number="68" hits="170" branch="false"/></lines></class><class name="AsioTimer_cpp" filename="src/asio/AsioTimer.cpp" line-rate="0.9661016949152542" branch-rate="0.6666666666666666" complexity="0.0"><methods/><lines><line number="7" hits="8" branch="false"/><line number="8" hits="8" branch="true" condition-coverage="50% (1/2)"><conditions><condition number="0" type="jump" coverage="50%"/></conditions></line><line number="10" hits="8" branch="false"/><line number="12" hits="3" branch="false"/><line number="13" hits="3" branch="false"/><line number="14" hits="3" branch="true" condition-coverage="50% (1/2)"><conditions><condition number="0" type="jump" coverage="50%"/></conditions></line><line number="15" hits="3" branch="false"/><line number="16" hits="3" branch="false"/><line number="17" hits="6" branch="false"/><line number="19" hits="3" branch="false"/><line number="21" hits="22" branch="false"/><line number="23" hits="22" branch="false"/><line number="24" hits="22" branch="false"/><line number="26" hits="17" branch="false"/><line number="28" hits="17" branch="true" condition-coverage="100% (2/2)"><conditions><condition number="0" type="jump" coverage="100%"/></conditions></line><line number="30" hits="11" branch="false"/><line number="32" hits="17" branch="false"/><line number="34" hits="3" branch="false"/><line number="36" hits="3" branch="false"/><line number="39" hits="1" branch="false"/><line number="41" hits="1" branch="false"/><line number="44" hits="2" branch="false"/><line number="46" hits="2" branch="false"/><line number="49" hits="1" branch="false"/><line number="51" hits="1" branch="false"/><line number="54" hits="10" branch="false"/><line number="56" hits="10" branch="true" condition-coverage="100% (2/2)"><conditions><condition number="0" type="jump" coverage="100%"/></conditions></line><line number="58" hits="3" branch="false"/><line number="62" hits="7" branch="false"/><line number="64" hits="10" branch="false"/><line number="66" hits="7" branch="false"/><line number="68" hits="7" branch="true" condition-coverage="50% (1/2)"><conditions><condition number="0" type="jump" coverage="50%"/></conditions></line><line number="70" hits="0" branch="false"/><line number="73" hits="7" branch="true" condition-coverage="50% (2/4)"><conditions><condition number="0" type="jump" coverage="50%"/></conditions></line><line number="75" hits="7" branch="true" condition-coverage="50% (1/2)"><conditions><condition number="0" type="jump" coverage="50%"/></conditions></line><line number="76" hits="14" branch="true" condition-coverage="50% (1/2)"><conditions><condition number="0" type="jump" coverage="50%"/></conditions></line><line number="78" hits="7" branch="false"/><line number="79" hits="7" branch="false"/><line number="82" hits="11" branch="false"/><line number="84" hits="11" branch="true" condition-coverage="50% (1/2)"><conditions><condition number="0" type="jump" coverage="50%"/></conditions></line><line number="86" hits="0" branch="false"/><line number="89" hits="11" branch="true" condition-coverage="50% (2/4)"><conditions><condition number="0" type="jump" coverage="50%"/></conditions></line><line number="91" hits="11" branch="true" condition-coverage="50% (1/2)"><conditions><condition number="0" type="jump" coverage="50%"/></conditions></line><line number="92" hits="22" branch="true" condition-coverage="50% (1/2)"><conditions><condition number="0" type="jump" coverage="50%"/></conditions></line><line number="94" hits="10" branch="true" condition-coverage="83% (5/6)"><conditions><condition number="0" type="jump" coverage="83%"/></conditions></line><line number="96" hits="2" branch="false"/><line number="100" hits="8" branch="false"/><line number="103" hits="8" branch="true" condition-coverage="50% (1/2)"><conditions><condition number="0" type="jump" coverage="50%"/></conditions></line><line number="105" hits="8" branch="false"/><line number="110" hits="7" branch="false"/><line number="112" hits="7" branch="true" condition-coverage="83% (5/6)"><conditions><condition number="0" type="jump" coverage="83%"/></conditions></line><line number="114" hits="3" branch="false"/><line number="118" hits="4" branch="false"/><line number="121" hits="4" branch="true" condition-coverage="83% (5/6)"><conditions><condition number="0" type="jump" coverage="83%"/></conditions></line><line number="123" hits="2" branch="false"/><line number="127" hits="4" branch="false"/><line number="129" hits="4" branch="false"/><line number="130" hits="4" branch="false"/><line number="131" hits="4" branch="false"/></lines></class><class name="EventLoopPool_cpp" filename="src/asio/EventLoopPool.cpp" line-rate="0.8888888888888888" branch-rate="0.6388888888888888" complexity="0.0"><methods/><lines><line number="6" hits="5" branch="false"/><line number="8" hits="18" branch="true" condition-coverage="100% (2/2)"><conditions><condition number="0" type="jump" coverage="100%"/></conditions></line><line number="10" hits="13" branch="true" condition-coverage="50% (1/2)"><conditions><condition number="0" type="jump" coverage="50%"/></conditions></line><line number="11" hits="13" branch="true" condition-coverage="50% (1/2)"><conditions><condition number="0" type="jump" coverage="50%"/></conditions></line><line number="12" hits="13" branch="true" condition-coverage="50% (1/2)"><conditions><condition number="0" type="jump" coverage="50%"/></conditions></line><line number="13" hits="13" branch="false"/><line number="14" hits="5" branch="false"/><line number="16" hits="5" branch="false"/><line number="18" hits="5" branch="true" condition-coverage="50% (1/2)"><conditions><condition number="0" type="jump" coverage="50%"/></conditions></line><line number="20" hits="0" branch="false"/><line number="22" hits="5" branch="false"/><line number="24" hits="4" branch="false"/><line number="26" hits="4" branch="true" condition-coverage="50% (1/2)"><conditions><condition number="0" type="jump" coverage="50%"/></conditions></line><line number="28" hits="0" branch="false"/><line number="31" hits="13" branch="true" condition-coverage="100% (2/2)"><conditions><condition number="0" type="jump" coverage="100%"/></conditions></line><line number="33" hits="9" branch="false"/><line number="34" hits="9" branch="false"/><line number="35" hits="9" branch="true" condition-coverage="50% (1/2)"><conditions><condition number="0" type="jump" coverage="50%"/></conditions></line><line number="37" hits="9" branch="false"/><line number="38" hits="9" branch="false"/><line number="42" hits="4" branch="false"/><line number="44" hits="4" branch="true" condition-coverage="50% (1/2)"><conditions><condition number="0" type="jump" coverage="50%"/></conditions></line><line number="46" hits="0" branch="false"/><line number="49" hits="13" branch="true" condition-coverage="100% (2/2)"><conditions><condition number="0" type="jump" coverage="100%"/></conditions></line><line number="51" hits="9" branch="true" condition-coverage="50% (1/2)"><conditions><condition number="0" type="jump" coverage="50%"/></conditions></line><line number="54" hits="13" branch="true" condition-coverage="100% (2/2)"><conditions><condition number="0" type="jump" coverage="100%"/></conditions></line><line number="56" hits="9" branch="true" condition-coverage="50% (1/2)"><conditions><condition number="0" type="jump" coverage="50%"/></conditions></line><line number="58" hits="9" branch="true" condition-coverage="50% (1/2)"><conditions><condition number="0" type="jump" coverage="50%"/></conditions></line><line number="62" hits="4" branch="false"/><line number="65" hits="8" branch="false"/><line number="67" hits="8" branch="true" condition-coverage="50% (1/2)"><conditions><condition number="0" type="jump" coverage="50%"/></conditions></line><line number="69" hits="0" branch="false"/><line number="72" hits="16" branch="false"/><line number="73" hits="8" branch="false"/><line number="76" hits="1" branch="false"/><line number="78" hits="1" branch="false"/><line number="79" hits="1" branch="true" condition-coverage="50% (1/2)"><conditions><condition number="0" type="jump" coverage="50%"/></conditions></line><line number="80" hits="5" branch="true" condition-coverage="100% (2/2)"><conditions><condition number="0" type="jump" coverage="100%"/></conditions></line><line number="82" hits="4" branch="true" condition-coverage="50% (1/2)"><conditions><condition number="0" type="jump" coverage="50%"/></conditions></line><line number="84" hits="1" branch="false"/><line number="85" hits="0" branch="false"/><line number="87" hits="4" branch="false"/><line number="89" hits="4" branch="false"/><line number="92" hits="3" branch="false"/><line number="94" hits="3" branch="false"/></lines></class><class name="GenericConnection_h" filename="src/asio/GenericConnection.h" line-rate="0.75" branch-rate="0.5" complexity="0.0"><methods/><lines><line number="143" hits="0" branch="false"/><line number="145" hits="0" branch="false"/><line number="163" hits="90" branch="false"/><line number="165" hits="90" branch="true" condition-coverage="50% (1/2)"><conditions><condition number="0" type="jump" coverage="50%"/></conditions></line><line number="191" hits="32" branch="false"/><line number="193" hits="32" branch="true" condition-coverage="50% (1/2)"><conditions><condition number="0" type="jump" coverage="50%"/></conditions></line><line number="194" hits="32" branch="false"/><line number="197" hits="32" branch="false"/></lines></class><class name="GenericConnection_hci" filename="src/asio/GenericConnection.hci" line-rate="0.6173913043478261" branch-rate="0.21754385964912282" complexity="0.0"><methods/><lines><line number="26" hits="26" branch="false"/><line number="30" hits="26" branch="false"/><line number="31" hits="26" branch="true" condition-coverage="0% (0/2)"><conditions><condition number="0" type="jump" coverage="0%"/></conditions></line><line number="32" hits="26" branch="false"/><line number="33" hits="26" branch="false"/><line number="34" hits="52" branch="true" condition-coverage="50% (5/10)"><conditions><condition number="0" type="jump" coverage="50%"/></conditions></line><line number="36" hits="26" branch="false"/><line number="39" hits="26" branch="false"/><line number="43" hits="26" branch="false"/><line number="44" hits="26" branch="true" condition-coverage="100% (2/2)"><conditions><condition number="0" type="jump" coverage="100%"/></conditions></line><line number="46" hits="22" branch="false"/><line number="47" hits="22" branch="false"/><line number="49" hits="52" branch="false"/><line number="54" hits="32" branch="false"/><line number="58" hits="0" branch="false"/><line number="62" hits="32" branch="false"/><line number="67" hits="26" branch="false"/><line number="71" hits="0" branch="false"/><line number="75" hits="26" branch="false"/><line number="82" hits="2" branch="false"/><line number="84" hits="2" branch="true" condition-coverage="50% (1/2)"><conditions><condition number="0" type="jump" coverage="50%"/></conditions></line><line number="86" hits="0" branch="false"/><line number="89" hits="2" branch="true" condition-coverage="50% (3/6)"><conditions><condition number="0" type="jump" coverage="50%"/></conditions></line><line number="93" hits="2" branch="false"/><line number="95" hits="2" branch="false"/><line number="96" hits="2" branch="false"/><line number="99" hits="2" branch="false"/><line number="101" hits="2" branch="true" condition-coverage="50% (1/2)"><conditions><condition number="0" type="jump" coverage="50%"/></conditions></line><line number="103" hits="0" branch="false"/><line number="106" hits="2" branch="true" condition-coverage="50% (2/4)"><conditions><condition number="0" type="jump" coverage="50%"/></conditions></line><line number="110" hits="0" branch="false"/><line number="112" hits="0" branch="false"/><line number="113" hits="0" branch="false"/><line number="116" hits="0" branch="false"/><line number="118" hits="0" branch="true" condition-coverage="0% (0/2)"><conditions><condition number="0" type="jump" coverage="0%"/></conditions></line><line number="120" hits="0" branch="false"/><line number="123" hits="0" branch="true" condition-coverage="0% (0/4)"><conditions><condition number="0" type="jump" coverage="0%"/></conditions></line><line number="127" hits="0" branch="false"/><line number="129" hits="0" branch="true" condition-coverage="0% (0/2)"><conditions><condition number="0" type="jump" coverage="0%"/></conditions></line><line number="131" hits="0" branch="false"/><line number="134" hits="0" branch="true" condition-coverage="0% (0/4)"><conditions><condition number="0" type="jump" coverage="0%"/></conditions></line><line number="138" hits="0" branch="false"/><line number="140" hits="0" branch="true" condition-coverage="0% (0/2)"><conditions><condition number="0" type="jump" coverage="0%"/></conditions></line><line number="142" hits="0" branch="false"/><line number="145" hits="0" branch="true" condition-coverage="0% (0/6)"><conditions><condition number="0" type="jump" coverage="0%"/></conditions></line><line number="153" hits="4" branch="false"/><line number="155" hits="6" branch="false"/><line number="158" hits="2" branch="true" condition-coverage="25% (1/4)"><conditions><condition number="0" type="jump" coverage="25%"/></conditions></line><line number="159" hits="2" branch="true" condition-coverage="25% (1/4)"><conditions><condition number="0" type="jump" coverage="25%"/></conditions></line><line number="160" hits="2" branch="true" condition-coverage="25% (1/4)"><conditions><condition number="0" type="jump" coverage="25%"/></conditions></line><line number="163" hits="2" branch="true" condition-coverage="16% (2/12)"><conditions><condition number="0" type="jump" coverage="16%"/></conditions></line><line number="165" hits="0" branch="false"/><line number="166" hits="0" branch="true" condition-coverage="0% (0/4)"><conditions><condition number="0" type="jump" coverage="0%"/></conditions></line><line number="167" hits="0" branch="true" condition-coverage="0% (0/8)"><conditions><condition number="0" type="jump" coverage="0%"/></conditions></line><line number="168" hits="0" branch="false"/><line number="170" hits="0" branch="true" condition-coverage="0% (0/4)"><conditions><condition number="0" type="jump" coverage="0%"/></conditions></line><line number="172" hits="0" branch="false"/><line number="173" hits="2" branch="false"/><line number="175" hits="2" branch="false"/><line number="178" hits="4" branch="true" condition-coverage="50% (2/4)"><conditions><condition number="0" type="jump" coverage="50%"/></conditions></line><line number="180" hits="0" branch="true" condition-coverage="0% (0/2)"><conditions><condition number="0" type="jump" coverage="0%"/></conditions></line><line number="184" hits="4" branch="true" condition-coverage="50% (1/2)"><conditions><condition number="0" type="jump" coverage="50%"/></conditions></line><line number="185" hits="4" branch="true" condition-coverage="50% (1/2)"><conditions><condition number="0" type="jump" coverage="50%"/></conditions></line><line number="186" hits="12" branch="true" condition-coverage="25% (1/4)"><conditions><condition number="0" type="jump" coverage="25%"/></conditions></line><line number="188" hits="2" branch="false"/><line number="190" hits="4" branch="false"/><line number="191" hits="4" branch="false"/><line number="194" hits="4" branch="false"/><line number="197" hits="4" branch="false"/><line number="198" hits="4" branch="true" condition-coverage="50% (1/2)"><conditions><condition number="0" type="jump" coverage="50%"/></conditions></line><line number="200" hits="4" branch="true" condition-coverage="50% (1/2)"><conditions><condition number="0" type="jump" coverage="50%"/></conditions></line><line number="201" hits="4" branch="true" condition-coverage="50% (1/2)"><conditions><condition number="0" type="jump" coverage="50%"/></conditions></line><line number="202" hits="8" branch="true" condition-coverage="0% (0/2)"><conditions><condition number="0" type="jump" coverage="0%"/></conditions></line><line number="203" hits="10" branch="false"/><line number="207" hits="4" branch="false"/><line number="208" hits="4" branch="false"/><line number="213" hits="0" branch="false"/><line number="215" hits="0" branch="true" condition-coverage="0% (0/2)"><conditions><condition number="0" type="jump" coverage="0%"/></conditions></line><line number="217" hits="0" branch="false"/><line number="218" hits="0" branch="true" condition-coverage="0% (0/2)"><conditions><condition number="0" type="jump" coverage="0%"/></conditions></line><line number="219" hits="0" branch="true" condition-coverage="0% (0/4)"><conditions><condition number="0" type="jump" coverage="0%"/></conditions></line><line number="220" hits="0" branch="false"/><line number="222" hits="0" branch="false"/><line number="224" hits="0" branch="false"/><line number="225" hits="0" branch="false"/><line number="228" hits="0" branch="false"/><line number="233" hits="0" branch="true" condition-coverage="0% (0/2)"><conditions><condition number="0" type="jump" coverage="0%"/></conditions></line><line number="234" hits="0" branch="true" condition-coverage="0% (0/2)"><conditions><condition number="0" type="jump" coverage="0%"/></conditions></line><line number="235" hits="0" branch="true" condition-coverage="0% (0/2)"><conditions><condition number="0" type="jump" coverage="0%"/></conditions></line><line number="236" hits="0" branch="true" condition-coverage="0% (0/10)"><conditions><condition number="0" type="jump" coverage="0%"/></conditions></line><line number="253" hits="0" branch="false"/><line number="256" hits="0" branch="false"/><line number="257" hits="0" branch="true" condition-coverage="0% (0/4)"><conditions><condition number="0" type="jump" coverage="0%"/></conditions></line><line number="259" hits="0" branch="false"/><line number="262" hits="0" branch="false"/><line number="263" hits="0" branch="true" condition-coverage="0% (0/2)"><conditions><condition number="0" type="jump" coverage="0%"/></conditions></line><line number="265" hits="0" branch="false"/><line number="268" hits="26" branch="false"/><line number="271" hits="26" branch="false"/><line number="272" hits="26" branch="true" condition-coverage="100% (2/2)"><conditions><condition number="0" type="jump" coverage="100%"/></conditions></line><line number="274" hits="22" branch="true" condition-coverage="50% (1/2)"><conditions><condition number="0" type="jump" coverage="50%"/></conditions></line><line number="275" hits="22" branch="true" condition-coverage="50% (2/4)"><conditions><condition number="0" type="jump" coverage="50%"/></conditions></line><line number="276" hits="48" branch="false"/><line number="278" hits="2" branch="false"/><line number="280" hits="22" branch="false"/><line number="281" hits="22" branch="false"/><line number="283" hits="4" branch="true" condition-coverage="50% (1/2)"><conditions><condition number="0" type="jump" coverage="50%"/></conditions></line><line number="285" hits="0" branch="false"/><line number="290" hits="4" branch="false"/><line number="292" hits="4" branch="false"/><line number="293" hits="4" branch="true" condition-coverage="50% (1/2)"><conditions><condition number="0" type="jump" coverage="50%"/></conditions></line><line number="295" hits="4" branch="false"/><line number="296" hits="4" branch="true" condition-coverage="50% (1/2)"><conditions><condition number="0" type="jump" coverage="50%"/></conditions></line><line number="298" hits="4" branch="false"/><line number="299" hits="4" branch="false"/><line number="302" hits="2" branch="false"/><line number="304" hits="2" branch="false"/><line number="305" hits="2" branch="false"/><line number="306" hits="2" branch="true" condition-coverage="20% (1/5)"><conditions><condition number="0" type="jump" coverage="20%"/></conditions></line><line number="307" hits="2" branch="false"/><line number="310" hits="22" branch="false"/><line number="312" hits="22" branch="true" condition-coverage="50% (1/2)"><conditions><condition number="0" type="jump" coverage="50%"/></conditions></line><line number="313" hits="22" branch="true" condition-coverage="50% (2/4)"><conditions><condition number="0" type="jump" coverage="50%"/></conditions></line><line number="314" hits="55" branch="false"/><line number="316" hits="11" branch="true" condition-coverage="25% (3/12)"><conditions><condition number="0" type="jump" coverage="25%"/></conditions></line><line number="318" hits="11" branch="false"/><line number="319" hits="11" branch="false"/><line number="320" hits="11" branch="true" condition-coverage="25% (1/4)"><conditions><condition number="0" type="jump" coverage="25%"/></conditions></line><line number="321" hits="22" branch="true" condition-coverage="0% (0/2)"><conditions><condition number="0" type="jump" coverage="0%"/></conditions></line><line number="322" hits="33" branch="false"/><line number="326" hits="11" branch="false"/><line number="328" hits="22" branch="false"/><line number="331" hits="0" branch="false"/><line number="333" hits="0" branch="false"/><line number="334" hits="0" branch="false"/><line number="339" hits="8" branch="false"/><line number="341" hits="8" branch="false"/><line number="345" hits="2" branch="false"/><line number="347" hits="2" branch="false"/><line number="351" hits="0" branch="false"/><line number="353" hits="0" branch="false"/><line number="357" hits="0" branch="false"/><line number="359" hits="0" branch="false"/><line number="363" hits="0" branch="false"/><line number="365" hits="0" branch="false"/><line number="369" hits="2" branch="false"/><line number="371" hits="4" branch="false"/><line number="375" hits="2" branch="false"/><line number="377" hits="4" branch="false"/><line number="381" hits="0" branch="false"/><line number="383" hits="0" branch="false"/><line number="384" hits="0" branch="true" condition-coverage="0% (0/2)"><conditions><condition number="0" type="jump" coverage="0%"/></conditions></line><line number="388" hits="0" branch="false"/><line number="390" hits="0" branch="true" condition-coverage="0% (0/2)"><conditions><condition number="0" type="jump" coverage="0%"/></conditions></line><line number="392" hits="0" branch="false"/><line number="395" hits="0" branch="true" condition-coverage="0% (0/4)"><conditions><condition number="0" type="jump" coverage="0%"/></conditions></line><line number="401" hits="6" branch="false"/><line number="403" hits="6" branch="false"/><line number="404" hits="6" branch="false"/><line number="407" hits="2" branch="false"/><line number="409" hits="2" branch="false"/><line number="410" hits="2" branch="false"/><line number="413" hits="12" branch="false"/><line number="415" hits="12" branch="false"/><line number="416" hits="12" branch="false"/><line number="419" hits="2" branch="false"/><line number="421" hits="2" branch="false"/><line number="422" hits="2" branch="false"/><line number="425" hits="0" branch="false"/><line number="427" hits="0" branch="false"/><line number="428" hits="0" branch="false"/><line number="429" hits="0" branch="false"/><line number="434" hits="2" branch="false"/><line number="436" hits="2" branch="false"/><line number="437" hits="2" branch="false"/><line number="440" hits="6" branch="false"/><line number="442" hits="6" branch="false"/><line number="446" hits="2" branch="false"/><line number="448" hits="2" branch="false"/><line number="449" hits="2" branch="false"/><line number="452" hits="2" branch="false"/><line number="454" hits="2" branch="false"/><line number="460" hits="24" branch="false"/><line number="462" hits="24" branch="true" condition-coverage="50% (1/2)"><conditions><condition number="0" type="jump" coverage="50%"/></conditions></line><line number="463" hits="24" branch="true" condition-coverage="50% (2/4)"><conditions><condition number="0" type="jump" coverage="50%"/></conditions></line><line number="464" hits="59" branch="false"/><line number="466" hits="11" branch="false"/><line number="467" hits="11" branch="false"/><line number="472" hits="0" branch="false"/><line number="473" hits="0" branch="true" condition-coverage="0% (0/2)"><conditions><condition number="0" type="jump" coverage="0%"/></conditions></line><line number="474" hits="0" branch="true" condition-coverage="0% (0/2)"><conditions><condition number="0" type="jump" coverage="0%"/></conditions></line><line number="475" hits="0" branch="true" condition-coverage="0% (0/10)"><conditions><condition number="0" type="jump" coverage="0%"/></conditions></line><line number="479" hits="0" branch="false"/><line number="482" hits="11" branch="true" condition-coverage="100% (2/2)"><conditions><condition number="0" type="jump" coverage="100%"/></conditions></line><line number="484" hits="1" branch="true" condition-coverage="50% (1/2)"><conditions><condition number="0" type="jump" coverage="50%"/></conditions></line><line number="486" hits="11" branch="false"/><line number="489" hits="24" branch="false"/><line number="492" hits="0" branch="false"/><line number="494" hits="0" branch="true" condition-coverage="0% (0/2)"><conditions><condition number="0" type="jump" coverage="0%"/></conditions></line><line number="495" hits="0" branch="true" condition-coverage="0% (0/4)"><conditions><condition number="0" type="jump" coverage="0%"/></conditions></line><line number="496" hits="0" branch="false"/><line number="498" hits="0" branch="true" condition-coverage="0% (0/4)"><conditions><condition number="0" type="jump" coverage="0%"/></conditions></line><line number="500" hits="0" branch="false"/><line number="501" hits="0" branch="false"/><line number="503" hits="0" branch="true" condition-coverage="0% (0/4)"><conditions><condition number="0" type="jump" coverage="0%"/></conditions></line><line number="505" hits="0" branch="true" condition-coverage="0% (0/4)"><conditions><condition number="0" type="jump" coverage="0%"/></conditions></line><line number="509" hits="0" branch="false"/><line number="514" hits="0" branch="true" condition-coverage="0% (0/2)"><conditions><condition number="0" type="jump" coverage="0%"/></conditions></line><line number="536" hits="0" branch="true" condition-coverage="0% (0/8)"><conditions><condition number="0" type="jump" coverage="0%"/></conditions></line><line number="541" hits="22" branch="true" condition-coverage="50% (1/2)"><conditions><condition number="0" type="jump" coverage="50%"/></conditions></line><line number="573" hits="44" branch="true" condition-coverage="12% (1/8)"><conditions><condition number="0" type="jump" coverage="12%"/></conditions></line><line number="576" hits="4" branch="true" condition-coverage="50% (1/2)"><conditions><condition number="0" type="jump" coverage="50%"/></conditions></line><line number="607" hits="2" branch="false"/><line number="609" hits="1" branch="false"/><line number="697" hits="8" branch="true" condition-coverage="12% (1/8)"><conditions><condition number="0" type="jump" coverage="12%"/></conditions></line><line number="705" hits="0" branch="true" condition-coverage="0% (0/2)"><conditions><condition number="0" type="jump" coverage="0%"/></conditions></line><line number="778" hits="0" branch="true" condition-coverage="0% (0/6)"><conditions><condition number="0" type="jump" coverage="0%"/></conditions></line><line number="781" hits="6" branch="false"/><line number="785" hits="6" branch="false"/><line number="786" hits="6" branch="true" condition-coverage="50% (1/2)"><conditions><condition number="0" type="jump" coverage="50%"/></conditions></line><line number="788" hits="6" branch="false"/><line number="789" hits="6" branch="true" condition-coverage="50% (1/2)"><conditions><condition number="0" type="jump" coverage="50%"/></conditions></line><line number="791" hits="0" branch="false"/><line number="795" hits="6" branch="false"/><line number="797" hits="6" branch="true" condition-coverage="50% (1/2)"><conditions><condition number="0" type="jump" coverage="50%"/></conditions></line><line number="799" hits="6" branch="true" condition-coverage="100% (2/2)"><conditions><condition number="0" type="jump" coverage="100%"/></conditions></line><line number="801" hits="2" branch="true" condition-coverage="50% (1/2)"><conditions><condition number="0" type="jump" coverage="50%"/></conditions></line><line number="804" hits="6" branch="true" condition-coverage="100% (2/2)"><conditions><condition number="0" type="jump" coverage="100%"/></conditions></line><line number="806" hits="4" branch="true" condition-coverage="50% (1/2)"><conditions><condition number="0" type="jump" coverage="50%"/></conditions></line><line number="808" hits="6" branch="false"/></lines></class><class name="TcpServer_cpp" filename="src/asio/TcpServer.cpp" line-rate="0.8125" branch-rate="0.39655172413793105" complexity="0.0"><methods/><lines><line number="10" hits="4" branch="false"/><line number="11" hits="4" branch="false"/><line number="12" hits="4" branch="false"/><line number="13" hits="4" branch="false"/><line number="14" hits="4" branch="true" condition-coverage="50% (1/2)"><conditions><condition number="0" type="jump" coverage="50%"/></conditions></line><line number="15" hits="4" branch="true" condition-coverage="50% (2/4)"><conditions><condition number="0" type="jump" coverage="50%"/></conditions></line><line number="17" hits="4" branch="false"/><line number="19" hits="4" branch="false"/><line number="21" hits="4" branch="false"/><line number="22" hits="4" branch="true" condition-coverage="50% (1/2)"><conditions><condition number="0" type="jump" coverage="50%"/></conditions></line><line number="24" hits="0" branch="false"/><line number="26" hits="4" branch="false"/><line number="28" hits="1" branch="false"/><line number="30" hits="1" branch="false"/><line number="31" hits="1" branch="false"/><line number="33" hits="4" branch="false"/><line number="35" hits="4" branch="true" condition-coverage="50% (1/2)"><conditions><condition number="0" type="jump" coverage="50%"/></conditions></line><line number="37" hits="0" branch="false"/><line number="41" hits="4" branch="true" condition-coverage="100% (2/2)"><conditions><condition number="0" type="jump" coverage="100%"/></conditions></line><line number="43" hits="1" branch="true" condition-coverage="50% (1/2)"><conditions><condition number="0" type="jump" coverage="50%"/></conditions></line><line number="44" hits="1" branch="true" condition-coverage="50% (1/2)"><conditions><condition number="0" type="jump" coverage="50%"/></conditions></line><line number="49" hits="4" branch="true" condition-coverage="50% (3/6)"><conditions><condition number="0" type="jump" coverage="50%"/></conditions></line><line number="51" hits="4" branch="true" condition-coverage="50% (1/2)"><conditions><condition number="0" type="jump" coverage="50%"/></conditions></line><line number="52" hits="4" branch="true" condition-coverage="50% (1/2)"><conditions><condition number="0" type="jump" coverage="50%"/></conditions></line><line number="53" hits="4" branch="true" condition-coverage="50% (1/2)"><conditions><condition number="0" type="jump" coverage="50%"/></conditions></line><line number="54" hits="4" branch="true" condition-coverage="50% (1/2)"><conditions><condition number="0" type="jump" coverage="50%"/></conditions></line><line number="57" hits="4" branch="true" condition-coverage="50% (1/2)"><conditions><condition number="0" type="jump" coverage="50%"/></conditions></line><line number="58" hits="4" branch="true" condition-coverage="50% (2/4)"><conditions><condition number="0" type="jump" coverage="50%"/></conditions></line><line number="62" hits="4" branch="false"/><line number="63" hits="4" branch="true" condition-coverage="50% (1/2)"><conditions><condition number="0" type="jump" coverage="50%"/></conditions></line><line number="64" hits="12" branch="true" condition-coverage="50% (1/2)"><conditions><condition number="0" type="jump" coverage="50%"/></conditions></line><line number="67" hits="8" branch="true" condition-coverage="12% (1/8)"><conditions><condition number="0" type="jump" coverage="12%"/></conditions></line><line number="70" hits="4" branch="true" condition-coverage="50% (1/2)"><conditions><condition number="0" type="jump" coverage="50%"/></conditions></line><line number="72" hits="0" branch="true" condition-coverage="0% (0/2)"><conditions><condition number="0" type="jump" coverage="0%"/></conditions></line><line number="73" hits="0" branch="true" condition-coverage="0% (0/2)"><conditions><condition number="0" type="jump" coverage="0%"/></conditions></line><line number="76" hits="0" branch="true" condition-coverage="0% (0/8)"><conditions><condition number="0" type="jump" coverage="0%"/></conditions></line><line number="78" hits="4" branch="false"/><line number="80" hits="4" branch="false"/><line number="82" hits="4" branch="true" condition-coverage="50% (1/2)"><conditions><condition number="0" type="jump" coverage="50%"/></conditions></line><line number="84" hits="0" branch="false"/><line number="88" hits="4" branch="false"/><line number="89" hits="4" branch="true" condition-coverage="50% (1/2)"><conditions><condition number="0" type="jump" coverage="50%"/></conditions></line><line number="93" hits="4" branch="true" condition-coverage="50% (1/2)"><conditions><condition number="0" type="jump" coverage="50%"/></conditions></line><line number="94" hits="9" branch="true" condition-coverage="100% (2/2)"><conditions><condition number="0" type="jump" coverage="100%"/></conditions></line><line number="96" hits="5" branch="true" condition-coverage="50% (1/2)"><conditions><condition number="0" type="jump" coverage="50%"/></conditions></line><line number="98" hits="4" branch="false"/><line number="99" hits="4" branch="false"/><line number="102" hits="4" branch="true" condition-coverage="100% (2/2)"><conditions><condition number="0" type="jump" coverage="100%"/></conditions></line><line number="104" hits="1" branch="true" condition-coverage="50% (1/2)"><conditions><condition number="0" type="jump" coverage="50%"/></conditions></line><line number="108" hits="2" branch="false"/><line number="110" hits="2" branch="false"/><line number="111" hits="2" branch="false"/><line number="113" hits="1" branch="false"/><line number="115" hits="1" branch="false"/><line number="116" hits="1" branch="false"/><line number="118" hits="0" branch="false"/><line number="120" hits="0" branch="false"/><line number="121" hits="0" branch="false"/><line number="123" hits="0" branch="false"/><line number="125" hits="0" branch="false"/><line number="126" hits="0" branch="false"/><line number="128" hits="1" branch="false"/><line number="130" hits="1" branch="false"/><line number="133" hits="3" branch="false"/><line number="135" hits="3" branch="false"/><line number="138" hits="1" branch="false"/><line number="140" hits="1" branch="true" condition-coverage="50% (1/2)"><conditions><condition number="0" type="jump" coverage="50%"/></conditions></line><line number="141" hits="2" branch="false"/><line number="142" hits="1" branch="false"/><line number="144" hits="3" branch="false"/><line number="146" hits="3" branch="false"/><line number="149" hits="0" branch="false"/><line number="151" hits="0" branch="false"/><line number="152" hits="0" branch="false"/><line number="154" hits="5" branch="false"/><line number="156" hits="5" branch="true" condition-coverage="83% (5/6)"><conditions><condition number="0" type="jump" coverage="83%"/></conditions></line><line number="158" hits="3" branch="false"/><line number="160" hits="2" branch="false"/><line number="163" hits="5" branch="false"/><line number="165" hits="5" branch="true" condition-coverage="50% (1/2)"><conditions><condition number="0" type="jump" coverage="50%"/></conditions></line><line number="166" hits="5" branch="true" condition-coverage="50% (1/2)"><conditions><condition number="0" type="jump" coverage="50%"/></conditions></line><line number="167" hits="5" branch="false"/><line number="169" hits="1" branch="false"/><line number="171" hits="1" branch="true" condition-coverage="50% (1/2)"><conditions><condition number="0" type="jump" coverage="50%"/></conditions></line><line number="172" hits="1" branch="true" condition-coverage="50% (1/2)"><conditions><condition number="0" type="jump" coverage="50%"/></conditions></line><line number="173" hits="1" branch="false"/><line number="175" hits="4" branch="true" condition-coverage="50% (1/2)"><conditions><condition number="0" type="jump" coverage="50%"/></conditions></line><line number="227" hits="1" branch="false"/><line number="229" hits="1" branch="true" condition-coverage="50% (1/2)"><conditions><condition number="0" type="jump" coverage="50%"/></conditions></line><line number="231" hits="0" branch="false"/><line number="233" hits="1" branch="true" condition-coverage="50% (1/2)"><conditions><condition number="0" type="jump" coverage="50%"/></conditions></line><line number="235" hits="1" branch="false"/><line number="237" hits="1" branch="false"/><line number="278" hits="8" branch="true" condition-coverage="12% (1/8)"><conditions><condition number="0" type="jump" coverage="12%"/></conditions></line><line number="280" hits="0" branch="true" condition-coverage="0% (0/2)"><conditions><condition number="0" type="jump" coverage="0%"/></conditions></line><line number="314" hits="0" branch="true" condition-coverage="0% (0/8)"><conditions><condition number="0" type="jump" coverage="0%"/></conditions></line></lines></class></classes></package><package name="src.core" line-rate="0.7101568951279934" branch-rate="0.4179221287419292" complexity="0.0"><classes><class name="AsyncFileSink_cpp" filename="src/core/AsyncFileSink.cpp" line-rate="0.8701298701298701" branch-rate="0.5822784810126582" complexity="0.0"><methods/><lines><line number="8" hits="7" branch="true" condition-coverage="50% (4/8)"><conditions><condition number="0" type="jump" coverage="50%"/></conditions></line><line number="10" hits="7" branch="true" condition-coverage="50% (1/2)"><conditions><condition number="0" type="jump" coverage="50%"/></conditions></line><line number="11" hits="7" branch="true" condition-coverage="50% (1/2)"><conditions><condition number="0" type="jump" coverage="50%"/></conditions></line><line number="13" hits="7" branch="false"/><line number="14" hits="0" branch="false"/><line number="16" hits="7" branch="true" condition-coverage="50% (1/2)"><conditions><condition number="0" type="jump" coverage="50%"/></conditions></line><line number="17" hits="14" branch="true" condition-coverage="50% (1/2)"><conditions><condition number="0" type="jump" coverage="50%"/></conditions></line><line number="18" hits="7" branch="false"/><line number="20" hits="14" branch="false"/><line number="25" hits="14" branch="false"/><line number="27" hits="14" branch="false"/><line number="28" hits="14" branch="false"/><line number="30" hits="14" branch="false"/><line number="32" hits="352" branch="false"/><line number="34" hits="352" branch="false"/><line number="36" hits="352" branch="true" condition-coverage="50% (1/2)"><conditions><condition number="0" type="jump" coverage="50%"/></conditions></line><line number="39" hits="352" branch="true" condition-coverage="50% (1/2)"><conditions><condition number="0" type="jump" coverage="50%"/></conditions></line><line number="41" hits="0" branch="false"/><line number="42" hits="0" branch="false"/><line number="45" hits="352" branch="false"/><line number="46" hits="352" branch="true" condition-coverage="50% (1/2)"><conditions><condition number="0" type="jump" coverage="50%"/></conditions></line><line number="49" hits="352" branch="true" condition-coverage="75% (3/4)"><conditions><condition number="0" type="jump" coverage="75%"/></conditions></line><line number="50" hits="352" branch="true" condition-coverage="50% (1/2)"><conditions><condition number="0" type="jump" coverage="50%"/></conditions></line><line number="52" hits="352" branch="true" condition-coverage="100% (2/2)"><conditions><condition number="0" type="jump" coverage="100%"/></conditions></line><line number="54" hits="6" branch="false"/><line number="58" hits="1" branch="false"/><line number="61" hits="1" branch="true" condition-coverage="50% (1/2)"><conditions><condition number="0" type="jump" coverage="50%"/></conditions></line><line number="62" hits="1" branch="true" condition-coverage="50% (1/2)"><conditions><condition number="0" type="jump" coverage="50%"/></conditions></line><line number="64" hits="1" branch="true" condition-coverage="50% (1/2)"><conditions><condition number="0" type="jump" coverage="50%"/></conditions></line><line number="65" hits="1" branch="true" condition-coverage="50% (1/2)"><conditions><condition number="0" type="jump" coverage="50%"/></conditions></line><line number="66" hits="1" branch="false"/><line number="67" hits="1" branch="false"/><line number="68" hits="1" branch="true" condition-coverage="50% (1/2)"><conditions><condition number="0" type="jump" coverage="50%"/></conditions></line><line number="69" hits="1" branch="false"/><line number="71" hits="1" branch="false"/><line number="73" hits="2" branch="false"/><line number="76" hits="7" branch="false"/><line number="81" hits="26" branch="true" condition-coverage="50% (1/2)"><conditions><condition number="0" type="jump" coverage="50%"/></conditions></line><line number="84" hits="26" branch="true" condition-coverage="50% (1/2)"><conditions><condition number="0" type="jump" coverage="50%"/></conditions></line><line number="86" hits="26" branch="false"/><line number="87" hits="45" branch="false"/><line number="89" hits="45" branch="false"/><line number="92" hits="26" branch="true" condition-coverage="100% (6/6)"><conditions><condition number="0" type="jump" coverage="100%"/></conditions></line><line number="94" hits="7" branch="false"/><line number="97" hits="19" branch="true" condition-coverage="100% (2/2)"><conditions><condition number="0" type="jump" coverage="100%"/></conditions></line><line number="100" hits="6" branch="false"/><line number="101" hits="6" branch="false"/><line number="105" hits="13" branch="false"/><line number="107" hits="26" branch="true" condition-coverage="100% (3/3)"><conditions><condition number="0" type="jump" coverage="100%"/></conditions></line><line number="110" hits="6" branch="true" condition-coverage="50% (1/2)"><conditions><condition number="0" type="jump" coverage="50%"/></conditions></line><line number="113" hits="6" branch="false"/><line number="114" hits="6" branch="true" condition-coverage="50% (1/2)"><conditions><condition number="0" type="jump" coverage="50%"/></conditions></line><line number="117" hits="0" branch="false"/><line number="121" hits="0" branch="true" condition-coverage="0% (0/2)"><conditions><condition number="0" type="jump" coverage="0%"/></conditions></line><line number="124" hits="6" branch="false"/><line number="125" hits="6" branch="false"/><line number="126" hits="6" branch="false"/><line number="131" hits="6" branch="true" condition-coverage="50% (1/2)"><conditions><condition number="0" type="jump" coverage="50%"/></conditions></line><line number="132" hits="7" branch="true" condition-coverage="100% (2/2)"><conditions><condition number="0" type="jump" coverage="100%"/></conditions></line><line number="134" hits="1" branch="true" condition-coverage="50% (1/2)"><conditions><condition number="0" type="jump" coverage="50%"/></conditions></line><line number="136" hits="6" branch="false"/><line number="137" hits="6" branch="false"/><line number="138" hits="19" branch="false"/><line number="142" hits="7" branch="true" condition-coverage="50% (1/2)"><conditions><condition number="0" type="jump" coverage="50%"/></conditions></line><line number="143" hits="7" branch="true" condition-coverage="50% (1/2)"><conditions><condition number="0" type="jump" coverage="50%"/></conditions></line><line number="145" hits="0" branch="false"/><line number="146" hits="0" branch="false"/><line number="148" hits="7" branch="false"/><line number="149" hits="7" branch="true" condition-coverage="50% (1/2)"><conditions><condition number="0" type="jump" coverage="50%"/></conditions></line><line number="151" hits="0" branch="false"/><line number="152" hits="0" branch="false"/><line number="157" hits="7" branch="true" condition-coverage="50% (1/2)"><conditions><condition number="0" type="jump" coverage="50%"/></conditions></line><line number="158" hits="7" branch="true" condition-coverage="50% (1/2)"><conditions><condition number="0" type="jump" coverage="50%"/></conditions></line><line number="160" hits="0" branch="true" condition-coverage="0% (0/2)"><conditions><condition number="0" type="jump" coverage="0%"/></conditions></line><line number="162" hits="7" branch="false"/><line number="163" hits="7" branch="false"/><line number="164" hits="7" branch="false"/></lines></class><class name="Coroutine_h" filename="src/core/Coroutine.h" line-rate="0.6818181818181818" branch-rate="0.21428571428571427" complexity="0.0"><methods/><lines><line number="32" hits="1" branch="true" condition-coverage="50% (1/2)"><conditions><condition number="0" type="jump" coverage="50%"/></conditions></line><line number="36" hits="2" branch="true" condition-coverage="12% (1/8)"><conditions><condition number="0" type="jump" coverage="12%"/></conditions></line><line number="43" hits="1" branch="true" condition-coverage="50% (1/2)"><conditions><condition number="0" type="jump" coverage="50%"/></conditions></line><line number="47" hits="2" branch="true" condition-coverage="12% (1/8)"><conditions><condition number="0" type="jump" coverage="12%"/></conditions></line><line number="55" hits="36" branch="true" condition-coverage="50% (1/2)"><conditions><condition number="0" type="jump" coverage="50%"/></conditions></line><line number="60" hits="72" branch="true" condition-coverage="12% (1/8)"><conditions><condition number="0" type="jump" coverage="12%"/></conditions></line><line number="78" hits="138" branch="false"/><line number="80" hits="138" branch="true" condition-coverage="50% (1/2)"><conditions><condition number="0" type="jump" coverage="50%"/></conditions></line><line number="84" hits="0" branch="false"/><line number="86" hits="0" branch="true" condition-coverage="0% (0/2)"><conditions><condition number="0" type="jump" coverage="0%"/></conditions></line><line number="88" hits="0" branch="true" condition-coverage="0% (0/2)"><conditions><condition number="0" type="jump" coverage="0%"/></conditions></line><line number="89" hits="0" branch="false"/><line number="90" hits="0" branch="false"/><line number="92" hits="0" branch="true" condition-coverage="0% (0/2)"><conditions><condition number="0" type="jump" coverage="0%"/></conditions></line><line number="93" hits="0" branch="false"/><line number="95" hits="138" branch="false"/><line number="105" hits="190" branch="false"/><line number="107" hits="190" branch="true" condition-coverage="50% (1/2)"><conditions><condition number="0" type="jump" coverage="50%"/></conditions></line><line number="108" hits="190" branch="false"/><line number="131" hits="162" branch="false"/><line number="133" hits="162" branch="true" condition-coverage="50% (1/2)"><conditions><condition number="0" type="jump" coverage="50%"/></conditions></line><line number="134" hits="162" branch="false"/></lines></class><class name="Cors_h" filename="src/core/Cors.h" line-rate="0.967741935483871" branch-rate="0.484375" complexity="0.0"><methods/><lines><line number="42" hits="42" branch="false"/><line number="44" hits="42" branch="false"/><line number="45" hits="156" branch="true" condition-coverage="100% (2/2)"><conditions><condition number="0" type="jump" coverage="100%"/></conditions></line><line number="47" hits="114" branch="true" condition-coverage="100% (2/2)"><conditions><condition number="0" type="jump" coverage="100%"/></conditions></line><line number="49" hits="85" branch="true" condition-coverage="50% (1/2)"><conditions><condition number="0" type="jump" coverage="50%"/></conditions></line><line number="51" hits="114" branch="true" condition-coverage="50% (1/2)"><conditions><condition number="0" type="jump" coverage="50%"/></conditions></line><line number="53" hits="42" branch="false"/><line number="54" hits="0" branch="false"/><line number="70" hits="15" branch="false"/><line number="74" hits="15" branch="true" condition-coverage="100% (2/2)"><conditions><condition number="0" type="jump" coverage="100%"/></conditions></line><line number="76" hits="5" branch="true" condition-coverage="100% (2/2)"><conditions><condition number="0" type="jump" coverage="100%"/></conditions></line><line number="78" hits="3" branch="true" condition-coverage="75% (3/4)"><conditions><condition number="0" type="jump" coverage="75%"/></conditions></line><line number="81" hits="1" branch="true" condition-coverage="50% (1/2)"><conditions><condition number="0" type="jump" coverage="50%"/></conditions></line><line number="87" hits="14" branch="true" condition-coverage="50% (1/2)"><conditions><condition number="0" type="jump" coverage="50%"/></conditions></line><line number="88" hits="14" branch="true" condition-coverage="50% (1/2)"><conditions><condition number="0" type="jump" coverage="50%"/></conditions></line><line number="89" hits="14" branch="false"/><line number="90" hits="14" branch="true" condition-coverage="50% (1/2)"><conditions><condition number="0" type="jump" coverage="50%"/></conditions></line><line number="92" hits="98" branch="true" condition-coverage="10% (1/10)"><conditions><condition number="0" type="jump" coverage="10%"/></conditions></line><line number="93" hits="14" branch="false"/><line number="94" hits="14" branch="false"/><line number="95" hits="14" branch="false"/><line number="96" hits="14" branch="false"/><line number="131" hits="12" branch="false"/><line number="133" hits="24" branch="true" condition-coverage="50% (2/4)"><conditions><condition number="0" type="jump" coverage="50%"/></conditions></line><line number="134" hits="12" branch="true" condition-coverage="100% (2/2)"><conditions><condition number="0" type="jump" coverage="100%"/></conditions></line><line number="136" hits="8" branch="true" condition-coverage="50% (3/6)"><conditions><condition number="0" type="jump" coverage="50%"/></conditions></line><line number="138" hits="12" branch="true" condition-coverage="100% (2/2)"><conditions><condition number="0" type="jump" coverage="100%"/></conditions></line><line number="140" hits="20" branch="true" condition-coverage="50% (3/6)"><conditions><condition number="0" type="jump" coverage="50%"/></conditions></line><line number="142" hits="12" branch="false"/><line number="169" hits="56" branch="true" condition-coverage="10% (1/10)"><conditions><condition number="0" type="jump" coverage="10%"/></conditions></line><line number="170" hits="14" branch="false"/></lines></class><class name="Error_cpp" filename="src/core/Error.cpp" line-rate="0.3048128342245989" branch-rate="0.3150684931506849" complexity="0.0"><methods/><lines><line number="12" hits="18" branch="false"/><line number="14" hits="18" branch="true" condition-coverage="100% (2/2)"><conditions><condition number="0" type="jump" coverage="100%"/></conditions></line><line number="16" hits="1" branch="false"/><line number="20" hits="17" branch="true" condition-coverage="100% (2/2)"><conditions><condition number="0" type="jump" coverage="100%"/></conditions></line><line number="22" hits="2" branch="false"/><line number="24" hits="15" branch="true" condition-coverage="100% (2/2)"><conditions><condition number="0" type="jump" coverage="100%"/></conditions></line><line number="26" hits="1" branch="false"/><line number="28" hits="14" branch="true" condition-coverage="100% (2/2)"><conditions><condition number="0" type="jump" coverage="100%"/></conditions></line><line number="30" hits="1" branch="false"/><line number="32" hits="13" branch="true" condition-coverage="100% (2/2)"><conditions><condition number="0" type="jump" coverage="100%"/></conditions></line><line number="34" hits="1" branch="false"/><line number="36" hits="12" branch="true" condition-coverage="100% (2/2)"><conditions><condition number="0" type="jump" coverage="100%"/></conditions></line><line number="38" hits="2" branch="false"/><line number="40" hits="10" branch="true" condition-coverage="100% (2/2)"><conditions><condition number="0" type="jump" coverage="100%"/></conditions></line><line number="42" hits="1" branch="false"/><line number="44" hits="9" branch="true" condition-coverage="100% (2/2)"><conditions><condition number="0" type="jump" coverage="100%"/></conditions></line><line number="46" hits="1" branch="false"/><line number="48" hits="8" branch="true" condition-coverage="100% (2/2)"><conditions><condition number="0" type="jump" coverage="100%"/></conditions></line><line number="50" hits="1" branch="false"/><line number="52" hits="7" branch="true" condition-coverage="100% (2/2)"><conditions><condition number="0" type="jump" coverage="100%"/></conditions></line><line number="54" hits="1" branch="false"/><line number="56" hits="6" branch="true" condition-coverage="50% (1/2)"><conditions><condition number="0" type="jump" coverage="50%"/></conditions></line><line number="58" hits="0" branch="false"/><line number="60" hits="6" branch="true" condition-coverage="100% (2/2)"><conditions><condition number="0" type="jump" coverage="100%"/></conditions></line><line number="62" hits="1" branch="false"/><line number="64" hits="5" branch="true" condition-coverage="100% (2/2)"><conditions><condition number="0" type="jump" coverage="100%"/></conditions></line><line number="66" hits="1" branch="false"/><line number="68" hits="4" branch="true" condition-coverage="100% (2/2)"><conditions><condition number="0" type="jump" coverage="100%"/></conditions></line><line number="70" hits="1" branch="false"/><line number="72" hits="3" branch="true" condition-coverage="83% (5/6)"><conditions><condition number="0" type="jump" coverage="83%"/></conditions></line><line number="74" hits="1" branch="false"/><line number="76" hits="2" branch="true" condition-coverage="50% (1/2)"><conditions><condition number="0" type="jump" coverage="50%"/></conditions></line><line number="78" hits="0" branch="false"/><line number="82" hits="2" branch="false"/><line number="83" hits="2" branch="false"/><line number="85" hits="2" branch="true" condition-coverage="50% (3/6)"><conditions><condition number="0" type="jump" coverage="50%"/></conditions></line><line number="118" hits="2" branch="true" condition-coverage="7% (1/14)"><conditions><condition number="0" type="jump" coverage="7%"/></conditions></line><line number="120" hits="0" branch="false"/><line number="121" hits="0" branch="false"/><line number="122" hits="0" branch="false"/><line number="123" hits="0" branch="false"/><line number="124" hits="0" branch="false"/><line number="125" hits="0" branch="false"/><line number="126" hits="0" branch="false"/><line number="127" hits="0" branch="false"/><line number="128" hits="0" branch="false"/><line number="129" hits="0" branch="false"/><line number="130" hits="0" branch="false"/><line number="131" hits="0" branch="false"/><line number="132" hits="0" branch="false"/><line number="133" hits="0" branch="false"/><line number="134" hits="0" branch="false"/><line number="135" hits="0" branch="false"/><line number="136" hits="0" branch="false"/><line number="137" hits="0" branch="false"/><line number="138" hits="0" branch="false"/><line number="140" hits="0" branch="false"/><line number="141" hits="0" branch="false"/><line number="142" hits="0" branch="false"/><line number="143" hits="0" branch="false"/><line number="144" hits="0" branch="false"/><line number="145" hits="0" branch="false"/><line number="146" hits="0" branch="false"/><line number="147" hits="2" branch="false"/><line number="148" hits="2" branch="false"/><line number="153" hits="2" branch="false"/><line number="156" hits="4" branch="false"/><line number="158" hits="4" branch="true" condition-coverage="100% (2/2)"><conditions><condition number="0" type="jump" coverage="100%"/></conditions></line><line number="160" hits="2" branch="false"/><line number="163" hits="6" branch="false"/><line number="164" hits="5" branch="true" condition-coverage="50% (1/2)"><conditions><condition number="0" type="jump" coverage="50%"/></conditions></line><line number="166" hits="6" branch="false"/><line number="168" hits="6" branch="true" condition-coverage="27% (6/22)"><conditions><condition number="0" type="jump" coverage="27%"/></conditions></line><line number="170" hits="1" branch="false"/><line number="171" hits="1" branch="false"/><line number="172" hits="1" branch="false"/><line number="173" hits="1" branch="false"/><line number="174" hits="1" branch="false"/><line number="175" hits="1" branch="false"/><line number="176" hits="0" branch="false"/><line number="177" hits="0" branch="false"/><line number="178" hits="1" branch="false"/><line number="179" hits="1" branch="false"/><line number="180" hits="0" branch="false"/><line number="181" hits="0" branch="false"/><line number="182" hits="0" branch="false"/><line number="183" hits="0" branch="false"/><line number="184" hits="0" branch="false"/><line number="185" hits="0" branch="false"/><line number="186" hits="0" branch="false"/><line number="187" hits="0" branch="false"/><line number="188" hits="0" branch="false"/><line number="189" hits="0" branch="false"/><line number="190" hits="0" branch="false"/><line number="191" hits="0" branch="false"/><line number="192" hits="1" branch="false"/><line number="193" hits="1" branch="false"/><line number="194" hits="0" branch="false"/><line number="195" hits="0" branch="false"/><line number="196" hits="0" branch="false"/><line number="197" hits="0" branch="false"/><line number="198" hits="0" branch="false"/><line number="199" hits="0" branch="false"/><line number="200" hits="0" branch="false"/><line number="201" hits="0" branch="false"/><line number="202" hits="0" branch="false"/><line number="203" hits="0" branch="false"/><line number="204" hits="0" branch="false"/><line number="205" hits="0" branch="false"/><line number="206" hits="0" branch="false"/><line number="207" hits="0" branch="false"/><line number="208" hits="0" branch="false"/><line number="209" hits="0" branch="false"/><line number="210" hits="1" branch="false"/><line number="211" hits="1" branch="false"/><line number="213" hits="0" branch="false"/><line number="216" hits="0" branch="false"/><line number="218" hits="0" branch="true" condition-coverage="0% (0/2)"><conditions><condition number="0" type="jump" coverage="0%"/></conditions></line><line number="220" hits="0" branch="false"/><line number="224" hits="0" branch="true" condition-coverage="0% (0/2)"><conditions><condition number="0" type="jump" coverage="0%"/></conditions></line><line number="226" hits="0" branch="false"/><line number="228" hits="0" branch="true" condition-coverage="0% (0/2)"><conditions><condition number="0" type="jump" coverage="0%"/></conditions></line><line number="230" hits="0" branch="false"/><line number="232" hits="0" branch="true" condition-coverage="0% (0/2)"><conditions><condition number="0" type="jump" coverage="0%"/></conditions></line><line number="234" hits="0" branch="false"/><line number="236" hits="0" branch="true" condition-coverage="0% (0/2)"><conditions><condition number="0" type="jump" coverage="0%"/></conditions></line><line number="238" hits="0" branch="false"/><line number="240" hits="0" branch="true" condition-coverage="0% (0/2)"><conditions><condition number="0" type="jump" coverage="0%"/></conditions></line><line number="242" hits="0" branch="false"/><line number="244" hits="0" branch="true" condition-coverage="0% (0/2)"><conditions><condition number="0" type="jump" coverage="0%"/></conditions></line><line number="246" hits="0" branch="false"/><line number="248" hits="0" branch="true" condition-coverage="0% (0/2)"><conditions><condition number="0" type="jump" coverage="0%"/></conditions></line><line number="250" hits="0" branch="false"/><line number="252" hits="0" branch="true" condition-coverage="0% (0/2)"><conditions><condition number="0" type="jump" coverage="0%"/></conditions></line><line number="254" hits="0" branch="false"/><line number="256" hits="0" branch="true" condition-coverage="0% (0/2)"><conditions><condition number="0" type="jump" coverage="0%"/></conditions></line><line number="258" hits="0" branch="false"/><line number="260" hits="0" branch="true" condition-coverage="0% (0/2)"><conditions><condition number="0" type="jump" coverage="0%"/></conditions></line><line number="262" hits="0" branch="false"/><line number="264" hits="0" branch="true" condition-coverage="0% (0/2)"><conditions><condition number="0" type="jump" coverage="0%"/></conditions></line><line number="266" hits="0" branch="false"/><line number="268" hits="0" branch="true" condition-coverage="0% (0/2)"><conditions><condition number="0" type="jump" coverage="0%"/></conditions></line><line number="270" hits="0" branch="false"/><line number="272" hits="0" branch="true" condition-coverage="0% (0/6)"><conditions><condition number="0" type="jump" coverage="0%"/></conditions></line><line number="274" hits="0" branch="false"/><line number="276" hits="0" branch="true" condition-coverage="0% (0/6)"><conditions><condition number="0" type="jump" coverage="0%"/></conditions></line><line number="278" hits="0" branch="false"/><line number="280" hits="0" branch="true" condition-coverage="0% (0/2)"><conditions><condition number="0" type="jump" coverage="0%"/></conditions></line><line number="282" hits="0" branch="false"/><line number="286" hits="0" branch="false"/><line number="287" hits="0" branch="false"/><line number="289" hits="0" branch="true" condition-coverage="0% (0/6)"><conditions><condition number="0" type="jump" coverage="0%"/></conditions></line><line number="320" hits="0" branch="true" condition-coverage="0% (0/14)"><conditions><condition number="0" type="jump" coverage="0%"/></conditions></line><line number="322" hits="0" branch="false"/><line number="323" hits="0" branch="false"/><line number="324" hits="0" branch="false"/><line number="325" hits="0" branch="false"/><line number="326" hits="0" branch="false"/><line number="327" hits="0" branch="false"/><line number="328" hits="0" branch="false"/><line number="329" hits="0" branch="false"/><line number="330" hits="0" branch="false"/><line number="331" hits="0" branch="false"/><line number="332" hits="0" branch="false"/><line number="333" hits="0" branch="false"/><line number="334" hits="0" branch="false"/><line number="335" hits="0" branch="false"/><line number="336" hits="0" branch="false"/><line number="337" hits="0" branch="false"/><line number="338" hits="0" branch="false"/><line number="339" hits="0" branch="false"/><line number="340" hits="0" branch="false"/><line number="342" hits="0" branch="false"/><line number="343" hits="0" branch="false"/><line number="344" hits="0" branch="false"/><line number="345" hits="0" branch="false"/><line number="346" hits="0" branch="false"/><line number="347" hits="0" branch="false"/><line number="348" hits="0" branch="false"/><line number="349" hits="0" branch="false"/><line number="350" hits="0" branch="false"/><line number="355" hits="0" branch="false"/><line number="358" hits="0" branch="false"/><line number="360" hits="0" branch="true" condition-coverage="0% (0/2)"><conditions><condition number="0" type="jump" coverage="0%"/></conditions></line><line number="362" hits="0" branch="false"/><line number="365" hits="0" branch="false"/><line number="366" hits="0" branch="true" condition-coverage="0% (0/2)"><conditions><condition number="0" type="jump" coverage="0%"/></conditions></line></lines></class><class name="Error_h" filename="src/core/Error.h" line-rate="1.0" branch-rate="1.0" complexity="0.0"><methods/><lines><line number="89" hits="2" branch="false"/><line number="91" hits="2" branch="false"/><line number="98" hits="5" branch="false"/><line number="100" hits="5" branch="false"/><line number="107" hits="4" branch="false"/><line number="109" hits="4" branch="false"/><line number="116" hits="4" branch="false"/><line number="118" hits="4" branch="false"/></lines></class><class name="EventLoop_h" filename="src/core/EventLoop.h" line-rate="1.0" branch-rate="1.0" complexity="0.0"><methods/><lines><line number="32" hits="240" branch="false"/></lines></class><class name="FixedBuffer_h" filename="src/core/FixedBuffer.h" line-rate="1.0" branch-rate="0.6785714285714286" complexity="0.0"><methods/><lines><line number="21" hits="265" branch="false"/><line number="26" hits="265" branch="false"/><line number="28" hits="4355" branch="false"/><line number="30" hits="4355" branch="true" condition-coverage="100% (2/2)"><conditions><condition number="0" type="jump" coverage="100%"/></conditions></line><line number="32" hits="4353" branch="true" condition-coverage="100% (2/2)"><conditions><condition number="0" type="jump" coverage="100%"/></conditions></line><line number="34" hits="4349" branch="false"/><line number="35" hits="4349" branch="false"/><line number="36" hits="4349" branch="false"/><line number="39" hits="4" branch="false"/><line number="40" hits="4" branch="false"/><line number="42" hits="6" branch="false"/><line number="45" hits="1" branch="false"/><line number="47" hits="1" branch="false"/><line number="48" hits="1" branch="false"/><line number="50" hits="1816" branch="false"/><line number="52" hits="1816" branch="false"/><line number="53" hits="1816" branch="false"/><line number="56" hits="2054" branch="false"/><line number="58" hits="2054" branch="true" condition-coverage="100% (2/2)"><conditions><condition number="0" type="jump" coverage="100%"/></conditions></line><line number="60" hits="2053" branch="false"/><line number="62" hits="2054" branch="false"/><line number="65" hits="24" branch="false"/><line number="67" hits="24" branch="false"/><line number="68" hits="24" branch="false"/><line number="71" hits="6" branch="false"/><line number="73" hits="6" branch="true" condition-coverage="66% (4/6)"><conditions><condition number="0" type="jump" coverage="66%"/></conditions></line><line number="76" hits="8" branch="false"/><line number="78" hits="8" branch="false"/><line number="81" hits="1" branch="false"/><line number="83" hits="1" branch="false"/><line number="96" hits="1" branch="false"/><line number="98" hits="1" branch="false"/><line number="106" hits="1" branch="false"/><line number="108" hits="1" branch="false"/><line number="116" hits="36" branch="false"/><line number="118" hits="36" branch="true" condition-coverage="100% (2/2)"><conditions><condition number="0" type="jump" coverage="100%"/></conditions></line><line number="120" hits="6" branch="false"/><line number="122" hits="30" branch="false"/><line number="125" hits="227" branch="false"/><line number="127" hits="227" branch="true" condition-coverage="50% (1/2)"><conditions><condition number="0" type="jump" coverage="50%"/></conditions></line><line number="130" hits="452" branch="false"/><line number="132" hits="452" branch="true" condition-coverage="50% (1/2)"><conditions><condition number="0" type="jump" coverage="50%"/></conditions></line><line number="135" hits="231" branch="false"/><line number="137" hits="231" branch="false"/><line number="140" hits="1" branch="false"/><line number="142" hits="1" branch="false"/><line number="145" hits="1" branch="false"/><line number="147" hits="1" branch="false"/><line number="148" hits="1" branch="false"/><line number="149" hits="1" branch="false"/><line number="150" hits="1" branch="false"/><line number="156" hits="12" branch="false"/><line number="159" hits="12" branch="true" condition-coverage="50% (1/2)"><conditions><condition number="0" type="jump" coverage="50%"/></conditions></line><line number="160" hits="12" branch="true" condition-coverage="50% (1/2)"><conditions><condition number="0" type="jump" coverage="50%"/></conditions></line><line number="162" hits="12" branch="true" condition-coverage="50% (1/2)"><conditions><condition number="0" type="jump" coverage="50%"/></conditions></line><line number="164" hits="12" branch="false"/><line number="167" hits="1" branch="false"/><line number="170" hits="1" branch="false"/><line number="171" hits="1" branch="true" condition-coverage="50% (1/2)"><conditions><condition number="0" type="jump" coverage="50%"/></conditions></line><line number="173" hits="1" branch="true" condition-coverage="50% (1/2)"><conditions><condition number="0" type="jump" coverage="50%"/></conditions></line><line number="175" hits="1" branch="false"/></lines></class><class name="HeaderMap_h" filename="src/core/HeaderMap.h" line-rate="1.0" branch-rate="0.8" complexity="0.0"><methods/><lines><line number="27" hits="19887" branch="false"/><line number="32" hits="12039" branch="false"/><line number="34" hits="12039" branch="true" condition-coverage="100% (2/2)"><conditions><condition number="0" type="jump" coverage="100%"/></conditions></line><line number="36" hits="11448" branch="false"/><line number="38" hits="10348" branch="true" condition-coverage="100% (2/2)"><conditions><condition number="0" type="jump" coverage="100%"/></conditions></line><line number="40" hits="9513" branch="true" condition-coverage="100% (2/2)"><conditions><condition number="0" type="jump" coverage="100%"/></conditions></line><line number="42" hits="9" branch="false"/><line number="45" hits="835" branch="false"/><line number="53" hits="52" branch="false"/><line number="55" hits="101" branch="true" condition-coverage="100% (2/2)"><conditions><condition number="0" type="jump" coverage="100%"/></conditions></line><line number="57" hits="97" branch="true" condition-coverage="100% (2/2)"><conditions><condition number="0" type="jump" coverage="100%"/></conditions></line><line number="59" hits="48" branch="false"/><line number="62" hits="4" branch="false"/><line number="70" hits="20037" branch="false"/><line number="72" hits="30444" branch="true" condition-coverage="100% (2/2)"><conditions><condition number="0" type="jump" coverage="100%"/></conditions></line><line number="74" hits="10643" branch="true" condition-coverage="100% (2/2)"><conditions><condition number="0" type="jump" coverage="100%"/></conditions></line><line number="76" hits="224" branch="true" condition-coverage="50% (1/2)"><conditions><condition number="0" type="jump" coverage="50%"/></conditions></line><line number="77" hits="224" branch="false"/><line number="80" hits="20038" branch="true" condition-coverage="100% (2/2)"><conditions><condition number="0" type="jump" coverage="100%"/></conditions></line><line number="82" hits="9950" branch="false"/><line number="84" hits="99930" branch="true" condition-coverage="50% (3/6)"><conditions><condition number="0" type="jump" coverage="50%"/></conditions></line><line number="92" hits="452" branch="false"/><line number="94" hits="452" branch="true" condition-coverage="100% (2/2)"><conditions><condition number="0" type="jump" coverage="100%"/></conditions></line><line number="96" hits="10" branch="false"/><line number="98" hits="1808" branch="true" condition-coverage="50% (3/6)"><conditions><condition number="0" type="jump" coverage="50%"/></conditions></line><line number="99" hits="452" branch="false"/><line number="152" hits="6" branch="false"/><line number="154" hits="6" branch="false"/><line number="155" hits="8" branch="true" condition-coverage="100% (2/2)"><conditions><condition number="0" type="jump" coverage="100%"/></conditions></line><line number="157" hits="2" branch="true" condition-coverage="50% (1/2)"><conditions><condition number="0" type="jump" coverage="50%"/></conditions></line><line number="159" hits="2" branch="false"/><line number="162" hits="6" branch="false"/><line number="165" hits="68" branch="false"/><line number="167" hits="68" branch="false"/><line number="170" hits="68" branch="false"/><line number="172" hits="68" branch="false"/><line number="175" hits="221" branch="false"/><line number="177" hits="221" branch="false"/><line number="180" hits="221" branch="false"/><line number="182" hits="221" branch="false"/><line number="206" hits="19026" branch="false"/><line number="208" hits="19026" branch="true" condition-coverage="100% (4/4)"><conditions><condition number="0" type="jump" coverage="100%"/></conditions></line></lines></class><class name="HttpRequest_cpp" filename="src/core/HttpRequest.cpp" line-rate="0.7805755395683454" branch-rate="0.6234309623430963" complexity="0.0"><methods/><lines><line number="11" hits="92" branch="false"/><line number="13" hits="1719" branch="true" condition-coverage="100% (2/2)"><conditions><condition number="0" type="jump" coverage="100%"/></conditions></line><line number="15" hits="1627" bra
[...]
ndition number="0" type="jump" coverage="50%"/></conditions></line><line number="292" hits="444" branch="true" condition-coverage="50% (1/2)"><conditions><condition number="0" type="jump" coverage="50%"/></conditions></line><line number="293" hits="444" branch="true" condition-coverage="50% (1/2)"><conditions><condition number="0" type="jump" coverage="50%"/></conditions></line><line number="294" hits="444" branch="true" condition-coverage="50% (2/4)"><conditions><condition number="0" type="jump" coverage="50%"/></conditions></line><line number="295" hits="444" branch="false"/><line number="298" hits="444" branch="false"/><line number="301" hits="1345" branch="false"/><line number="302" hits="1789" branch="true" condition-coverage="50% (1/2)"><conditions><condition number="0" type="jump" coverage="50%"/></conditions></line><line number="303" hits="1789" branch="true" condition-coverage="100% (2/2)"><conditions><condition number="0" type="jump" coverage="100%"/></conditions></line><line number="304" hits="442" branch="false"/><line number="305" hits="442" branch="true" condition-coverage="50% (2/4)"><conditions><condition number="0" type="jump" coverage="50%"/></conditions></line><line number="306" hits="442" branch="false"/><line number="307" hits="1347" branch="true" condition-coverage="50% (1/2)"><conditions><condition number="0" type="jump" coverage="50%"/></conditions></line><line number="308" hits="0" branch="false"/><line number="309" hits="0" branch="false"/><line number="311" hits="1347" branch="true" condition-coverage="50% (1/2)"><conditions><condition number="0" type="jump" coverage="50%"/></conditions></line><line number="312" hits="0" branch="false"/><line number="313" hits="0" branch="false"/><line number="315" hits="1347" branch="true" condition-coverage="66% (4/6)"><conditions><condition number="0" type="jump" coverage="66%"/></conditions></line><line number="318" hits="1347" branch="true" condition-coverage="50% (1/2)"><conditions><condition number="0" type="jump" coverage="50%"/></conditions></line><line number="319" hits="0" branch="false"/><line number="321" hits="1345" branch="true" condition-coverage="50% (1/2)"><conditions><condition number="0" type="jump" coverage="50%"/></conditions></line><line number="322" hits="0" branch="false"/><line number="323" hits="0" branch="false"/><line number="325" hits="1345" branch="false"/><line number="326" hits="1345" branch="false"/><line number="327" hits="2690" branch="true" condition-coverage="50% (1/2)"><conditions><condition number="0" type="jump" coverage="50%"/></conditions></line><line number="328" hits="2690" branch="true" condition-coverage="100% (4/4)"><conditions><condition number="0" type="jump" coverage="100%"/></conditions></line><line number="329" hits="1345" branch="false"/><line number="333" hits="0" branch="false"/><line number="334" hits="0" branch="false"/><line number="338" hits="1345" branch="true" condition-coverage="50% (1/2)"><conditions><condition number="0" type="jump" coverage="50%"/></conditions></line><line number="339" hits="0" branch="false"/><line number="342" hits="1345" branch="false"/><line number="343" hits="1345" branch="true" condition-coverage="50% (1/2)"><conditions><condition number="0" type="jump" coverage="50%"/></conditions></line><line number="344" hits="1345" branch="false"/><line number="345" hits="1345" branch="true" condition-coverage="50% (2/4)"><conditions><condition number="0" type="jump" coverage="50%"/></conditions></line><line number="346" hits="1345" branch="false"/><line number="349" hits="1345" branch="false"/><line number="350" hits="1345" branch="false"/><line number="352" hits="442" branch="false"/><line number="355" hits="225" branch="false"/><line number="360" hits="225" branch="true" condition-coverage="50% (1/2)"><conditions><condition number="0" type="jump" coverage="50%"/></conditions></line><line number="361" hits="225" branch="true" condition-coverage="50% (1/2)"><conditions><condition number="0" type="jump" coverage="50%"/></conditions></line><line number="362" hits="0" branch="false"/><line number="363" hits="0" branch="true" condition-coverage="0% (0/4)"><conditions><condition number="0" type="jump" coverage="0%"/></conditions></line><line number="364" hits="225" branch="true" condition-coverage="50% (1/2)"><conditions><condition number="0" type="jump" coverage="50%"/></conditions></line><line number="365" hits="0" branch="false"/><line number="369" hits="225" branch="true" condition-coverage="50% (1/2)"><conditions><condition number="0" type="jump" coverage="50%"/></conditions></line><line number="370" hits="0" branch="false"/><line number="373" hits="225" branch="false"/><line number="374" hits="225" branch="true" condition-coverage="50% (1/2)"><conditions><condition number="0" type="jump" coverage="50%"/></conditions></line><line number="375" hits="225" branch="true" condition-coverage="50% (1/2)"><conditions><condition number="0" type="jump" coverage="50%"/></conditions></line><line number="376" hits="827" branch="true" condition-coverage="42% (6/14)"><conditions><condition number="0" type="jump" coverage="42%"/></conditions></line><line number="378" hits="225" branch="false"/><line number="379" hits="225" branch="true" condition-coverage="50% (1/2)"><conditions><condition number="0" type="jump" coverage="50%"/></conditions></line><line number="380" hits="225" branch="true" condition-coverage="50% (1/2)"><conditions><condition number="0" type="jump" coverage="50%"/></conditions></line><line number="381" hits="225" branch="true" condition-coverage="50% (2/4)"><conditions><condition number="0" type="jump" coverage="50%"/></conditions></line><line number="382" hits="0" branch="false"/><line number="383" hits="0" branch="false"/><line number="385" hits="225" branch="true" condition-coverage="50% (1/2)"><conditions><condition number="0" type="jump" coverage="50%"/></conditions></line><line number="386" hits="0" branch="false"/><line number="388" hits="225" branch="true" condition-coverage="50% (1/2)"><conditions><condition number="0" type="jump" coverage="50%"/></conditions></line><line number="389" hits="225" branch="false"/><line number="390" hits="225" branch="true" condition-coverage="50% (2/4)"><conditions><condition number="0" type="jump" coverage="50%"/></conditions></line><line number="391" hits="0" branch="true" condition-coverage="0% (0/2)"><conditions><condition number="0" type="jump" coverage="0%"/></conditions></line><line number="392" hits="0" branch="false"/><line number="394" hits="0" branch="false"/><line number="395" hits="0" branch="false"/><line number="398" hits="225" branch="false"/><line number="401" hits="225" branch="false"/><line number="404" hits="225" branch="false"/><line number="405" hits="225" branch="false"/><line number="408" hits="225" branch="false"/><line number="409" hits="225" branch="false"/><line number="410" hits="225" branch="false"/><line number="411" hits="225" branch="false"/><line number="412" hits="225" branch="false"/><line number="413" hits="225" branch="false"/><line number="417" hits="225" branch="true" condition-coverage="25% (1/4)"><conditions><condition number="0" type="jump" coverage="25%"/></conditions></line><line number="418" hits="0" branch="false"/><line number="421" hits="225" branch="true" condition-coverage="50% (1/2)"><conditions><condition number="0" type="jump" coverage="50%"/></conditions></line><line number="423" hits="0" branch="false"/><line number="426" hits="225" branch="false"/><line number="429" hits="219" branch="false"/><line number="433" hits="219" branch="true" condition-coverage="50% (1/2)"><conditions><condition number="0" type="jump" coverage="50%"/></conditions></line><line number="434" hits="0" branch="false"/><line number="437" hits="219" branch="true" condition-coverage="50% (1/2)"><conditions><condition number="0" type="jump" coverage="50%"/></conditions></line><line number="438" hits="0" branch="false"/><line number="439" hits="0" branch="false"/><line number="442" hits="219" branch="false"/><line number="443" hits="219" branch="true" condition-coverage="50% (1/2)"><conditions><condition number="0" type="jump" coverage="50%"/></conditions></line><line number="444" hits="219" branch="true" condition-coverage="50% (1/2)"><conditions><condition number="0" type="jump" coverage="50%"/></conditions></line><line number="446" hits="219" branch="true" condition-coverage="50% (1/2)"><conditions><condition number="0" type="jump" coverage="50%"/></conditions></line><line number="447" hits="0" branch="false"/><line number="448" hits="0" branch="false"/><line number="450" hits="219" branch="true" condition-coverage="58% (7/12)"><conditions><condition number="0" type="jump" coverage="58%"/></conditions></line><line number="453" hits="218" branch="true" condition-coverage="50% (1/2)"><conditions><condition number="0" type="jump" coverage="50%"/></conditions></line><line number="454" hits="0" branch="false"/><line number="456" hits="219" branch="true" condition-coverage="50% (1/2)"><conditions><condition number="0" type="jump" coverage="50%"/></conditions></line><line number="458" hits="219" branch="true" condition-coverage="50% (1/2)"><conditions><condition number="0" type="jump" coverage="50%"/></conditions></line><line number="462" hits="219" branch="false"/><line number="463" hits="219" branch="false"/><line number="464" hits="219" branch="true" condition-coverage="50% (1/2)"><conditions><condition number="0" type="jump" coverage="50%"/></conditions></line><line number="467" hits="0" branch="false"/><line number="468" hits="0" branch="false"/><line number="471" hits="219" branch="false"/><line number="474" hits="218" branch="false"/><line number="477" hits="218" branch="false"/><line number="478" hits="218" branch="false"/><line number="481" hits="218" branch="false"/><line number="482" hits="218" branch="false"/><line number="483" hits="218" branch="false"/><line number="484" hits="218" branch="false"/><line number="485" hits="218" branch="false"/><line number="489" hits="218" branch="true" condition-coverage="25% (1/4)"><conditions><condition number="0" type="jump" coverage="25%"/></conditions></line><line number="490" hits="0" branch="false"/><line number="493" hits="218" branch="true" condition-coverage="50% (1/2)"><conditions><condition number="0" type="jump" coverage="50%"/></conditions></line><line number="494" hits="0" branch="false"/><line number="497" hits="219" branch="false"/><line number="500" hits="0" branch="false"/><line number="502" hits="0" branch="false"/><line number="503" hits="0" branch="false"/><line number="506" hits="0" branch="false"/><line number="510" hits="0" branch="true" condition-coverage="0% (0/4)"><conditions><condition number="0" type="jump" coverage="0%"/></conditions></line><line number="511" hits="0" branch="false"/><line number="514" hits="0" branch="true" condition-coverage="0% (0/2)"><conditions><condition number="0" type="jump" coverage="0%"/></conditions></line><line number="515" hits="0" branch="false"/><line number="518" hits="0" branch="false"/><line number="532" hits="0" branch="false"/><line number="534" hits="0" branch="true" condition-coverage="0% (0/4)"><conditions><condition number="0" type="jump" coverage="0%"/></conditions></line><line number="535" hits="0" branch="false"/><line number="536" hits="0" branch="true" condition-coverage="0% (0/4)"><conditions><condition number="0" type="jump" coverage="0%"/></conditions></line><line number="537" hits="0" branch="false"/><line number="538" hits="0" branch="true" condition-coverage="0% (0/4)"><conditions><condition number="0" type="jump" coverage="0%"/></conditions></line><line number="539" hits="0" branch="false"/><line number="541" hits="0" branch="false"/><line number="545" hits="0" branch="false"/><line number="547" hits="0" branch="false"/><line number="548" hits="0" branch="false"/><line number="550" hits="0" branch="false"/><line number="553" hits="0" branch="true" condition-coverage="0% (0/9)"><conditions><condition number="0" type="jump" coverage="0%"/></conditions></line><line number="554" hits="0" branch="false"/><line number="555" hits="0" branch="false"/><line number="557" hits="0" branch="true" condition-coverage="0% (0/2)"><conditions><condition number="0" type="jump" coverage="0%"/></conditions></line><line number="558" hits="0" branch="false"/><line number="559" hits="0" branch="true" condition-coverage="0% (0/2)"><conditions><condition number="0" type="jump" coverage="0%"/></conditions></line><line number="560" hits="0" branch="true" condition-coverage="0% (0/2)"><conditions><condition number="0" type="jump" coverage="0%"/></conditions></line><line number="561" hits="0" branch="false"/><line number="562" hits="0" branch="false"/><line number="565" hits="0" branch="true" condition-coverage="0% (0/2)"><conditions><condition number="0" type="jump" coverage="0%"/></conditions></line><line number="566" hits="0" branch="false"/><line number="571" hits="0" branch="false"/><line number="572" hits="0" branch="false"/><line number="573" hits="0" branch="false"/><line number="574" hits="0" branch="false"/><line number="576" hits="0" branch="false"/><line number="578" hits="0" branch="true" condition-coverage="0% (0/2)"><conditions><condition number="0" type="jump" coverage="0%"/></conditions></line><line number="579" hits="0" branch="false"/><line number="580" hits="0" branch="false"/><line number="582" hits="0" branch="false"/><line number="583" hits="0" branch="false"/><line number="585" hits="0" branch="false"/><line number="586" hits="0" branch="false"/><line number="588" hits="0" branch="false"/><line number="590" hits="0" branch="false"/><line number="591" hits="0" branch="true" condition-coverage="0% (0/2)"><conditions><condition number="0" type="jump" coverage="0%"/></conditions></line><line number="592" hits="0" branch="false"/><line number="593" hits="0" branch="true" condition-coverage="0% (0/2)"><conditions><condition number="0" type="jump" coverage="0%"/></conditions></line><line number="594" hits="0" branch="false"/><line number="595" hits="0" branch="true" condition-coverage="0% (0/2)"><conditions><condition number="0" type="jump" coverage="0%"/></conditions></line><line number="596" hits="0" branch="false"/><line number="597" hits="0" branch="false"/><line number="600" hits="0" branch="false"/><line number="601" hits="0" branch="false"/><line number="603" hits="0" branch="false"/><line number="604" hits="0" branch="true" condition-coverage="0% (0/2)"><conditions><condition number="0" type="jump" coverage="0%"/></conditions></line><line number="605" hits="0" branch="false"/><line number="606" hits="0" branch="true" condition-coverage="0% (0/2)"><conditions><condition number="0" type="jump" coverage="0%"/></conditions></line><line number="607" hits="0" branch="false"/><line number="608" hits="0" branch="false"/><line number="610" hits="0" branch="false"/><line number="611" hits="0" branch="true" condition-coverage="0% (0/2)"><conditions><condition number="0" type="jump" coverage="0%"/></conditions></line><line number="612" hits="0" branch="true" condition-coverage="0% (0/2)"><conditions><condition number="0" type="jump" coverage="0%"/></conditions></line><line number="613" hits="0" branch="false"/><line number="614" hits="0" branch="false"/><line number="616" hits="0" branch="false"/><line number="619" hits="0" branch="false"/><line number="621" hits="0" branch="false"/><line number="622" hits="0" branch="false"/><line number="623" hits="0" branch="true" condition-coverage="0% (0/2)"><conditions><condition number="0" type="jump" coverage="0%"/></conditions></line><line number="624" hits="0" branch="true" condition-coverage="0% (0/2)"><conditions><condition number="0" type="jump" coverage="0%"/></conditions></line><line number="625" hits="0" branch="false"/><line number="626" hits="0" branch="false"/><line number="627" hits="0" branch="false"/><line number="628" hits="0" branch="false"/><line number="629" hits="0" branch="false"/><line number="631" hits="0" branch="true" condition-coverage="0% (0/2)"><conditions><condition number="0" type="jump" coverage="0%"/></conditions></line><line number="632" hits="0" branch="false"/><line number="633" hits="0" branch="false"/><line number="634" hits="0" branch="false"/><line number="635" hits="0" branch="false"/><line number="636" hits="0" branch="false"/><line number="639" hits="0" branch="false"/><line number="640" hits="0" branch="true" condition-coverage="0% (0/2)"><conditions><condition number="0" type="jump" coverage="0%"/></conditions></line><line number="641" hits="0" branch="false"/><line number="642" hits="0" branch="true" condition-coverage="0% (0/2)"><conditions><condition number="0" type="jump" coverage="0%"/></conditions></line><line number="643" hits="0" branch="false"/><line number="644" hits="0" branch="false"/><line number="646" hits="0" branch="false"/><line number="647" hits="0" branch="false"/><line number="649" hits="0" branch="false"/><line number="650" hits="0" branch="true" condition-coverage="0% (0/2)"><conditions><condition number="0" type="jump" coverage="0%"/></conditions></line><line number="651" hits="0" branch="false"/><line number="652" hits="0" branch="true" condition-coverage="0% (0/2)"><conditions><condition number="0" type="jump" coverage="0%"/></conditions></line><line number="653" hits="0" branch="false"/><line number="654" hits="0" branch="false"/><line number="656" hits="0" branch="false"/><line number="657" hits="0" branch="false"/><line number="658" hits="0" branch="false"/><line number="659" hits="0" branch="false"/><line number="660" hits="0" branch="false"/><line number="661" hits="0" branch="true" condition-coverage="0% (0/2)"><conditions><condition number="0" type="jump" coverage="0%"/></conditions></line><line number="662" hits="0" branch="false"/><line number="663" hits="0" branch="true" condition-coverage="0% (0/2)"><conditions><condition number="0" type="jump" coverage="0%"/></conditions></line><line number="664" hits="0" branch="false"/><line number="666" hits="0" branch="true" condition-coverage="0% (0/2)"><conditions><condition number="0" type="jump" coverage="0%"/></conditions></line><line number="667" hits="0" branch="false"/><line number="668" hits="0" branch="false"/><line number="670" hits="0" branch="false"/><line number="671" hits="0" branch="false"/><line number="672" hits="0" branch="true" condition-coverage="0% (0/2)"><conditions><condition number="0" type="jump" coverage="0%"/></conditions></line><line number="673" hits="0" branch="false"/><line number="674" hits="0" branch="true" condition-coverage="0% (0/2)"><conditions><condition number="0" type="jump" coverage="0%"/></conditions></line><line number="675" hits="0" branch="false"/><line number="677" hits="0" branch="false"/><line number="678" hits="0" branch="false"/><line number="679" hits="0" branch="false"/><line number="680" hits="0" branch="false"/><line number="681" hits="0" branch="false"/><line number="685" hits="0" branch="false"/><line number="686" hits="0" branch="false"/><line number="687" hits="0" branch="false"/><line number="688" hits="0" branch="true" condition-coverage="0% (0/2)"><conditions><condition number="0" type="jump" coverage="0%"/></conditions></line><line number="689" hits="0" branch="false"/><line number="690" hits="0" branch="false"/><line number="692" hits="0" branch="true" condition-coverage="0% (0/2)"><conditions><condition number="0" type="jump" coverage="0%"/></conditions></line><line number="693" hits="0" branch="false"/><line number="694" hits="0" branch="true" condition-coverage="0% (0/4)"><conditions><condition number="0" type="jump" coverage="0%"/></conditions></line><line number="695" hits="0" branch="false"/><line number="697" hits="0" branch="false"/><line number="700" hits="0" branch="false"/><line number="702" hits="0" branch="false"/></lines></class></classes></package></packages></coverage>